


# Bool
	FALSE = 0
	TRUE = 1
	BLOCKING = 1
	NON_BLOCKING = 0

# ChannelOrder
	NONE = 0

# ChannelType
	NONE = 0

# cl_accelerator_type_intel
	ACCELERATOR_TYPE_MOTION_ESTIMATION_INTEL = 0

# cl_platform_info
	PLATFORM_PROFILE = 900
	PLATFORM_VERSION = 901
	PLATFORM_NAME = 902
	PLATFORM_VENDOR = 903
	PLATFORM_EXTENSIONS = 904
	PLATFORM_HOST_TIMER_RESOLUTION = 905
	PLATFORM_ICD_SUFFIX_KHR = 920

# CommandExecutionStatus
	COMPLETE = 0
	RUNNING = 1
	SUBMITTED = 2
	QUEUED = 3

# CommandQueuePropertyFlags
	QUEUE_OUT_OF_ORDER_EXEC_MODE_ENABLE = 1
	QUEUE_PROFILING_ENABLE = 2
	QUEUE_ON_DEVICE = 4
	QUEUE_ON_DEVICE_DEFAULT = 8
	QUEUE_RESERVED_QCOM = 40000000
	QUEUE_THREAD_LOCAL_EXEC_ENABLE_INTEL = FFFFFFFF80000000

# DeviceInfo
	DEVICE_TYPE = 1000
	DEVICE_VENDOR_ID = 1001
	DEVICE_MAX_COMPUTE_UNITS = 1002
	DEVICE_MAX_WORK_ITEM_DIMENSIONS = 1003
	DEVICE_MAX_WORK_GROUP_SIZE = 1004
	DEVICE_MAX_WORK_ITEM_SIZES = 1005
	DEVICE_PREFERRED_VECTOR_WIDTH_CHAR = 1006
	DEVICE_PREFERRED_VECTOR_WIDTH_SHORT = 1007
	DEVICE_PREFERRED_VECTOR_WIDTH_INT = 1008
	DEVICE_PREFERRED_VECTOR_WIDTH_LONG = 1009
	DEVICE_PREFERRED_VECTOR_WIDTH_FLOAT = 100A
	DEVICE_PREFERRED_VECTOR_WIDTH_DOUBLE = 100B
	DEVICE_MAX_CLOCK_FREQUENCY = 100C
	DEVICE_ADDRESS_BITS = 100D
	DEVICE_MAX_READ_IMAGE_ARGS = 100E
	DEVICE_MAX_WRITE_IMAGE_ARGS = 100F
	DEVICE_MAX_MEM_ALLOC_SIZE = 1010
	DEVICE_IMAGE2D_MAX_WIDTH = 1011
	DEVICE_IMAGE2D_MAX_HEIGHT = 1012
	DEVICE_IMAGE3D_MAX_WIDTH = 1013
	DEVICE_IMAGE3D_MAX_HEIGHT = 1014
	DEVICE_IMAGE3D_MAX_DEPTH = 1015
	DEVICE_IMAGE_SUPPORT = 1016
	DEVICE_MAX_PARAMETER_SIZE = 1017
	DEVICE_MAX_SAMPLERS = 1018
	DEVICE_MEM_BASE_ADDR_ALIGN = 1019
	DEVICE_MIN_DATA_TYPE_ALIGN_SIZE = 101A
	DEVICE_SINGLE_FP_CONFIG = 101B
	DEVICE_GLOBAL_MEM_CACHE_TYPE = 101C
	DEVICE_GLOBAL_MEM_CACHELINE_SIZE = 101D
	DEVICE_GLOBAL_MEM_CACHE_SIZE = 101E
	DEVICE_GLOBAL_MEM_SIZE = 101F
	DEVICE_MAX_CONSTANT_BUFFER_SIZE = 1020
	DEVICE_MAX_CONSTANT_ARGS = 1021
	DEVICE_LOCAL_MEM_TYPE = 1022
	DEVICE_LOCAL_MEM_SIZE = 1023
	DEVICE_ERROR_CORRECTION_SUPPORT = 1024
	DEVICE_PROFILING_TIMER_RESOLUTION = 1025
	DEVICE_ENDIAN_LITTLE = 1026
	DEVICE_AVAILABLE = 1027
	DEVICE_COMPILER_AVAILABLE = 1028
	DEVICE_EXECUTION_CAPABILITIES = 1029
	DEVICE_QUEUE_PROPERTIES = 102A
	DEVICE_QUEUE_ON_HOST_PROPERTIES = 102A
	DEVICE_NAME = 102B
	DEVICE_VENDOR = 102C
	DRIVER_VERSION = 102D
	DEVICE_PROFILE = 102E
	DEVICE_VERSION = 102F
	DEVICE_EXTENSIONS = 1030
	DEVICE_PLATFORM = 1031
	DEVICE_DOUBLE_FP_CONFIG = 1032
	DEVICE_HALF_FP_CONFIG = 1033
	DEVICE_PREFERRED_VECTOR_WIDTH_HALF = 1034
	DEVICE_HOST_UNIFIED_MEMORY = 1035
	DEVICE_NATIVE_VECTOR_WIDTH_CHAR = 1036
	DEVICE_NATIVE_VECTOR_WIDTH_SHORT = 1037
	DEVICE_NATIVE_VECTOR_WIDTH_INT = 1038
	DEVICE_NATIVE_VECTOR_WIDTH_LONG = 1039
	DEVICE_NATIVE_VECTOR_WIDTH_FLOAT = 103A
	DEVICE_NATIVE_VECTOR_WIDTH_DOUBLE = 103B
	DEVICE_NATIVE_VECTOR_WIDTH_HALF = 103C
	DEVICE_OPENCL_C_VERSION = 103D
	DEVICE_LINKER_AVAILABLE = 103E
	DEVICE_BUILT_IN_KERNELS = 103F
	DEVICE_IMAGE_MAX_BUFFER_SIZE = 1040
	DEVICE_IMAGE_MAX_ARRAY_SIZE = 1041
	DEVICE_PARENT_DEVICE = 1042
	DEVICE_PARTITION_MAX_SUB_DEVICES = 1043
	DEVICE_PARTITION_PROPERTIES = 1044
	DEVICE_PARTITION_AFFINITY_DOMAIN = 1045
	DEVICE_PARTITION_TYPE = 1046
	DEVICE_REFERENCE_COUNT = 1047
	DEVICE_PREFERRED_INTEROP_USER_SYNC = 1048
	DEVICE_PRINTF_BUFFER_SIZE = 1049
	DEVICE_IMAGE_PITCH_ALIGNMENT = 104A
	DEVICE_IMAGE_BASE_ADDRESS_ALIGNMENT = 104B
	DEVICE_MAX_READ_WRITE_IMAGE_ARGS = 104C
	DEVICE_MAX_GLOBAL_VARIABLE_SIZE = 104D
	DEVICE_QUEUE_ON_DEVICE_PROPERTIES = 104E
	DEVICE_QUEUE_ON_DEVICE_PREFERRED_SIZE = 104F
	DEVICE_QUEUE_ON_DEVICE_MAX_SIZE = 1050
	DEVICE_MAX_ON_DEVICE_QUEUES = 1051
	DEVICE_MAX_ON_DEVICE_EVENTS = 1052
	DEVICE_SVM_CAPABILITIES = 1053
	DEVICE_GLOBAL_VARIABLE_PREFERRED_TOTAL_SIZE = 1054
	DEVICE_MAX_PIPE_ARGS = 1055
	DEVICE_PIPE_MAX_ACTIVE_RESERVATIONS = 1056
	DEVICE_PIPE_MAX_PACKET_SIZE = 1057
	DEVICE_PREFERRED_PLATFORM_ATOMIC_ALIGNMENT = 1058
	DEVICE_PREFERRED_GLOBAL_ATOMIC_ALIGNMENT = 1059
	DEVICE_PREFERRED_LOCAL_ATOMIC_ALIGNMENT = 105A
	DEVICE_IL_VERSION = 105B
	DEVICE_IL_VERSION_KHR = 105B
	DEVICE_MAX_NUM_SUB_GROUPS = 105C
	DEVICE_SUB_GROUP_INDEPENDENT_FORWARD_PROGRESS = 105D
	CONTEXT_REFERENCE_COUNT = 1080
	CONTEXT_DEVICES = 1081
	CONTEXT_PROPERTIES = 1082
	CONTEXT_NUM_DEVICES = 1083
	CONTEXT_PLATFORM = 1084
	CONTEXT_INTEROP_USER_SYNC = 1085
	DEVICE_PARTITION_EQUALLY = 1086
	DEVICE_PARTITION_BY_COUNTS = 1087
	DEVICE_PARTITION_BY_AFFINITY_DOMAIN = 1088
	QUEUE_CONTEXT = 1090
	QUEUE_DEVICE = 1091
	QUEUE_REFERENCE_COUNT = 1092
	QUEUE_PROPERTIES = 1093
	QUEUE_SIZE = 1094
	QUEUE_DEVICE_DEFAULT = 1095
	QUEUE_PRIORITY_KHR = 1096
	QUEUE_THROTTLE_KHR = 1097
	R = 10B0
	A = 10B1
	RG = 10B2
	RA = 10B3
	RGB = 10B4
	RGBA = 10B5
	BGRA = 10B6
	ARGB = 10B7
	INTENSITY = 10B8
	LUMINANCE = 10B9
	Rx = 10BA
	RGx = 10BB
	RGBx = 10BC
	DEPTH = 10BD
	DEPTH_STENCIL = 10BE
	sRGB = 10BF
	sRGBx = 10C0
	sRGBA = 10C1
	sBGRA = 10C2
	ABGR = 10C3
	SNORM_INT8 = 10D0
	SNORM_INT16 = 10D1
	UNORM_INT8 = 10D2
	UNORM_INT16 = 10D3
	UNORM_SHORT_565 = 10D4
	UNORM_SHORT_555 = 10D5
	UNORM_INT_101010 = 10D6
	SIGNED_INT8 = 10D7
	SIGNED_INT16 = 10D8
	SIGNED_INT32 = 10D9
	UNSIGNED_INT8 = 10DA
	UNSIGNED_INT16 = 10DB
	UNSIGNED_INT32 = 10DC
	HALF_FLOAT = 10DD
	FLOAT = 10DE
	UNORM_INT24 = 10DF
	UNORM_INT_101010_2 = 10E0
	MEM_OBJECT_BUFFER = 10F0
	MEM_OBJECT_IMAGE2D = 10F1
	MEM_OBJECT_IMAGE3D = 10F2
	MEM_OBJECT_IMAGE2D_ARRAY = 10F3
	MEM_OBJECT_IMAGE1D = 10F4
	MEM_OBJECT_IMAGE1D_ARRAY = 10F5
	MEM_OBJECT_IMAGE1D_BUFFER = 10F6
	MEM_OBJECT_PIPE = 10F7
	MEM_TYPE = 1100
	MEM_FLAGS = 1101
	MEM_SIZE = 1102
	MEM_HOST_PTR = 1103
	MEM_MAP_COUNT = 1104
	MEM_REFERENCE_COUNT = 1105
	MEM_CONTEXT = 1106
	MEM_ASSOCIATED_MEMOBJECT = 1107
	MEM_OFFSET = 1108
	MEM_USES_SVM_POINTER = 1109
	IMAGE_FORMAT = 1110
	IMAGE_ELEMENT_SIZE = 1111
	IMAGE_ROW_PITCH = 1112
	IMAGE_SLICE_PITCH = 1113
	IMAGE_WIDTH = 1114
	IMAGE_HEIGHT = 1115
	IMAGE_DEPTH = 1116
	IMAGE_ARRAY_SIZE = 1117
	IMAGE_BUFFER = 1118
	IMAGE_NUM_MIP_LEVELS = 1119
	IMAGE_NUM_SAMPLES = 111A
	PIPE_PACKET_SIZE = 1120
	PIPE_MAX_PACKETS = 1121
	ADDRESS_NONE = 1130
	ADDRESS_CLAMP_TO_EDGE = 1131
	ADDRESS_CLAMP = 1132
	ADDRESS_REPEAT = 1133
	ADDRESS_MIRRORED_REPEAT = 1134
	FILTER_NEAREST = 1140
	FILTER_LINEAR = 1141
	SAMPLER_REFERENCE_COUNT = 1150
	SAMPLER_CONTEXT = 1151
	SAMPLER_NORMALIZED_COORDS = 1152
	SAMPLER_ADDRESSING_MODE = 1153
	SAMPLER_FILTER_MODE = 1154
	SAMPLER_MIP_FILTER_MODE = 1155
	SAMPLER_LOD_MIN = 1156
	SAMPLER_LOD_MAX = 1157
	PROGRAM_REFERENCE_COUNT = 1160
	PROGRAM_CONTEXT = 1161
	PROGRAM_NUM_DEVICES = 1162
	PROGRAM_DEVICES = 1163
	PROGRAM_SOURCE = 1164
	PROGRAM_BINARY_SIZES = 1165
	PROGRAM_BINARIES = 1166
	PROGRAM_NUM_KERNELS = 1167
	PROGRAM_KERNEL_NAMES = 1168
	PROGRAM_IL = 1169
	PROGRAM_IL_KHR = 1169
	PROGRAM_SCOPE_GLOBAL_CTORS_PRESENT = 116A
	PROGRAM_SCOPE_GLOBAL_DTORS_PRESENT = 116B
	PROGRAM_BUILD_STATUS = 1181
	PROGRAM_BUILD_OPTIONS = 1182
	PROGRAM_BUILD_LOG = 1183
	PROGRAM_BINARY_TYPE = 1184
	PROGRAM_BUILD_GLOBAL_VARIABLE_TOTAL_SIZE = 1185
	KERNEL_FUNCTION_NAME = 1190
	KERNEL_NUM_ARGS = 1191
	KERNEL_REFERENCE_COUNT = 1192
	KERNEL_CONTEXT = 1193
	KERNEL_PROGRAM = 1194
	KERNEL_ATTRIBUTES = 1195
	KERNEL_ARG_ADDRESS_QUALIFIER = 1196
	KERNEL_ARG_ACCESS_QUALIFIER = 1197
	KERNEL_ARG_TYPE_NAME = 1198
	KERNEL_ARG_TYPE_QUALIFIER = 1199
	KERNEL_ARG_NAME = 119A
	KERNEL_ARG_ADDRESS_GLOBAL = 119B
	KERNEL_ARG_ADDRESS_LOCAL = 119C
	KERNEL_ARG_ADDRESS_CONSTANT = 119D
	KERNEL_ARG_ADDRESS_PRIVATE = 119E
	KERNEL_ARG_ACCESS_READ_ONLY = 11A0
	KERNEL_ARG_ACCESS_WRITE_ONLY = 11A1
	KERNEL_ARG_ACCESS_READ_WRITE = 11A2
	KERNEL_ARG_ACCESS_NONE = 11A3
	KERNEL_WORK_GROUP_SIZE = 11B0
	KERNEL_COMPILE_WORK_GROUP_SIZE = 11B1
	KERNEL_LOCAL_MEM_SIZE = 11B2
	KERNEL_PREFERRED_WORK_GROUP_SIZE_MULTIPLE = 11B3
	KERNEL_PRIVATE_MEM_SIZE = 11B4
	KERNEL_GLOBAL_WORK_SIZE = 11B5
	KERNEL_EXEC_INFO_SVM_PTRS = 11B6
	KERNEL_EXEC_INFO_SVM_FINE_GRAIN_SYSTEM = 11B7
	KERNEL_LOCAL_SIZE_FOR_SUB_GROUP_COUNT = 11B8
	KERNEL_MAX_NUM_SUB_GROUPS = 11B9
	KERNEL_COMPILE_NUM_SUB_GROUPS = 11BA
	EVENT_COMMAND_QUEUE = 11D0
	EVENT_COMMAND_TYPE = 11D1
	EVENT_REFERENCE_COUNT = 11D2
	EVENT_COMMAND_EXECUTION_STATUS = 11D3
	EVENT_CONTEXT = 11D4
	COMMAND_NDRANGE_KERNEL = 11F0
	COMMAND_TASK = 11F1
	COMMAND_NATIVE_KERNEL = 11F2
	COMMAND_READ_BUFFER = 11F3
	COMMAND_WRITE_BUFFER = 11F4
	COMMAND_COPY_BUFFER = 11F5
	COMMAND_READ_IMAGE = 11F6
	COMMAND_WRITE_IMAGE = 11F7
	COMMAND_COPY_IMAGE = 11F8
	COMMAND_COPY_IMAGE_TO_BUFFER = 11F9
	COMMAND_COPY_BUFFER_TO_IMAGE = 11FA
	COMMAND_MAP_BUFFER = 11FB
	COMMAND_MAP_IMAGE = 11FC
	COMMAND_UNMAP_MEM_OBJECT = 11FD
	COMMAND_MARKER = 11FE
	COMMAND_ACQUIRE_GL_OBJECTS = 11FF
	COMMAND_RELEASE_GL_OBJECTS = 1200
	COMMAND_READ_BUFFER_RECT = 1201
	COMMAND_WRITE_BUFFER_RECT = 1202
	COMMAND_COPY_BUFFER_RECT = 1203
	COMMAND_USER = 1204
	COMMAND_BARRIER = 1205
	COMMAND_MIGRATE_MEM_OBJECTS = 1206
	COMMAND_FILL_BUFFER = 1207
	COMMAND_FILL_IMAGE = 1208
	COMMAND_SVM_FREE = 1209
	COMMAND_SVM_MEMCPY = 120A
	COMMAND_SVM_MEMFILL = 120B
	COMMAND_SVM_MAP = 120C
	COMMAND_SVM_UNMAP = 120D
	BUFFER_CREATE_TYPE_REGION = 1220
	PROFILING_COMMAND_QUEUED = 1280
	PROFILING_COMMAND_SUBMIT = 1281
	PROFILING_COMMAND_START = 1282
	PROFILING_COMMAND_END = 1283
	PROFILING_COMMAND_COMPLETE = 1284

# DeviceTypeFlags
	DEVICE_TYPE_DEFAULT = 1
	DEVICE_TYPE_CPU = 2
	DEVICE_TYPE_GPU = 4
	DEVICE_TYPE_ACCELERATOR = 8
	DEVICE_TYPE_CUSTOM = 10
	DEVICE_TYPE_ALL = FFFFFFFF

# ErrorCode
	SUCCESS = 0
	DEVICE_NOT_FOUND = FFFFFFFFFFFFFFFF
	DEVICE_NOT_AVAILABLE = FFFFFFFFFFFFFFFE
	COMPILER_NOT_AVAILABLE = FFFFFFFFFFFFFFFD
	MEM_OBJECT_ALLOCATION_FAILURE = FFFFFFFFFFFFFFFC
	OUT_OF_RESOURCES = FFFFFFFFFFFFFFFB
	OUT_OF_HOST_MEMORY = FFFFFFFFFFFFFFFA
	PROFILING_INFO_NOT_AVAILABLE = FFFFFFFFFFFFFFF9
	MEM_COPY_OVERLAP = FFFFFFFFFFFFFFF8
	IMAGE_FORMAT_MISMATCH = FFFFFFFFFFFFFFF7
	IMAGE_FORMAT_NOT_SUPPORTED = FFFFFFFFFFFFFFF6
	BUILD_PROGRAM_FAILURE = FFFFFFFFFFFFFFF5
	MAP_FAILURE = FFFFFFFFFFFFFFF4
	MISALIGNED_SUB_BUFFER_OFFSET = FFFFFFFFFFFFFFF3
	EXEC_STATUS_ERROR_FOR_EVENTS_IN_WAIT_LIST = FFFFFFFFFFFFFFF2
	COMPILE_PROGRAM_FAILURE = FFFFFFFFFFFFFFF1
	LINKER_NOT_AVAILABLE = FFFFFFFFFFFFFFF0
	LINK_PROGRAM_FAILURE = FFFFFFFFFFFFFFEF
	DEVICE_PARTITION_FAILED = FFFFFFFFFFFFFFEE
	KERNEL_ARG_INFO_NOT_AVAILABLE = FFFFFFFFFFFFFFED
	INVALID_VALUE = FFFFFFFFFFFFFFE2
	INVALID_DEVICE_TYPE = FFFFFFFFFFFFFFE1
	INVALID_PLATFORM = FFFFFFFFFFFFFFE0
	INVALID_DEVICE = FFFFFFFFFFFFFFDF
	INVALID_CONTEXT = FFFFFFFFFFFFFFDE
	INVALID_QUEUE_PROPERTIES = FFFFFFFFFFFFFFDD
	INVALID_COMMAND_QUEUE = FFFFFFFFFFFFFFDC
	INVALID_HOST_PTR = FFFFFFFFFFFFFFDB
	INVALID_MEM_OBJECT = FFFFFFFFFFFFFFDA
	INVALID_IMAGE_FORMAT_DESCRIPTOR = FFFFFFFFFFFFFFD9
	INVALID_IMAGE_SIZE = FFFFFFFFFFFFFFD8
	INVALID_SAMPLER = FFFFFFFFFFFFFFD7
	INVALID_BINARY = FFFFFFFFFFFFFFD6
	INVALID_BUILD_OPTIONS = FFFFFFFFFFFFFFD5
	INVALID_PROGRAM = FFFFFFFFFFFFFFD4
	INVALID_PROGRAM_EXECUTABLE = FFFFFFFFFFFFFFD3
	INVALID_KERNEL_NAME = FFFFFFFFFFFFFFD2
	INVALID_KERNEL_DEFINITION = FFFFFFFFFFFFFFD1
	INVALID_KERNEL = FFFFFFFFFFFFFFD0
	INVALID_ARG_INDEX = FFFFFFFFFFFFFFCF
	INVALID_ARG_VALUE = FFFFFFFFFFFFFFCE
	INVALID_ARG_SIZE = FFFFFFFFFFFFFFCD
	INVALID_KERNEL_ARGS = FFFFFFFFFFFFFFCC
	INVALID_WORK_DIMENSION = FFFFFFFFFFFFFFCB
	INVALID_WORK_GROUP_SIZE = FFFFFFFFFFFFFFCA
	INVALID_WORK_ITEM_SIZE = FFFFFFFFFFFFFFC9
	INVALID_GLOBAL_OFFSET = FFFFFFFFFFFFFFC8
	INVALID_EVENT_WAIT_LIST = FFFFFFFFFFFFFFC7
	INVALID_EVENT = FFFFFFFFFFFFFFC6
	INVALID_OPERATION = FFFFFFFFFFFFFFC5
	INVALID_GL_OBJECT = FFFFFFFFFFFFFFC4
	INVALID_BUFFER_SIZE = FFFFFFFFFFFFFFC3
	INVALID_MIP_LEVEL = FFFFFFFFFFFFFFC2
	INVALID_GLOBAL_WORK_SIZE = FFFFFFFFFFFFFFC1
	INVALID_PROPERTY = FFFFFFFFFFFFFFC0
	INVALID_IMAGE_DESCRIPTOR = FFFFFFFFFFFFFFBF
	INVALID_COMPILER_OPTIONS = FFFFFFFFFFFFFFBE
	INVALID_LINKER_OPTIONS = FFFFFFFFFFFFFFBD
	INVALID_DEVICE_PARTITION_COUNT = FFFFFFFFFFFFFFBC
	INVALID_PIPE_SIZE = FFFFFFFFFFFFFFBB
	INVALID_DEVICE_QUEUE = FFFFFFFFFFFFFFBA
	INVALID_SPEC_ID = FFFFFFF