


# ::1NoParam

# ::1NoParamResult
!ppt
Result: UIntPtr
!ffo
1
	UIntPtr |

# ::2ParamString
!ppt
s: IntPtr
!ffo
1
	IntPtr |
	------ |
	s      |

# ::2ParamStringRO
!ppt
s: string const / IntPtr const
!ffo
2
	string const |
	IntPtr const |
	------------ |
	s            |

# ::3ResultString
!ppt
Result: string
!ffo
1
	string |

# ::3ResultStringRO
!ppt
Result: string const
!ffo
1
	string const |

# ::4Generic
!ppt
data: array of T / var T / pointer
!ffo
3
	array of T |
	var T      |
	pointer    |
	---------- |
	data       |

# ::4GenericRO
!ppt
data: array of T const / var T const / pointer const
!ffo
3
	array of T const |
	var T const      |
	pointer const    |
	---------------- |
	data             |

# ::4GenericWOVarArg
!ppt
data: array of T / pointer
!ffo
2
	array of T |
	pointer    |
	---------- |
	data       |

# ::4GenericWOVarArgRO
!ppt
data: array of T const / pointer const
!ffo
2
	array of T const |
	pointer const    |
	---------------- |
	data             |

# ::5Arrrrrray
!ppt
a: array of array of array of array of array of UIntPtr const / array of array of array of array of IntPtr const / array of array of array of IntPtr const / array of array of IntPtr const / var IntPtr const / pointer const
!ffo
6
	array of array of array of array of array of UIntPtr const |
	array of array of array of array of IntPtr const           |
	array of array of array of IntPtr const                    |
	array of array of IntPtr const                             |
	var IntPtr const                                           |
	pointer const                                              |
	---------------------------------------------------------- |
	a                                                          |

# ::5ArrrrrrayOfGeneric
!ppt
a: array of array of array of array of array of T const / array of array of array of array of IntPtr const / array of array of array of IntPtr const / array of array of IntPtr const / var IntPtr const / pointer const
!ffo
6
	array of array of array of array of array of T const |
	array of array of array of array of IntPtr const     |
	array of array of array of IntPtr const              |
	array of array of IntPtr const                       |
	var IntPtr const                                     |
	pointer const                                        |
	---------------------------------------------------- |
	a                                                    |

# ::5ArrrrrrayOfString
!ppt
s: array of array of array of array of string const / array of array of array of array of IntPtr const / array of array of array of IntPtr const / array of array of IntPtr const / var IntPtr const / pointer const
!ffo
6
	array of array of array of array of string const |
	array of array of array of array of IntPtr const |
	array of array of array of IntPtr const          |
	array of array of IntPtr const                   |
	var IntPtr const                                 |
	pointer const                                    |
	------------------------------------------------ |
	s                                                |

# ::6Mix
!ppt
Result: string
s1:     IntPtr
s2:     string const / IntPtr const
gen:    array of T / var T / pointer
gen_ro: array of T2 const / var T2 const / pointer const
!ffo
10
	string | IntPtr | string const | array of T | array of T2 const |
	string | IntPtr | IntPtr const | array of T | array of T2 const |
	string | IntPtr | string const | var T      | var T2 const      |
	string | IntPtr | string const | var T      | pointer const     |
	string | IntPtr | string const | pointer    | var T2 const      |
	string | IntPtr | string const | pointer    | pointer const     |
	string | IntPtr | IntPtr const | var T      | var T2 const      |
	string | IntPtr | IntPtr const | var T      | pointer const     |
	string | IntPtr | IntPtr const | pointer    | var T2 const      |
	string | IntPtr | IntPtr const | pointer    | pointer const     |
	------ | ------ | ------------ | ---------- | ----------------- |
	       | s1     | s2           | gen        | gen_ro            |

# ::7EnumToType
!ppt
choise:             Multichoise1
inp_value_size:     UIntPtr
inp_value:          pointer const
otp_value_size:     UIntPtr
otp_value:          pointer
otp_value_size_ret: var UIntPtr / IntPtr
!ffo
17
	Multichoise1                        | UIntPtr        | var TInp const         | UIntPtr        | var T                   | var UIntPtr        |
	Multichoise1                        | UIntPtr        | var TInp const         | UIntPtr        | var T                   | IntPtr             |
	Multichoise1                        | UIntPtr        | var TInp const         | UIntPtr        | pointer                 | var UIntPtr        |
	Multichoise1                        | UIntPtr        | var TInp const         | UIntPtr        | pointer                 | IntPtr             |
	Multichoise1                        | UIntPtr        | pointer const          | UIntPtr        | var T                   | var UIntPtr        |
	Multichoise1                        | UIntPtr        | pointer const          | UIntPtr        | var T                   | IntPtr             |
	Multichoise1                        | UIntPtr        | pointer const          | UIntPtr        | pointer                 | var UIntPtr        |
	Multichoise1                        | UIntPtr        | pointer const          | UIntPtr        | pointer                 | IntPtr             |
	Multichoise1.Choise1_1_InpFlat      | *              | UIntPtr const          | *              | var string              | *                  |
	Multichoise1.Choise1_2_InpArr       | *              | array of UIntPtr const | *              | var string              | *                  |
	Multichoise1.Choise1_2_InpArr       | UInt32         | var UIntPtr const      | *              | var string              | *                  |
	Multichoise1.Choise1_3_OtpFlat      | *              | *                      | *              | var UIntPtr             | *                  |
	Multichoise1.Choise1_4_OtpArr       | *              | *                      | *              | var array of UIntPtr    | *                  |
	Multichoise1.Choise1_4_OtpArr       | *              | *                      | UInt32         | var UIntPtr             | *                  |
	Multichoise1.Choise1_5_OtpStaticArr | *              | *                      | *              | var array[3] of UIntPtr | *                  |
	Multichoise1.Choise1_5_OtpStaticArr | *              | *                      | UInt32         | var UIntPtr[3]          | *                  |
	Multichoise1.Choise1_6_OtpString    | *              | *                      | *              | var string              | *                  |
	----------------------------------- | -------------- | ---------------------- | -------------- | ----------------------- | ------------------ |
	choise                              | inp_value_size | inp_value              | otp_value_size | otp_value               | otp_value_size_ret |

# ::7EnumToTypeInputOnly
!ppt
choise:         Multichoise2
inp_value_size: UIntPtr
inp_value:      pointer const
!ffo
5
	Multichoise2                   | UIntPtr        | var TInp const         |
	Multichoise2.Choise2_1_InpFlat | *              | UIntPtr const          |
	Multichoise2.Choise2_2_InpArr  | *              | array of UIntPtr const |
	Multichoise2.Choise2_2_InpArr  | UInt32         | var UIntPtr const      |
	Multichoise2                   | UIntPtr        | pointer const          |
	------------------------------ | -------------- | ---------------------- |
	choise                         | inp_value_size | inp_value              |


