


# 1.0
	Enum [::Choise1_1_InpFlat]
	Enum [::Choise2_1_InpFlat]
	Enum [::Choise1_2_InpArr]
	Enum [::Choise2_2_InpArr]
	Enum [::Choise1_3_OtpFlat]
	Enum [::Choise1_4_OtpArr]
	Enum [::Choise1_5_OtpStaticArr]
	Enum [::Choise1_6_OtpString]
	Func [::f1NoParam]
	Func [::f1NoParamResult]
	Func [::f2ParamString]
	Func [::f2ParamStringRO]
	Func [::f3ResultString]
	Func [::f3ResultStringRO]
	Func [::f4Generic]
	Func [::f4GenericRO]
	Func [::f4GenericWOVarArg]
	Func [::f4GenericWOVarArgRO]
	Func [::f5Arrrrrray]
	Func [::f5ArrrrrrayOfGeneric]
	Func [::f5ArrrrrrayOfString]
	Func [::f6Mix]
	Func [::f7EnumToType]
	Func [::f7EnumToTypeInputOnly]


