


# 1.0
	Enum [::Choise1_1_InpFlat]
	Enum [::Choise2_1_InpFlat]
	Enum [::Choise1_2_InpArr]
	Enum [::Choise2_2_InpArr]
	Enum [::Choise1_3_OtpFlat]
	Enum [::Choise1_4_OtpArr]
	Enum [::Choise1_5_OtpStaticArr]
	Func [::1NoParam]
	Func [::1NoParamResult]
	Func [::2ParamString]
	Func [::2ParamStringRO]
	Func [::3ResultString]
	Func [::3ResultStringRO]
	Func [::4Generic]
	Func [::4GenericRO]
	Func [::4GenericWOVarArg]
	Func [::4GenericWOVarArgRO]
	Func [::5Arrrrrray]
	Func [::5ArrrrrrayOfGeneric]
	Func [::5ArrrrrrayOfString]
	Func [::6Mix]
	Func [::7EnumToType]
	Func [::7EnumToTypeInputOnly]


