Executing selected stages:
Reference + Release
Start packing
=================================== References ===================================
Compiling "Packing\Reference\ReferencePacker.pas"
Compiling: OK
Runing ReferencePacker
ReferencePacker: Packing reference "Гайд по использованию OpenGL и OpenCL"
ReferencePacker: Done packing feference "Гайд по использованию OpenGL и OpenCL"
ReferencePacker: Packing reference "Справка OpenGLABC"
ReferencePacker: Done packing feference "Справка OpenGLABC"
ReferencePacker: Packing reference "Справка OpenCLABC"
ReferencePacker: Done packing feference "Справка OpenCLABC"
Finished runing ReferencePacker
===================================== Release ====================================
~~~~~~~~~~~~~~~~~~~~~~~~~~~~~~~~~ Copying modules ~~~~~~~~~~~~~~~~~~~~~~~~~~~~~~~~
Packing Modules.Packed\OpenCL.pas
Packing Modules.Packed\OpenCLABC.pas
Packing Modules.Packed\OpenGL.pas
Packing Modules.Packed\OpenGLABC.pas
Done copying release modules
~~~~~~~~~~~~~~~~~~~~~~~~~~~~~~~~~ Copying samples ~~~~~~~~~~~~~~~~~~~~~~~~~~~~~~~~
Packing sample file "Samples\OpenCL\MatrMlt.cl"
Packing sample file "Samples\OpenCL\MatrMlt.pas"
Packing sample file "Samples\OpenCL\SimpleAddition.cl"
Packing sample file "Samples\OpenCL\SimpleAddition.pas"
Packing sample file "Samples\OpenCLABC\0Простейшие примеры\MatrMlt.cl"
Packing sample file "Samples\OpenCLABC\0Простейшие примеры\MatrMlt.pas"
Packing sample file "Samples\OpenCLABC\0Простейшие примеры\SimpleAddition.cl"
Packing sample file "Samples\OpenCLABC\0Простейшие примеры\SimpleAddition.pas"
Packing sample file "Samples\OpenCLABC\Wait очереди\1.pas"
Packing sample file "Samples\OpenCLABC\Wait очереди\2.pas"
Packing sample file "Samples\OpenCLABC\Wait очереди\NamedQData.pas"
Packing sample file "Samples\OpenCLABC\Игра жизнь\Игра жизнь.cl"
Packing sample file "Samples\OpenCLABC\Игра жизнь\Игра жизнь.pas"
Packing sample file "Samples\OpenCLABC\Кеширование CLProgramCode\0.cl"
Packing sample file "Samples\OpenCLABC\Кеширование CLProgramCode\SimpleAddition но с кешем.pas"
Packing sample file "Samples\OpenGLABC\Common.pas"
Packing sample file "Samples\OpenGLABC\!Крутящийся треугольник\Крутящийся треугольник.pas"
Packing sample file "Samples\OpenGLABC\!Крутящийся треугольник\Крутящийся треугольник.vert"
Packing sample file "Samples\OpenGLABC\Точки на поле\Empty.vert"
Packing sample file "Samples\OpenGLABC\Точки на поле\Mandelbrot.frag"
Packing sample file "Samples\OpenGLABC\Точки на поле\SinglePointToScreen.geom"
Packing sample file "Samples\OpenGLABC\Точки на поле\Волны.frag"
Packing sample file "Samples\OpenGLABC\Точки на поле\Минимум расстояний.frag"
Packing sample file "Samples\OpenGLABC\Точки на поле\Спирали.frag"
Packing sample file "Samples\OpenGLABC\Точки на поле\Сумма расстояний.frag"
Packing sample file "Samples\OpenGLABC\Точки на поле\Точки.pas"
Packed 26 sample files
Done packing
