Executing default stages:
Spec + OpenCL + OpenCLABC + OpenGL + OpenGLABC + Compile + Test + Release
Start packing
====================================== Specs =====================================
Compiling "Packing\Spec\SpecPacker.pas"
Finished compiling: OK
Runing SpecPacker
SpecPacker: Packing spec "Гайд по использованию OpenGL и OpenCL"
SpecPacker: Done packing spec "Гайд по использованию OpenGL и OpenCL"
SpecPacker: Packing spec "Справка OpenGLABC"
SpecPacker: Done packing spec "Справка OpenGLABC"
SpecPacker: Packing spec "Справка OpenCLABC"
SpecPacker: Done packing spec "Справка OpenCLABC"
Finished runing SpecPacker
===================================== OpenCL =====================================
Compiling "Packing\Template\Pack Template.pas"
Finished compiling: OK
Runing Template[OpenCL]
Template[OpenCL]: Compiling "Packing\Template\OpenCL\Pack NameRecords.pas"
Template[OpenCL]: Finished compiling: OK
Template[OpenCL]: Runing TemplateCommand[OpenCL\Pack NameRecords.exe]
Template[OpenCL]: Finished runing TemplateCommand[OpenCL\Pack NameRecords.exe]
Template[OpenCL]: Compiling "Packing\Template\OpenCL\Pack Most.pas"
Template[OpenCL]: Finished compiling: OK
Template[OpenCL]: Runing TemplateCommand[OpenCL\Pack Most.exe]
Template[OpenCL]: TemplateCommand[OpenCL\Pack Most.exe]: Reading .bin
Template[OpenCL]: TemplateCommand[OpenCL\Pack Most.exe]: Fixing all
Template[OpenCL]: TemplateCommand[OpenCL\Pack Most.exe]: Constructing records code
Template[OpenCL]: TemplateCommand[OpenCL\Pack Most.exe]: Constructing enums code
Template[OpenCL]: TemplateCommand[OpenCL\Pack Most.exe]: Constructing funcs code
Template[OpenCL]: TemplateCommand[OpenCL\Pack Most.exe]: WARNING: Too many (27) overloads of func [clCreateImageWithProperties]
Template[OpenCL]: TemplateCommand[OpenCL\Pack Most.exe]: WARNING: Too many (32) overloads of func [clGetDeviceInfo]
Template[OpenCL]: TemplateCommand[OpenCL\Pack Most.exe]: WARNING: Too many (27) overloads of func [clEnqueueAcquireD3D10ObjectsKHR]
Template[OpenCL]: TemplateCommand[OpenCL\Pack Most.exe]: WARNING: Too many (27) overloads of func [clEnqueueReleaseD3D10ObjectsKHR]
Template[OpenCL]: TemplateCommand[OpenCL\Pack Most.exe]: WARNING: Too many (27) overloads of func [clEnqueueAcquireD3D11ObjectsKHR]
Template[OpenCL]: TemplateCommand[OpenCL\Pack Most.exe]: WARNING: Too many (27) overloads of func [clEnqueueReleaseD3D11ObjectsKHR]
Template[OpenCL]: TemplateCommand[OpenCL\Pack Most.exe]: WARNING: Too many (27) overloads of func [clGetDeviceIDsFromDX9MediaAdapterKHR]
Template[OpenCL]: TemplateCommand[OpenCL\Pack Most.exe]: WARNING: Too many (27) overloads of func [clEnqueueAcquireDX9MediaSurfacesKHR]
Template[OpenCL]: TemplateCommand[OpenCL\Pack Most.exe]: WARNING: Too many (27) overloads of func [clEnqueueReleaseDX9MediaSurfacesKHR]
Template[OpenCL]: TemplateCommand[OpenCL\Pack Most.exe]: WARNING: Too many (27) overloads of func [clEnqueueAcquireEGLObjectsKHR]
Template[OpenCL]: TemplateCommand[OpenCL\Pack Most.exe]: WARNING: Too many (27) overloads of func [clEnqueueReleaseEGLObjectsKHR]
Template[OpenCL]: TemplateCommand[OpenCL\Pack Most.exe]: WARNING: Too many (27) overloads of func [clCreateSubDevicesEXT]
Template[OpenCL]: TemplateCommand[OpenCL\Pack Most.exe]: WARNING: Too many (27) overloads of func [clEnqueueMigrateMemObjectEXT]
Template[OpenCL]: TemplateCommand[OpenCL\Pack Most.exe]: WARNING: Too many (27) overloads of func [clEnqueueAcquireGrallocObjectsIMG]
Template[OpenCL]: TemplateCommand[OpenCL\Pack Most.exe]: WARNING: Too many (27) overloads of func [clEnqueueReleaseGrallocObjectsIMG]
Template[OpenCL]: TemplateCommand[OpenCL\Pack Most.exe]: WARNING: Too many (27) overloads of func [clEnqueueAcquireVA_APIMediaSurfacesINTEL]
Template[OpenCL]: TemplateCommand[OpenCL\Pack Most.exe]: WARNING: Too many (27) overloads of func [clEnqueueReleaseVA_APIMediaSurfacesINTEL]
Template[OpenCL]: TemplateCommand[OpenCL\Pack Most.exe]: WARNING: Too many (27) overloads of func [clEnqueueAcquireDX9ObjectsINTEL]
Template[OpenCL]: TemplateCommand[OpenCL\Pack Most.exe]: WARNING: Too many (27) overloads of func [clEnqueueReleaseDX9ObjectsINTEL]
Template[OpenCL]: TemplateCommand[OpenCL\Pack Most.exe]: WARNING: Too many (27) overloads of func [clEnqueueAcquireGLObjects]
Template[OpenCL]: TemplateCommand[OpenCL\Pack Most.exe]: WARNING: Too many (27) overloads of func [clEnqueueReleaseGLObjects]
Template[OpenCL]: Finished runing TemplateCommand[OpenCL\Pack Most.exe]
Finished runing Template[OpenCL]
==================================== OpenCLABC ===================================
Runing Template[OpenCLABC]
Template[OpenCLABC]: Compiling "Packing\Template\OpenCLABC\CombineQueues.pas"
Template[OpenCLABC]: Finished compiling: OK
Template[OpenCLABC]: Runing TemplateCommand[OpenCLABC\CombineQueues.exe]
Template[OpenCLABC]: Finished runing TemplateCommand[OpenCLABC\CombineQueues.exe]
Finished runing Template[OpenCLABC]
Runing Template[OpenCLABCBase]
Template[OpenCLABCBase]: Compiling "Packing\Template\OpenCLABC\PropGen.pas"
Template[OpenCLABCBase]: Finished compiling: OK
Template[OpenCLABCBase]: Runing TemplateCommand[OpenCLABC\PropGen.exe]
Template[OpenCLABCBase]: TemplateCommand[OpenCLABC\PropGen.exe]: Packed props for [Context]
Template[OpenCLABCBase]: TemplateCommand[OpenCLABC\PropGen.exe]: Packed props for [Device]
Template[OpenCLABCBase]: TemplateCommand[OpenCLABC\PropGen.exe]: Packed props for [Kernel]
Template[OpenCLABCBase]: TemplateCommand[OpenCLABC\PropGen.exe]: Packed props for [Mem]
Template[OpenCLABCBase]: TemplateCommand[OpenCLABC\PropGen.exe]: Packed props for [Platform]
Template[OpenCLABCBase]: TemplateCommand[OpenCLABC\PropGen.exe]: Packed props for [Program]
Template[OpenCLABCBase]: Finished runing TemplateCommand[OpenCLABC\PropGen.exe]
Template[OpenCLABCBase]: Compiling "Packing\Template\OpenCLABC\MethodGen.pas"
Template[OpenCLABCBase]: Finished compiling: OK
Template[OpenCLABCBase]: Runing TemplateCommand[OpenCLABC\MethodGen.exe]
Template[OpenCLABCBase]: TemplateCommand[OpenCLABC\MethodGen.exe]: Packed methods for [Buffer]
Template[OpenCLABCBase]: TemplateCommand[OpenCLABC\MethodGen.exe]: Packed methods for [Kernel]
Template[OpenCLABCBase]: Finished runing TemplateCommand[OpenCLABC\MethodGen.exe]
Template[OpenCLABCBase]: Compiling "Packing\Template\OpenCLABC\GetMethodGen.pas"
Template[OpenCLABCBase]: Finished compiling: OK
Template[OpenCLABCBase]: Runing TemplateCommand[OpenCLABC\GetMethodGen.exe]
Template[OpenCLABCBase]: TemplateCommand[OpenCLABC\GetMethodGen.exe]: Packed .Get methods for [Buffer]
Template[OpenCLABCBase]: Finished runing TemplateCommand[OpenCLABC\GetMethodGen.exe]
Template[OpenCLABCBase]: Compiling "Packing\Template\OpenCLABC\ConvQueueStaticArray.pas"
Template[OpenCLABCBase]: Finished compiling: OK
Template[OpenCLABCBase]: Runing TemplateCommand[OpenCLABC\ConvQueueStaticArray.exe]
Template[OpenCLABCBase]: Finished runing TemplateCommand[OpenCLABC\ConvQueueStaticArray.exe]
Finished runing Template[OpenCLABCBase]
Compiling "Packing\Doc\PackComments.pas"
Finished compiling: OK
Runing Comments[OpenCLABC]
Finished runing Comments[OpenCLABC]
===================================== OpenGL =====================================
Runing Template[OpenGL]
Template[OpenGL]: Compiling "Packing\Template\OpenGL\Pack NameRecords.pas"
Template[OpenGL]: Finished compiling: OK
Template[OpenGL]: Runing TemplateCommand[OpenGL\Pack NameRecords.exe]
Template[OpenGL]: Finished runing TemplateCommand[OpenGL\Pack NameRecords.exe]
Template[OpenGL]: Compiling "Packing\Template\OpenGL\Pack Most.pas"
Template[OpenGL]: Finished compiling: OK
Template[OpenGL]: Runing TemplateCommand[OpenGL\Pack Most.exe]
Template[OpenGL]: TemplateCommand[OpenGL\Pack Most.exe]: Reading .bin
Template[OpenGL]: TemplateCommand[OpenGL\Pack Most.exe]: Fixing all
Template[OpenGL]: TemplateCommand[OpenGL\Pack Most.exe]: Constructing records code
Template[OpenGL]: TemplateCommand[OpenGL\Pack Most.exe]: Constructing enums code
Template[OpenGL]: TemplateCommand[OpenGL\Pack Most.exe]: Constructing funcs code
Template[OpenGL]: TemplateCommand[OpenGL\Pack Most.exe]: WARNING: Func [glBindBufferRange] was added in versions [3.0] and [3.1]
Template[OpenGL]: TemplateCommand[OpenGL\Pack Most.exe]: WARNING: Func [glBindBufferBase] was added in versions [3.0] and [3.1]
Template[OpenGL]: TemplateCommand[OpenGL\Pack Most.exe]: WARNING: Func [glGetIntegeri_v] was added in versions [3.0] and [3.1]
Template[OpenGL]: TemplateCommand[OpenGL\Pack Most.exe]: WARNING: Func [glProgramParameteri] was added in versions [4.1] and [4.1]
Template[OpenGL]: TemplateCommand[OpenGL\Pack Most.exe]: WARNING: Too many (27) overloads of func [glBindBuffersRange]
Template[OpenGL]: TemplateCommand[OpenGL\Pack Most.exe]: WARNING: Too many (27) overloads of func [glBindVertexBuffers]
Template[OpenGL]: TemplateCommand[OpenGL\Pack Most.exe]: WARNING: Too many (27) overloads of func [glGetActiveAttrib]
Template[OpenGL]: TemplateCommand[OpenGL\Pack Most.exe]: WARNING: Too many (27) overloads of func [glGetActiveUniform]
Template[OpenGL]: TemplateCommand[OpenGL\Pack Most.exe]: WARNING: Too many (27) overloads of func [glGetProgramResourceiv]
Template[OpenGL]: TemplateCommand[OpenGL\Pack Most.exe]: WARNING: Too many (27) overloads of func [glGetTransformFeedbackVarying]
Template[OpenGL]: TemplateCommand[OpenGL\Pack Most.exe]: WARNING: Too many (27) overloads of func [glMultiDrawElementsBaseVertex]
Template[OpenGL]: TemplateCommand[OpenGL\Pack Most.exe]: WARNING: Too many (27) overloads of func [glVertexArrayVertexBuffers]
Template[OpenGL]: TemplateCommand[OpenGL\Pack Most.exe]: WARNING: Too many (27) overloads of func [glGetPerfMonitorCountersAMD]
Template[OpenGL]: TemplateCommand[OpenGL\Pack Most.exe]: WARNING: Too many (27) overloads of func [glVertexArrayVertexBuffers]
Template[OpenGL]: TemplateCommand[OpenGL\Pack Most.exe]: WARNING: Too many (27) overloads of func [glMultiDrawElementsBaseVertex]
Template[OpenGL]: TemplateCommand[OpenGL\Pack Most.exe]: WARNING: Too many (27) overloads of func [glBindBuffersRange]
Template[OpenGL]: TemplateCommand[OpenGL\Pack Most.exe]: WARNING: Too many (27) overloads of func [glBindVertexBuffers]
Template[OpenGL]: TemplateCommand[OpenGL\Pack Most.exe]: WARNING: Too many (27) overloads of func [glGetProgramResourceiv]
Template[OpenGL]: TemplateCommand[OpenGL\Pack Most.exe]: WARNING: Too many (27) overloads of func [glGetActiveUniformARB]
Template[OpenGL]: TemplateCommand[OpenGL\Pack Most.exe]: WARNING: Too many (27) overloads of func [glGetActiveAttribARB]
Template[OpenGL]: TemplateCommand[OpenGL\Pack Most.exe]: WARNING: Too many (27) overloads of func [glWaitSemaphoreEXT]
Template[OpenGL]: TemplateCommand[OpenGL\Pack Most.exe]: WARNING: Too many (27) overloads of func [glSignalSemaphoreEXT]
Template[OpenGL]: TemplateCommand[OpenGL\Pack Most.exe]: WARNING: Too many (27) overloads of func [glGetTransformFeedbackVaryingEXT]
Template[OpenGL]: TemplateCommand[OpenGL\Pack Most.exe]: WARNING: Too many (27) overloads of func [glMultiModeDrawArraysIBM]
Template[OpenGL]: TemplateCommand[OpenGL\Pack Most.exe]: WARNING: Too many (27) overloads of func [glMultiModeDrawElementsIBM]
Template[OpenGL]: TemplateCommand[OpenGL\Pack Most.exe]: WARNING: Too many (81) overloads of func [glDrawCommandsStatesNV]
Template[OpenGL]: TemplateCommand[OpenGL\Pack Most.exe]: WARNING: Too many (81) overloads of func [glDrawCommandsStatesAddressNV]
Template[OpenGL]: TemplateCommand[OpenGL\Pack Most.exe]: WARNING: Too many (81) overloads of func [glListDrawCommandsStatesClientNV]
Template[OpenGL]: TemplateCommand[OpenGL\Pack Most.exe]: WARNING: Too many (81) overloads of func [glAsyncCopyBufferSubDataNVX]
Template[OpenGL]: TemplateCommand[OpenGL\Pack Most.exe]: WARNING: Too many (81) overloads of func [glAsyncCopyImageSubDataNVX]
Template[OpenGL]: TemplateCommand[OpenGL\Pack Most.exe]: WARNING: Too many (81) overloads of func [glPointAlongPathNV]
Template[OpenGL]: TemplateCommand[OpenGL\Pack Most.exe]: WARNING: Too many (27) overloads of func [glGetProgramResourcefvNV]
Template[OpenGL]: TemplateCommand[OpenGL\Pack Most.exe]: WARNING: Too many (27) overloads of func [glGetActiveVaryingNV]
Template[OpenGL]: TemplateCommand[OpenGL\Pack Most.exe]: WARNING: Too many (81) overloads of func [wglChoosePixelFormatARB]
Template[OpenGL]: TemplateCommand[OpenGL\Pack Most.exe]: WARNING: Too many (81) overloads of func [wglChoosePixelFormatEXT]
Template[OpenGL]: TemplateCommand[OpenGL\Pack Most.exe]: WARNING: Too many (27) overloads of func [wglGetGammaTableI3D]
Template[OpenGL]: TemplateCommand[OpenGL\Pack Most.exe]: WARNING: Too many (27) overloads of func [wglSetGammaTableI3D]
Template[OpenGL]: TemplateCommand[OpenGL\Pack Most.exe]: WARNING: Too many (27) overloads of func [wglAssociateImageBufferEventsI3D]
Template[OpenGL]: TemplateCommand[OpenGL\Pack Most.exe]: WARNING: Too many (27) overloads of func [wglQueryFrameTrackingI3D]
Template[OpenGL]: TemplateCommand[OpenGL\Pack Most.exe]: WARNING: Too many (27) overloads of func [wglGetSyncValuesOML]
Template[OpenGL]: TemplateCommand[OpenGL\Pack Most.exe]: WARNING: Too many (27) overloads of func [wglWaitForMscOML]
Template[OpenGL]: TemplateCommand[OpenGL\Pack Most.exe]: WARNING: Too many (27) overloads of func [wglWaitForSbcOML]
Template[OpenGL]: Finished runing TemplateCommand[OpenGL\Pack Most.exe]
Template[OpenGL]: Compiling "Packing\Template\OpenGL\Pack VecTypes.pas"
Template[OpenGL]: Finished compiling: OK
Template[OpenGL]: Runing TemplateCommand[OpenGL\Pack VecTypes.exe]
Template[OpenGL]: Finished runing TemplateCommand[OpenGL\Pack VecTypes.exe]
Template[OpenGL]: Compiling "Packing\Template\OpenGL\Pack MtrTypes.pas"
Template[OpenGL]: Finished compiling: OK
Template[OpenGL]: Runing TemplateCommand[OpenGL\Pack MtrTypes.exe]
Template[OpenGL]: Finished runing TemplateCommand[OpenGL\Pack MtrTypes.exe]
Template[OpenGL]: Compiling "Packing\Template\OpenGL\Pack MtrExt.pas"
Template[OpenGL]: Finished compiling: OK
Template[OpenGL]: Runing TemplateCommand[OpenGL\Pack MtrExt.exe]
Template[OpenGL]: Finished runing TemplateCommand[OpenGL\Pack MtrExt.exe]
Finished runing Template[OpenGL]
==================================== OpenGLABC ===================================
Runing Template[OpenGLABC]
Finished runing Template[OpenGLABC]
Runing Template[OpenGLABCBase]
Finished runing Template[OpenGLABCBase]
Runing Comments[OpenGLABC]
Finished runing Comments[OpenGLABC]
==================================== Compiling ===================================
Compiling "Modules.Packed\OpenCLABC.pas"
Finished compiling: OK
Compiling "Modules.Packed\OpenGLABC.pas"
Finished compiling: OK
===================================== Testing ====================================
Compiling "Tests\Tester.pas"
Finished compiling: OK
Runing Tester
Tester: Testing selected modules:
Tester: OpenCL + OpenCLABC + OpenGL + OpenGLABC
Tester: Compiling "Samples\OpenCL\MatrMlt.pas"
Tester: Finished compiling: OK
Tester: Compiling "Samples\OpenCL\SimpleAddition.pas"
Tester: Finished compiling: OK
Tester: Compiling "Samples\OpenCLABC\0Простейшие примеры\MatrMlt.pas"
Tester: Finished compiling: OK
Tester: Compiling "Samples\OpenCLABC\0Простейшие примеры\SimpleAddition.pas"
Tester: Finished compiling: OK
Tester: Compiling "Samples\OpenCLABC\Wait очереди\1.pas"
Tester: Finished compiling: OK
Tester: Compiling "Samples\OpenCLABC\Wait очереди\2.pas"
Tester: Finished compiling: OK
Tester: Compiling "Samples\OpenCLABC\Прекомпиляция ProgramCode\Использовать.pas"
Tester: Finished compiling: OK
Tester: Compiling "Samples\OpenCLABC\Прекомпиляция ProgramCode\Прекомпилировать.pas"
Tester: Finished compiling: OK
Tester: Compiling "Samples\OpenGL\Крутящийся треугольник 1 (простейший пример).pas"
Tester: Finished compiling: OK
Tester: Compiling "Tests\Exec\CLABC\01 Cast\~Const\0.pas"
Tester: Finished compiling: OK
Tester: Compiling "Tests\Exec\CLABC\01 Cast\~Err\0.pas"
Tester: Finished compiling: OK
Tester: Compiling "Tests\Exec\CLABC\02 ThenConvert\~Cast\0.pas"
Tester: Finished compiling: OK
Tester: Compiling "Tests\Exec\CLABC\02 ThenConvert\~CQ\0.pas"
Tester: Finished compiling: OK
Tester: Compiling "Tests\Exec\CLABC\02 ThenConvert\~Err\0.pas"
Tester: Finished compiling: OK
Tester: Compiling "Tests\Exec\CLABC\02 ThenConvert\~Err\0c.pas"
Tester: Finished compiling: OK
Tester: Compiling "Tests\Exec\CLABC\03 Multiusable\~CQ\0.pas"
Tester: Finished compiling: OK
Tester: Compiling "Tests\Exec\CLABC\03 Multiusable\~Err\0.pas"
Tester: Finished compiling: OK
Tester: Compiling "Tests\Exec\CLABC\07 HostExec\~Err\0.pas"
Tester: Finished compiling: OK
Tester: Compiling "Tests\Exec\GL\Mtr.Rotate3D.pas"
Tester: Finished compiling: OK
Tester: Compiling "Tests\Exec\GL\Mtr.Translate.pas"
Tester: Finished compiling: OK
Tester: Executing Test[Samples\OpenCL\MatrMlt]
Tester: Done executing Test[Samples\OpenCL\MatrMlt]
Tester: Executing Test[Samples\OpenCL\SimpleAddition]
Tester: Done executing Test[Samples\OpenCL\SimpleAddition]
Tester: Executing Test[Samples\OpenCLABC\0Простейшие примеры\MatrMlt]
Tester: Done executing Test[Samples\OpenCLABC\0Простейшие примеры\MatrMlt]
Tester: Executing Test[Samples\OpenCLABC\0Простейшие примеры\SimpleAddition]
Tester: Done executing Test[Samples\OpenCLABC\0Простейшие примеры\SimpleAddition]
Tester: Executing Test[Samples\OpenCLABC\Прекомпиляция ProgramCode\Прекомпилировать]
Tester: Done executing Test[Samples\OpenCLABC\Прекомпиляция ProgramCode\Прекомпилировать]
Tester: Executing Test[Samples\OpenCLABC\Прекомпиляция ProgramCode\Использовать]
Tester: Done executing Test[Samples\OpenCLABC\Прекомпиляция ProgramCode\Использовать]
Tester: Executing Test[Tests\Exec\CLABC\01 Cast\~Const\0]
Tester: Done executing Test[Tests\Exec\CLABC\01 Cast\~Const\0]
Tester: Executing Test[Tests\Exec\CLABC\01 Cast\~Err\0]
Tester: Done executing Test[Tests\Exec\CLABC\01 Cast\~Err\0]
Tester: Executing Test[Tests\Exec\CLABC\02 ThenConvert\~Cast\0]
Tester: Done executing Test[Tests\Exec\CLABC\02 ThenConvert\~Cast\0]
Tester: Executing Test[Tests\Exec\CLABC\02 ThenConvert\~CQ\0]
Tester: Done executing Test[Tests\Exec\CLABC\02 ThenConvert\~CQ\0]
Tester: Executing Test[Tests\Exec\CLABC\02 ThenConvert\~Err\0]
Tester: Done executing Test[Tests\Exec\CLABC\02 ThenConvert\~Err\0]
Tester: Executing Test[Tests\Exec\CLABC\02 ThenConvert\~Err\0c]
Tester: Done executing Test[Tests\Exec\CLABC\02 ThenConvert\~Err\0c]
Tester: Executing Test[Tests\Exec\CLABC\03 Multiusable\~CQ\0]
Tester: Done executing Test[Tests\Exec\CLABC\03 Multiusable\~CQ\0]
Tester: Executing Test[Tests\Exec\CLABC\03 Multiusable\~Err\0]
Tester: Done executing Test[Tests\Exec\CLABC\03 Multiusable\~Err\0]
Tester: Executing Test[Tests\Exec\CLABC\07 HostExec\~Err\0]
Tester: Done executing Test[Tests\Exec\CLABC\07 HostExec\~Err\0]
Tester: Executing Test[Tests\Exec\GL\Mtr.Rotate3D]
Tester: Done executing Test[Tests\Exec\GL\Mtr.Rotate3D]
Tester: Executing Test[Tests\Exec\GL\Mtr.Translate]
Tester: Done executing Test[Tests\Exec\GL\Mtr.Translate]
Tester: Cleanup
Tester: Done testing
Finished runing Tester
===================================== Release ====================================
Packing Modules.Packed\OpenCL.pas
Packing Modules.Packed\OpenCLABC.pas
Packing Modules.Packed\OpenGL.pas
Packing Modules.Packed\OpenGLABC.pas
Packing Modules.Packed\Internal\OpenCLABCBase.pas
Packing Modules.Packed\Internal\OpenGLABCBase.pas
Done copying release modules
Packing sample "Samples\OpenCL\MatrMlt.cl"
Packing sample "Samples\OpenCL\MatrMlt.pas"
Packing sample "Samples\OpenCL\SimpleAddition.cl"
Packing sample "Samples\OpenCL\SimpleAddition.pas"
Packing sample "Samples\OpenCLABC\0Простейшие примеры\MatrMlt.cl"
Packing sample "Samples\OpenCLABC\0Простейшие примеры\MatrMlt.pas"
Packing sample "Samples\OpenCLABC\0Простейшие примеры\SimpleAddition.cl"
Packing sample "Samples\OpenCLABC\0Простейшие примеры\SimpleAddition.pas"
Packing sample "Samples\OpenCLABC\Wait очереди\1.pas"
Packing sample "Samples\OpenCLABC\Wait очереди\2.pas"
Packing sample "Samples\OpenCLABC\Wait очереди\NamedQData.pas"
Packing sample "Samples\OpenCLABC\Прекомпиляция ProgramCode\0.cl"
Packing sample "Samples\OpenCLABC\Прекомпиляция ProgramCode\Использовать.pas"
Packing sample "Samples\OpenCLABC\Прекомпиляция ProgramCode\Прекомпилировать.pas"
Packing sample "Samples\OpenGL\Rot Triangle 1.vertex.glsl"
Packing sample "Samples\OpenGL\Крутящийся треугольник 1 (простейший пример).pas"
Packed 16 sample files
Packing spec [Гайд по использованию OpenGL и OpenCL.html]
Packing spec [Справка OpenCLABC.html]
Packing spec [Справка OpenGLABC.html]
Packed 3 spec files
Done packing
