Runing Template[OpenCLABC]
Template[OpenCLABC]: Compiling "Packing\Template\OpenCLABC\WrapperProperties.pas"
Template[OpenCLABC]: Compiling: OK
Template[OpenCLABC]: Runing TemplateCommand[OpenCLABC\WrapperProperties.exe]
Template[OpenCLABC]: Finished runing TemplateCommand[OpenCLABC\WrapperProperties.exe]
Template[OpenCLABC]: Compiling "Packing\Template\OpenCLABC\ContainerMethods.pas"
Template[OpenCLABC]: Compiling: OK
Template[OpenCLABC]: Runing TemplateCommand[OpenCLABC\ContainerMethods.exe]
Template[OpenCLABC]: TemplateCommand[OpenCLABC\ContainerMethods.exe]: Packed methods for [CLArray]
Template[OpenCLABC]: TemplateCommand[OpenCLABC\ContainerMethods.exe]: Packed methods for [Kernel]
Template[OpenCLABC]: TemplateCommand[OpenCLABC\ContainerMethods.exe]: Packed methods for [MemorySegment]
Template[OpenCLABC]: Finished runing TemplateCommand[OpenCLABC\ContainerMethods.exe]
Template[OpenCLABC]: Compiling "Packing\Template\OpenCLABC\ContainerGetMethods.pas"
Template[OpenCLABC]: Compiling: OK
Template[OpenCLABC]: Runing TemplateCommand[OpenCLABC\ContainerGetMethods.exe]
Template[OpenCLABC]: TemplateCommand[OpenCLABC\ContainerGetMethods.exe]: Packed .Get methods for [CLArray]
Template[OpenCLABC]: TemplateCommand[OpenCLABC\ContainerGetMethods.exe]: Packed .Get methods for [MemorySegment]
Template[OpenCLABC]: Finished runing TemplateCommand[OpenCLABC\ContainerGetMethods.exe]
Template[OpenCLABC]: Compiling "Packing\Template\OpenCLABC\Wrappers.pas"
Template[OpenCLABC]: Compiling: OK
Template[OpenCLABC]: Runing TemplateCommand[OpenCLABC\Wrappers.exe]
Template[OpenCLABC]: Finished runing TemplateCommand[OpenCLABC\Wrappers.exe]
Template[OpenCLABC]: Compiling "Packing\Template\OpenCLABC\ContainerCommon.pas"
Template[OpenCLABC]: Compiling: OK
Template[OpenCLABC]: Runing TemplateCommand[OpenCLABC\ContainerCommon.exe]
Template[OpenCLABC]: Finished runing TemplateCommand[OpenCLABC\ContainerCommon.exe]
Template[OpenCLABC]: Compiling "Packing\Template\OpenCLABC\CombineQueues.pas"
Template[OpenCLABC]: Compiling: OK
Template[OpenCLABC]: Runing TemplateCommand[OpenCLABC\CombineQueues.exe]
Template[OpenCLABC]: Finished runing TemplateCommand[OpenCLABC\CombineQueues.exe]
Template[OpenCLABC]: Compiling "Packing\Template\OpenCLABC\ConvQueueStaticArray.pas"
Template[OpenCLABC]: Compiling: OK
Template[OpenCLABC]: Runing TemplateCommand[OpenCLABC\ConvQueueStaticArray.exe]
Template[OpenCLABC]: Finished runing TemplateCommand[OpenCLABC\ConvQueueStaticArray.exe]
Finished runing Template[OpenCLABC]
Runing Descriptions[OpenCLABC]
Finished runing Descriptions[OpenCLABC]
