Runing Template[OpenCL]
Template[OpenCL]: Compiling "Packing\Template\OpenCL\Pack NameRecords.pas"
Template[OpenCL]: Compiling: OK
Template[OpenCL]: Runing TemplateCommand[OpenCL\Pack NameRecords.exe]
Template[OpenCL]: Finished runing TemplateCommand[OpenCL\Pack NameRecords.exe]
Template[OpenCL]: Compiling "Packing\Template\OpenCL\Pack Most.pas"
Template[OpenCL]: Compiling: OK
Template[OpenCL]: Runing TemplateCommand[OpenCL\Pack Most.exe]
Template[OpenCL]: TemplateCommand[OpenCL\Pack Most.exe]: Reading .bin
Template[OpenCL]: TemplateCommand[OpenCL\Pack Most.exe]: Fixing all
Template[OpenCL]: TemplateCommand[OpenCL\Pack Most.exe]: Constructing structs code
Template[OpenCL]: TemplateCommand[OpenCL\Pack Most.exe]: Constructing enums code
Template[OpenCL]: TemplateCommand[OpenCL\Pack Most.exe]: Constructing funcs code
Template[OpenCL]: TemplateCommand[OpenCL\Pack Most.exe]: WARNING: Too many (27) overloads of func [clCreateImageWithProperties]
Template[OpenCL]: TemplateCommand[OpenCL\Pack Most.exe]: WARNING: Too many (34) overloads of func [clGetDeviceInfo]
Template[OpenCL]: TemplateCommand[OpenCL\Pack Most.exe]: WARNING: Too many (27) overloads of func [clGetDeviceIDsFromDX9MediaAdapterKHR]
Template[OpenCL]: TemplateCommand[OpenCL\Pack Most.exe]: WARNING: Too many (27) overloads of func [clCreateSubDevicesEXT]
Template[OpenCL]: TemplateCommand[OpenCL\Pack Most.exe]: WARNING: Too many (54) overloads of func [clEnqueueGenerateMipmapIMG]
Template[OpenCL]: TemplateCommand[OpenCL\Pack Most.exe]: WARNING: Too many (27) overloads of func [clGetKernelSuggestedLocalWorkSizeKHR]
Template[OpenCL]: TemplateCommand[OpenCL\Pack Most.exe]: WARNING: Too many (54) overloads of func [clEnqueueWaitSemaphoresKHR]
Template[OpenCL]: TemplateCommand[OpenCL\Pack Most.exe]: WARNING: Too many (54) overloads of func [clEnqueueSignalSemaphoresKHR]
Template[OpenCL]: TemplateCommand[OpenCL\Pack Most.exe]: WARNING: Too many (27) overloads of func [clCommandBarrierWithWaitListKHR]
Template[OpenCL]: TemplateCommand[OpenCL\Pack Most.exe]: WARNING: Too many (27) overloads of func [clCommandCopyBufferKHR]
Template[OpenCL]: TemplateCommand[OpenCL\Pack Most.exe]: WARNING: Too many (27) overloads of func [clCommandFillBufferKHR]
Template[OpenCL]: Finished runing TemplateCommand[OpenCL\Pack Most.exe]
Finished runing Template[OpenCL]
