~~~~~~~~~~~~~~~~~~~~~~~~~~~~~~~~~ Copying modules ~~~~~~~~~~~~~~~~~~~~~~~~~~~~~~~~
Packing Modules.Packed\OpenCL.pas
Packing Modules.Packed\OpenCLABC.pas
Packing Modules.Packed\OpenGL.pas
Packing Modules.Packed\OpenGLABC.pas
Done copying release modules
~~~~~~~~~~~~~~~~~~~~~~~~~~~~~~~~~ Copying samples ~~~~~~~~~~~~~~~~~~~~~~~~~~~~~~~~
Packing sample "Samples\OpenCL\MatrMlt.cl"
Packing sample "Samples\OpenCL\MatrMlt.pas"
Packing sample "Samples\OpenCL\SimpleAddition.cl"
Packing sample "Samples\OpenCL\SimpleAddition.pas"
Packing sample "Samples\OpenCLABC\0Простейшие примеры\MatrMlt.cl"
Packing sample "Samples\OpenCLABC\0Простейшие примеры\MatrMlt.pas"
Packing sample "Samples\OpenCLABC\0Простейшие примеры\SimpleAddition.cl"
Packing sample "Samples\OpenCLABC\0Простейшие примеры\SimpleAddition.pas"
Packing sample "Samples\OpenCLABC\Wait очереди\1.pas"
Packing sample "Samples\OpenCLABC\Wait очереди\2.pas"
Packing sample "Samples\OpenCLABC\Wait очереди\NamedQData.pas"
Packing sample "Samples\OpenCLABC\Игра жизнь\Игра жизнь.cl"
Packing sample "Samples\OpenCLABC\Игра жизнь\Игра жизнь.pas"
Packing sample "Samples\OpenCLABC\Прекомпиляция ProgramCode\0.cl"
Packing sample "Samples\OpenCLABC\Прекомпиляция ProgramCode\Использовать.pas"
Packing sample "Samples\OpenCLABC\Прекомпиляция ProgramCode\Прекомпилировать.pas"
Packing sample "Samples\OpenGL\Rot Triangle 1.vertex.glsl"
Packing sample "Samples\OpenGL\Крутящийся треугольник 1 (простейший пример).pas"
Packed 18 sample files
~~~~~~~~~~~~~~~~~~~~~~~~~~~~~~~ Copying references ~~~~~~~~~~~~~~~~~~~~~~~~~~~~~~~
Packing reference [Гайд по использованию OpenGL и OpenCL.html]
Packing reference [Справка OpenCLABC.html]
Packing reference [Справка OpenGLABC.html]
Packed 3 reference files
