


# AcceleratorInfoIntel[UInt32]
	ACCELERATOR_DESCRIPTOR = 4090
	ACCELERATOR_REFERENCE_COUNT = 4091
	ACCELERATOR_CONTEXT = 4092
	ACCELERATOR_TYPE = 4093

# AcceleratorTypeIntel[UInt32]
	ACCELERATOR_TYPE_MOTION_ESTIMATION = 0

# AddressingMode[UInt32]
	ADDRESS_NONE = 1130
	ADDRESS_CLAMP_TO_EDGE = 1131
	ADDRESS_CLAMP = 1132
	ADDRESS_REPEAT = 1133
	ADDRESS_MIRRORED_REPEAT = 1134

# Bool[UInt32]
	FALSE = 0
	NON_BLOCKING = 0
	TRUE = 1
	BLOCKING = 1

# BufferCreateType[UInt32]
	BUFFER_CREATE_TYPE_REGION = 1220

# BuildStatus[Int32]
	BUILD_SUCCESS = 0
	BUILD_NONE = FFFFFFFFFFFFFFFF
	BUILD_ERROR = FFFFFFFFFFFFFFFE
	BUILD_IN_PROGRESS = FFFFFFFFFFFFFFFD

# ChannelOrder[UInt32]
	R = 10B0
	A = 10B1
	RG = 10B2
	RA = 10B3
	RGB = 10B4
	RGBA = 10B5
	BGRA = 10B6
	ARGB = 10B7
	INTENSITY = 10B8
	LUMINANCE = 10B9
	Rx = 10BA
	RGx = 10BB
	RGBx = 10BC
	DEPTH = 10BD
	DEPTH_STENCIL = 10BE
	sRGB = 10BF
	sRGBx = 10C0
	sRGBA = 10C1
	sBGRA = 10C2
	ABGR = 10C3
	YUYV = 4076
	UYVY = 4077
	YVYU = 4078
	VYUY = 4079
	NV21 = 40D0
	YV12 = 40D1
	NV12 = 410E

# ChannelType[UInt32]
	SNORM_INT8 = 10D0
	SNORM_INT16 = 10D1
	UNORM_INT8 = 10D2
	UNORM_INT16 = 10D3
	UNORM_SHORT_565 = 10D4
	UNORM_SHORT_555 = 10D5
	UNORM_INT_101010 = 10D6
	SIGNED_INT8 = 10D7
	SIGNED_INT16 = 10D8
	SIGNED_INT32 = 10D9
	UNSIGNED_INT8 = 10DA
	UNSIGNED_INT16 = 10DB
	UNSIGNED_INT32 = 10DC
	HALF_FLOAT = 10DD
	FLOAT = 10DE
	UNORM_INT24 = 10DF
	UNORM_INT_101010_2 = 10E0

# CommandBufferInfoKhr[UInt32]
	COMMAND_BUFFER_QUEUES = 1294
	COMMAND_BUFFER_NUM_QUEUES = 1295
	COMMAND_BUFFER_REFERENCE_COUNT = 1296
	COMMAND_BUFFER_STATE = 1297
	COMMAND_BUFFER_PROPERTIES_ARRAY = 1298

# CommandBufferPropertiesKhr[UInt64]
	COMMAND_BUFFER_FLAGS = 1293

# CommandBufferStructureTypeKhr[UInt32]
	STRUCTURE_TYPE_MUTABLE_BASE_CONFIG = 0
	STRUCTURE_TYPE_MUTABLE_DISPATCH_CONFIG = 1

# CommandExecutionStatus[Int32]
	COMPLETE = 0
	RUNNING = 1
	SUBMITTED = 2
	QUEUED = 3

# CommandQueueInfo[UInt32]
	QUEUE_CONTEXT = 1090
	QUEUE_DEVICE = 1091
	QUEUE_REFERENCE_COUNT = 1092
	QUEUE_PROPERTIES = 1093
	QUEUE_SIZE = 1094
	QUEUE_DEVICE_DEFAULT = 1095
	QUEUE_PROPERTIES_ARRAY = 1098

# CommandQueueProperties[UInt64]
	NONE = 0
	QUEUE_OUT_OF_ORDER_EXEC_MODE_ENABLE = 1
	QUEUE_PROFILING_ENABLE = 2
	QUEUE_ON_DEVICE = 4
	QUEUE_ON_DEVICE_DEFAULT = 8
	QUEUE_NO_SYNC_OPERATIONS = 20000000
	QUEUE_RESERVED = 40000000
	QUEUE_THREAD_LOCAL_EXEC_ENABLE = 80000000

# CommandType[UInt32]
	COMMAND_NDRANGE_KERNEL = 11F0
	COMMAND_TASK = 11F1
	COMMAND_NATIVE_KERNEL = 11F2
	COMMAND_READ_BUFFER = 11F3
	COMMAND_WRITE_BUFFER = 11F4
	COMMAND_COPY_BUFFER = 11F5
	COMMAND_READ_IMAGE = 11F6
	COMMAND_WRITE_IMAGE = 11F7
	COMMAND_COPY_IMAGE = 11F8
	COMMAND_COPY_IMAGE_TO_BUFFER = 11F9
	COMMAND_COPY_BUFFER_TO_IMAGE = 11FA
	COMMAND_MAP_BUFFER = 11FB
	COMMAND_MAP_IMAGE = 11FC
	COMMAND_UNMAP_MEM_OBJECT = 11FD
	COMMAND_MARKER = 11FE
	COMMAND_ACQUIRE_GL_OBJECTS = 11FF
	COMMAND_RELEASE_GL_OBJECTS = 1200
	COMMAND_READ_BUFFER_RECT = 1201
	COMMAND_WRITE_BUFFER_RECT = 1202
	COMMAND_COPY_BUFFER_RECT = 1203
	COMMAND_USER = 1204
	COMMAND_BARRIER = 1205
	COMMAND_MIGRATE_MEM_OBJECTS = 1206
	COMMAND_FILL_BUFFER = 1207
	COMMAND_FILL_IMAGE = 1208
	COMMAND_SVM_FREE = 1209
	COMMAND_SVM_MEMCPY = 120A
	COMMAND_SVM_MEMFILL = 120B
	COMMAND_SVM_MAP = 120C
	COMMAND_SVM_UNMAP = 120D
	COMMAND_SVM_MIGRATE_MEM = 120E
	COMMAND_COMMAND_BUFFER = 12A8
	COMMAND_GL_FENCE_SYNC_OBJECT = 200D
	COMMAND_ACQUIRE_DX9_MEDIA_SURFACES = 202B
	COMMAND_RELEASE_DX9_MEDIA_SURFACES = 202C
	COMMAND_SEMAPHORE_WAIT = 2042
	COMMAND_SEMAPHORE_SIGNAL = 2043
	COMMAND_ACQUIRE_EXTERNAL_MEM_OBJECTS = 2047
	COMMAND_RELEASE_EXTERNAL_MEM_OBJECTS = 2048
	COMMAND_ACQUIRE_D3D10_OBJECTS = 4017
	COMMAND_RELEASE_D3D10_OBJECTS = 4018
	COMMAND_ACQUIRE_D3D11_OBJECTS = 4020
	COMMAND_RELEASE_D3D11_OBJECTS = 4021
	COMMAND_ACQUIRE_DX9_OBJECTS = 402A
	COMMAND_RELEASE_DX9_OBJECTS = 402B
	COMMAND_MIGRATE_MEM_OBJECT = 4040
	COMMAND_ACQUIRE_VA_API_MEDIA_SURFACES = 409A
	COMMAND_RELEASE_VA_API_MEDIA_SURFACES = 409B
	COMMAND_SVM_FREE_ARM = 40BA
	COMMAND_SVM_MEMCPY_ARM = 40BB
	COMMAND_SVM_MEMFILL_ARM = 40BC
	COMMAND_SVM_MAP_ARM = 40BD
	COMMAND_SVM_UNMAP_ARM = 40BE
	COMMAND_ACQUIRE_GRALLOC_OBJECTS = 40D2
	COMMAND_RELEASE_GRALLOC_OBJECTS = 40D3
	COMMAND_GENERATE_MIPMAP = 40D6
	COMMAND_MEMFILL = 4204
	COMMAND_MEMCPY = 4205
	COMMAND_MIGRATEMEM = 4206
	COMMAND_MEMADVISE = 4207

# ContextInfo[UInt32]
	CONTEXT_REFERENCE_COUNT = 1080
	CONTEXT_DEVICES = 1081
	CONTEXT_PROPERTIES = 1082
	CONTEXT_NUM_DEVICES = 1083
	CONTEXT_ADAPTER_D3D9 = 2025
	CONTEXT_ADAPTER_D3D9EX = 2026
	CONTEXT_ADAPTER_DXVA = 2027
	CONTEXT_D3D10_DEVICE = 4014
	CONTEXT_D3D11_DEVICE = 401D
	CONTEXT_D3D9_DEVICE = 4026
	CONTEXT_D3D10_PREFER_SHARED_RESOURCES = 402C
	CONTEXT_D3D11_PREFER_SHARED_RESOURCES = 402D
	CONTEXT_D3D9EX_DEVICE = 4072
	CONTEXT_DXVA_DEVICE = 4073
	CONTEXT_VA_API_DISPLAY = 4097

# ContextProperties[IntPtr]
	CONTEXT_DIAGNOSTICS_LEVEL_GOOD = 1
	CONTEXT_DIAGNOSTICS_LEVEL_BAD = 2
	CONTEXT_DIAGNOSTICS_LEVEL_NEUTRAL = 4
	CONTEXT_DIAGNOSTICS_LEVEL_ALL = FF
	CONTEXT_PLATFORM = 1084
	CONTEXT_INTEROP_USER_SYNC = 1085
	GL_CONTEXT = 2008
	EGL_DISPLAY = 2009
	GLX_DISPLAY = 200A
	WGL_HDC = 200B
	CGL_SHAREGROUP = 200C
	CONTEXT_TERMINATE = 2032
	PRINTF_CALLBACK = 40B0
	PRINTF_BUFFERSIZE = 40B1
	CONTEXT_SHOW_DIAGNOSTICS = 4106

# D3d10DeviceSetKhr[UInt32]
	PREFERRED_DEVICES_FOR_D3D10 = 4012
	ALL_DEVICES_FOR_D3D10 = 4013

# D3d10DeviceSourceKhr[UInt32]
	D3D10_DEVICE = 4010
	D3D10_DXGI_ADAPTER = 4011

# D3d11DeviceSetKhr[UInt32]
	PREFERRED_DEVICES_FOR_D3D11 = 401B
	ALL_DEVICES_FOR_D3D11 = 401C

# D3d11DeviceSourceKhr[UInt32]
	D3D11_DEVICE = 4019
	D3D11_DXGI_ADAPTER = 401A

# DeviceAffinityDomain[UInt64]
	DEVICE_AFFINITY_DOMAIN_NUMA = 1
	DEVICE_AFFINITY_DOMAIN_L4_CACHE = 2
	DEVICE_AFFINITY_DOMAIN_L3_CACHE = 4
	DEVICE_AFFINITY_DOMAIN_L2_CACHE = 8
	DEVICE_AFFINITY_DOMAIN_L1_CACHE = 10
	DEVICE_AFFINITY_DOMAIN_NEXT_PARTITIONABLE = 20

# DeviceExecCapabilities[UInt64]
	EXEC_KERNEL = 1
	EXEC_NATIVE_KERNEL = 2

# DeviceFPConfig[UInt64]
	FP_DENORM = 1
	FP_INF_NAN = 2
	FP_ROUND_TO_NEAREST = 4
	FP_ROUND_TO_ZERO = 8
	FP_ROUND_TO_INF = 10
	FP_FMA = 20
	FP_SOFT_FLOAT = 40
	FP_CORRECTLY_ROUNDED_DIVIDE_SQRT = 80

# DeviceInfo[UInt32]
	DEVICE_TYPE = 1000
	DEVICE_VENDOR_ID = 1001
	DEVICE_MAX_COMPUTE_UNITS = 1002
	DEVICE_MAX_WORK_ITEM_DIMENSIONS = 1003
	DEVICE_MAX_WORK_GROUP_SIZE = 1004
	DEVICE_MAX_WORK_ITEM_SIZES = 1005
	DEVICE_PREFERRED_VECTOR_WIDTH_CHAR = 1006
	DEVICE_PREFERRED_VECTOR_WIDTH_SHORT = 1007
	DEVICE_PREFERRED_VECTOR_WIDTH_INT = 1008
	DEVICE_PREFERRED_VECTOR_WIDTH_LONG = 1009
	DEVICE_PREFERRED_VECTOR_WIDTH_FLOAT = 100A
	DEVICE_PREFERRED_VECTOR_WIDTH_DOUBLE = 100B
	DEVICE_MAX_CLOCK_FREQUENCY = 100C
	DEVICE_ADDRESS_BITS = 100D
	DEVICE_MAX_READ_IMAGE_ARGS = 100E
	DEVICE_MAX_WRITE_IMAGE_ARGS = 100F
	DEVICE_MAX_MEM_ALLOC_SIZE = 1010
	DEVICE_IMAGE2D_MAX_WIDTH = 1011
	DEVICE_IMAGE2D_MAX_HEIGHT = 1012
	DEVICE_IMAGE3D_MAX_WIDTH = 1013
	DEVICE_IMAGE3D_MAX_HEIGHT = 1014
	DEVICE_IMAGE3D_MAX_DEPTH = 1015
	DEVICE_IMAGE_SUPPORT = 1016
	DEVICE_MAX_PARAMETER_SIZE = 1017
	DEVICE_MAX_SAMPLERS = 1018
	DEVICE_MEM_BASE_ADDR_ALIGN = 1019
	DEVICE_MIN_DATA_TYPE_ALIGN_SIZE = 101A
	DEVICE_SINGLE_FP_CONFIG = 101B
	DEVICE_GLOBAL_MEM_CACHE_TYPE = 101C
	DEVICE_GLOBAL_MEM_CACHELINE_SIZE = 101D
	DEVICE_GLOBAL_MEM_CACHE_SIZE = 101E
	DEVICE_GLOBAL_MEM_SIZE = 101F
	DEVICE_MAX_CONSTANT_BUFFER_SIZE = 1020
	DEVICE_MAX_CONSTANT_ARGS = 1021
	DEVICE_LOCAL_MEM_TYPE = 1022
	DEVICE_LOCAL_MEM_SIZE = 1023
	DEVICE_ERROR_CORRECTION_SUPPORT = 1024
	DEVICE_PROFILING_TIMER_RESOLUTION = 1025
	DEVICE_ENDIAN_LITTLE = 1026
	DEVICE_AVAILABLE = 1027
	DEVICE_COMPILER_AVAILABLE = 1028
	DEVICE_EXECUTION_CAPABILITIES = 1029
	DEVICE_QUEUE_PROPERTIES = 102A
	DEVICE_QUEUE_ON_HOST_PROPERTIES = 102A
	DEVICE_NAME = 102B
	DEVICE_VENDOR = 102C
	DRIVER_VERSION = 102D
	DEVICE_PROFILE = 102E
	DEVICE_VERSION = 102F
	DEVICE_EXTENSIONS = 1030
	DEVICE_PLATFORM = 1031
	DEVICE_DOUBLE_FP_CONFIG = 1032
	DEVICE_HALF_FP_CONFIG = 1033
	DEVICE_PREFERRED_VECTOR_WIDTH_HALF = 1034
	DEVICE_HOST_UNIFIED_MEMORY = 1035
	DEVICE_NATIVE_VECTOR_WIDTH_CHAR = 1036
	DEVICE_NATIVE_VECTOR_WIDTH_SHORT = 1037
	DEVICE_NATIVE_VECTOR_WIDTH_INT = 1038
	DEVICE_NATIVE_VECTOR_WIDTH_LONG = 1039
	DEVICE_NATIVE_VECTOR_WIDTH_FLOAT = 103A
	DEVICE_NATIVE_VECTOR_WIDTH_DOUBLE = 103B
	DEVICE_NATIVE_VECTOR_WIDTH_HALF = 103C
	DEVICE_OPENCL_C_VERSION = 103D
	DEVICE_LINKER_AVAILABLE = 103E
	DEVICE_BUILT_IN_KERNELS = 103F
	DEVICE_IMAGE_MAX_BUFFER_SIZE = 1040
	DEVICE_IMAGE_MAX_ARRAY_SIZE = 1041
	DEVICE_PARENT_DEVICE = 1042
	DEVICE_PARTITION_MAX_SUB_DEVICES = 1043
	DEVICE_PARTITION_PROPERTIES = 1044
	DEVICE_PARTITION_AFFINITY_DOMAIN = 1045
	DEVICE_PARTITION_TYPE = 1046
	DEVICE_REFERENCE_COUNT = 1047
	DEVICE_PREFERRED_INTEROP_USER_SYNC = 1048
	DEVICE_PRINTF_BUFFER_SIZE = 1049
	DEVICE_IMAGE_PITCH_ALIGNMENT = 104A
	DEVICE_IMAGE_BASE_ADDRESS_ALIGNMENT = 104B
	DEVICE_MAX_READ_WRITE_IMAGE_ARGS = 104C
	DEVICE_MAX_GLOBAL_VARIABLE_SIZE = 104D
	DEVICE_QUEUE_ON_DEVICE_PROPERTIES = 104E
	DEVICE_QUEUE_ON_DEVICE_PREFERRED_SIZE = 104F
	DEVICE_QUEUE_ON_DEVICE_MAX_SIZE = 1050
	DEVICE_MAX_ON_DEVICE_QUEUES = 1051
	DEVICE_MAX_ON_DEVICE_EVENTS = 1052
	DEVICE_SVM_CAPABILITIES = 1053
	DEVICE_GLOBAL_VARIABLE_PREFERRED_TOTAL_SIZE = 1054
	DEVICE_MAX_PIPE_ARGS = 1055
	DEVICE_PIPE_MAX_ACTIVE_RESERVATIONS = 1056
	DEVICE_PIPE_MAX_PACKET_SIZE = 1057
	DEVICE_PREFERRED_PLATFORM_ATOMIC_ALIGNMENT = 1058
	DEVICE_PREFERRED_GLOBAL_ATOMIC_ALIGNMENT = 1059
	DEVICE_PREFERRED_LOCAL_ATOMIC_ALIGNMENT = 105A
	DEVICE_IL_VERSION = 105B
	DEVICE_MAX_NUM_SUB_GROUPS = 105C
	DEVICE_SUB_GROUP_INDEPENDENT_FORWARD_PROGRESS = 105D
	DEVICE_NUMERIC_VERSION = 105E
	DEVICE_OPENCL_C_NUMERIC_VERSION = 105F
	DEVICE_EXTENSIONS_WITH_VERSION = 1060
	DEVICE_ILS_WITH_VERSION = 1061
	DEVICE_BUILT_IN_KERNELS_WITH_VERSION = 1062
	DEVICE_ATOMIC_MEMORY_CAPABILITIES = 1063
	DEVICE_ATOMIC_FENCE_CAPABILITIES = 1064
	DEVICE_NON_UNIFORM_WORK_GROUP_SUPPORT = 1065
	DEVICE_OPENCL_C_ALL_VERSIONS = 1066
	DEVICE_PREFERRED_WORK_GROUP_SIZE_MULTIPLE = 1067
	DEVICE_WORK_GROUP_COLLECTIVE_FUNCTIONS_SUPPORT = 1068
	DEVICE_GENERIC_ADDRESS_SPACE_SUPPORT = 1069
	DEVICE_UUID = 106A
	DRIVER_UUID = 106B
	DEVICE_LUID_VALID = 106C
	DEVICE_LUID = 106D
	DEVICE_NODE_MASK = 106E
	DEVICE_OPENCL_C_FEATURES = 106F
	DEVICE_DEVICE_ENQUEUE_CAPABILITIES = 1070
	DEVICE_PIPE_SUPPORT = 1071
	DEVICE_LATEST_CONFORMANCE_VERSION_PASSED = 1072
	DEVICE_INTEGER_DOT_PRODUCT_CAPABILITIES = 1073
	DEVICE_INTEGER_DOT_PRODUCT_ACCELERATION_PROPERTIES_8BIT = 1074
	DEVICE_INTEGER_DOT_PRODUCT_ACCELERATION_PROPERTIES_4x8BIT_PACKED = 1075
	DEVICE_COMMAND_BUFFER_CAPABILITIES = 12A9
	DEVICE_COMMAND_BUFFER_REQUIRED_QUEUE_PROPERTIES = 12AA
	DEVICE_MUTABLE_DISPATCH_CAPABILITIES = 12B0
	DEVICE_TERMINATE_CAPABILITY = 2031
	DEVICE_MAX_NAMED_BARRIER_COUNT = 2035
	DEVICE_SEMAPHORE_TYPES = 204C
	DEVICE_SEMAPHORE_IMPORT_HANDLE_TYPES = 204D
	DEVICE_SEMAPHORE_EXPORT_HANDLE_TYPES = 204E
	DEVICE_EXTERNAL_MEMORY_IMPORT_HANDLE_TYPES = 204F
	DEVICE_COMPUTE_CAPABILITY_MAJOR_NV = 4000
	DEVICE_COMPUTE_CAPABILITY_MINOR_NV = 4001
	DEVICE_REGISTERS_PER_BLOCK_NV = 4002
	DEVICE_WARP_SIZE_NV = 4003
	DEVICE_GPU_OVERLAP_NV = 4004
	DEVICE_KERNEL_EXEC_TIMEOUT_NV = 4005
	DEVICE_INTEGRATED_MEMORY_NV = 4006
	DEVICE_PREFERRED_WORK_GROUP_SIZE_AMD = 4030
	DEVICE_MAX_WORK_GROUP_SIZE_AMD = 4031
	DEVICE_PREFERRED_CONSTANT_BUFFER_SIZE_AMD = 4033
	DEVICE_PCIE_ID_AMD = 4034
	DEVICE_PROFILING_TIMER_OFFSET_AMD = 4036
	DEVICE_TOPOLOGY_AMD = 4037
	DEVICE_BOARD_NAME_AMD = 4038
	DEVICE_GLOBAL_FREE_MEMORY_AMD = 4039
	DEVICE_SIMD_PER_COMPUTE_UNIT_AMD = 4040
	DEVICE_SIMD_WIDTH_AMD = 4041
	DEVICE_SIMD_INSTRUCTION_WIDTH_AMD = 4042
	DEVICE_WAVEFRONT_WIDTH_AMD = 4043
	DEVICE_GLOBAL_MEM_CHANNELS_AMD = 4044
	DEVICE_GLOBAL_MEM_CHANNEL_BANKS_AMD = 4045
	DEVICE_GLOBAL_MEM_CHANNEL_BANK_WIDTH_AMD = 4046
	DEVICE_LOCAL_MEM_SIZE_PER_COMPUTE_UNIT_AMD = 4047
	DEVICE_LOCAL_MEM_BANKS_AMD = 4048
	DEVICE_THREAD_TRACE_SUPPORTED_AMD = 4049
	DEVICE_GFXIP_MAJOR_AMD = 404A
	DEVICE_GFXIP_MINOR_AMD = 404B
	DEVICE_AVAILABLE_ASYNC_QUEUES_AMD = 404C
	DEVICE_PARENT_DEVICE_EXT = 4054
	DEVICE_PARTITION_TYPES = 4055
	DEVICE_AFFINITY_DOMAINS = 4056
	DEVICE_REFERENCE_COUNT_EXT = 4057
	DEVICE_PARTITION_STYLE = 4058
	DEVICE_ME_VERSION = 407E
	DEVICE_EXT_MEM_PADDING_IN_BYTES = 40A0
	DEVICE_PAGE_SIZE = 40A1
	DEVICE_SVM_CAPABILITIES_ARM = 40B6
	DEVICE_COMPUTE_UNITS_BITFIELD = 40BF
	DEVICE_SPIR_VERSIONS = 40E0
	DEVICE_SIMULTANEOUS_INTEROPS = 4104
	DEVICE_NUM_SIMULTANEOUS_INTEROPS = 4105
	DEVICE_SUB_GROUP_SIZES = 4108
	DEVICE_AVC_ME_VERSION = 410B
	DEVICE_AVC_ME_SUPPORTS_TEXTURE_SAMPLER_USE = 410C
	DEVICE_AVC_ME_SUPPORTS_PREEMPTION = 410D
	DEVICE_PCI_BUS_INFO = 410F
	DEVICE_PLANAR_YUV_MAX_WIDTH = 417E
	DEVICE_PLANAR_YUV_MAX_HEIGHT = 417F
	DEVICE_QUEUE_FAMILY_PROPERTIES = 418B
	DEVICE_HOST_MEM_CAPABILITIES = 4190
	DEVICE_DEVICE_MEM_CAPABILITIES = 4191
	DEVICE_SINGLE_DEVICE_SHARED_MEM_CAPABILITIES = 4192
	DEVICE_CROSS_DEVICE_SHARED_MEM_CAPABILITIES = 4193
	DEVICE_SHARED_SYSTEM_MEM_CAPABILITIES = 4194
	DEVICE_JOB_SLOTS = 41E0
	DEVICE_SCHEDULING_CONTROLS_CAPABILITIES = 41E4
	DEVICE_MAX_WARP_COUNT = 41EA
	DEVICE_SUPPORTED_REGISTER_ALLOCATIONS = 41EB
	DEVICE_CONTROLLED_TERMINATION_CAPABILITIES = 41EE
	DEVICE_CXX_FOR_OPENCL_NUMERIC_VERSION = 4230
	DEVICE_SINGLE_FP_ATOMIC_CAPABILITIES = 4231
	DEVICE_DOUBLE_FP_ATOMIC_CAPABILITIES = 4232
	DEVICE_HALF_FP_ATOMIC_CAPABILITIES = 4233
	DEVICE_IP_VERSION = 4250
	DEVICE_ID = 4251
	DEVICE_NUM_SLICES = 4252
	DEVICE_NUM_SUB_SLICES_PER_SLICE = 4253
	DEVICE_NUM_EUS_PER_SUB_SLICE = 4254
	DEVICE_NUM_THREADS_PER_EU = 4255
	DEVICE_FEATURE_CAPABILITIES = 4256

# DeviceLocalMemType[UInt32]
	LOCAL = 1
	GLOBAL = 2

# DeviceMemCacheType[UInt32]
	NONE = 0
	READ_ONLY_CACHE = 1
	READ_WRITE_CACHE = 2

# DevicePartitionProperty[IntPtr]
	DEVICE_PARTITION_BY_COUNTS_LIST_END = 0
	DEVICE_PARTITION_EQUALLY = 1086
	DEVICE_PARTITION_BY_COUNTS = 1087
	DEVICE_PARTITION_BY_AFFINITY_DOMAIN = 1088

# DevicePartitionPropertyExt[UInt64]
	PROPERTIES_LIST_END = 0
	PARTITION_BY_COUNTS_LIST_END = 0
	AFFINITY_DOMAIN_L1_CACHE = 1
	PARTITION_BY_NAMES_LIST_END = FFFFFFFFFFFFFFFF
	AFFINITY_DOMAIN_L2_CACHE = 2
	AFFINITY_DOMAIN_L3_CACHE = 3
	AFFINITY_DOMAIN_L4_CACHE = 4
	AFFINITY_DOMAIN_NUMA = 10
	AFFINITY_DOMAIN_NEXT_FISSIONABLE = 100
	DEVICE_PARTITION_EQUALLY_EXT = 4050
	DEVICE_PARTITION_BY_COUNTS_EXT = 4051
	DEVICE_PARTITION_BY_NAMES = 4052
	DEVICE_PARTITION_BY_AFFINITY_DOMAIN_EXT = 4053

# DeviceSVMCapabilities[UInt64]
	DEVICE_SVM_COARSE_GRAIN_BUFFER = 1
	DEVICE_SVM_FINE_GRAIN_BUFFER = 2
	DEVICE_SVM_FINE_GRAIN_SYSTEM = 4
	DEVICE_SVM_ATOMICS = 8

# DeviceType[UInt64]
	DEVICE_TYPE_DEFAULT = 1
	DEVICE_TYPE_CPU = 2
	DEVICE_TYPE_GPU = 4
	DEVICE_TYPE_ACCELERATOR = 8
	DEVICE_TYPE_CUSTOM = 10
	DEVICE_TYPE_ALL = FFFFFFFF

# Dx9DeviceSetIntel[UInt32]
	PREFERRED_DEVICES_FOR_DX9 = 4024
	ALL_DEVICES_FOR_DX9 = 4025

# Dx9DeviceSourceIntel[UInt32]
	D3D9_DEVICE = 4022
	D3D9EX_DEVICE = 4070
	DXVA_DEVICE = 4071

# EglImagePropertiesKhr[IntPtr]
	EGL_YUV_PLANE = 4107

# ErrorCode[Int32]
	SUCCESS = 0
	DEVICE_NOT_FOUND = FFFFFFFFFFFFFFFF
	DEVICE_NOT_AVAILABLE = FFFFFFFFFFFFFFFE
	COMPILER_NOT_AVAILABLE = FFFFFFFFFFFFFFFD
	MEM_OBJECT_ALLOCATION_FAILURE = FFFFFFFFFFFFFFFC
	OUT_OF_RESOURCES = FFFFFFFFFFFFFFFB
	OUT_OF_HOST_MEMORY = FFFFFFFFFFFFFFFA
	PROFILING_INFO_NOT_AVAILABLE = FFFFFFFFFFFFFFF9
	MEM_COPY_OVERLAP = FFFFFFFFFFFFFFF8
	IMAGE_FORMAT_MISMATCH = FFFFFFFFFFFFFFF7
	IMAGE_FORMAT_NOT_SUPPORTED = FFFFFFFFFFFFFFF6
	BUILD_PROGRAM_FAILURE = FFFFFFFFFFFFFFF5
	MAP_FAILURE = FFFFFFFFFFFFFFF4
	MISALIGNED_SUB_BUFFER_OFFSET = FFFFFFFFFFFFFFF3
	EXEC_STATUS_ERROR_FOR_EVENTS_IN_WAIT_LIST = FFFFFFFFFFFFFFF2
	COMPILE_PROGRAM_FAILURE = FFFFFFFFFFFFFFF1
	LINKER_NOT_AVAILABLE = FFFFFFFFFFFFFFF0
	LINK_PROGRAM_FAILURE = FFFFFFFFFFFFFFEF
	DEVICE_PARTITION_FAILED = FFFFFFFFFFFFFFEE
	KERNEL_ARG_INFO_NOT_AVAILABLE = FFFFFFFFFFFFFFED
	INVALID_VALUE = FFFFFFFFFFFFFFE2
	INVALID_DEVICE_TYPE = FFFFFFFFFFFFFFE1
	INVALID_PLATFORM = FFFFFFFFFFFFFFE0
	INVALID_DEVICE = FFFFFFFFFFFFFFDF
	INVALID_CONTEXT = FFFFFFFFFFFFFFDE
	INVALID_QUEUE_PROPERTIES = FFFFFFFFFFFFFFDD
	INVALID_COMMAND_QUEUE = FFFFFFFFFFFFFFDC
	INVALID_HOST_PTR = FFFFFFFFFFFFFFDB
	INVALID_MEM_OBJECT = FFFFFFFFFFFFFFDA
	INVALID_IMAGE_FORMAT_DESCRIPTOR = FFFFFFFFFFFFFFD9
	INVALID_IMAGE_SIZE = FFFFFFFFFFFFFFD8
	INVALID_SAMPLER = FFFFFFFFFFFFFFD7
	INVALID_BINARY = FFFFFFFFFFFFFFD6
	INVALID_BUILD_OPTIONS = FFFFFFFFFFFFFFD5
	INVALID_PROGRAM = FFFFFFFFFFFFFFD4
	INVALID_PROGRAM_EXECUTABLE = FFFFFFFFFFFFFFD3
	INVALID_KERNEL_NAME = FFFFFFFFFFFFFFD2
	INVALID_KERNEL_DEFINITION = FFFFFFFFFFFFFFD1
	INVALID_KERNEL = FFFFFFFFFFFFFFD0
	INVALID_ARG_INDEX = FFFFFFFFFFFFFFCF
	INVALID_ARG_VALUE = FFFFFFFFFFFFFFCE
	INVALID_ARG_SIZE = FFFFFFFFFFFFFFCD
	INVALID_KERNEL_ARGS = FFFFFFFFFFFFFFCC
	INVALID_WORK_DIMENSION = FFFFFFFFFFFFFFCB
	INVALID_WORK_GROUP_SIZE = FFFFFFFFFFFFFFCA
	INVALID_WORK_ITEM_SIZE = FFFFFFFFFFFFFFC9
	INVALID_GLOBAL_OFFSET = FFFFFFFFFFFFFFC8
	INVALID_EVENT_WAIT_LIST = FFFFFFFFFFFFFFC7
	INVALID_EVENT = FFFFFFFFFFFFFFC6
	INVALID_OPERATION = FFFFFFFFFFFFFFC5
	INVALID_GL_OBJECT = FFFFFFFFFFFFFFC4
	INVALID_BUFFER_SIZE = FFFFFFFFFFFFFFC3
	INVALID_MIP_LEVEL = FFFFFFFFFFFFFFC2
	INVALID_GLOBAL_WORK_SIZE = FFFFFFFFFFFFFFC1
	INVALID_PROPERTY = FFFFFFFFFFFFFFC0
	INVALID_IMAGE_DESCRIPTOR = FFFFFFFFFFFFFFBF
	INVALID_COMPILER_OPTIONS = FFFFFFFFFFFFFFBE
	INVALID_LINKER_OPTIONS = FFFFFFFFFFFFFFBD
	INVALID_DEVICE_PARTITION_COUNT = FFFFFFFFFFFFFFBC
	INVALID_PIPE_SIZE = FFFFFFFFFFFFFFBB
	INVALID_DEVICE_QUEUE = FFFFFFFFFFFFFFBA
	INVALID_SPEC_ID = FFFFFFFFFFFFFFB9
	MAX_SIZE_RESTRICTION_EXCEEDED = FFFFFFFFFFFFFFB8
	INVALID_GL_SHAREGROUP_REFERENCE = FFFFFFFFFFFFFC18
	PLATFORM_NOT_FOUND = FFFFFFFFFFFFFC17
	INVALID_D3D10_DEVICE = FFFFFFFFFFFFFC16
	INVALID_D3D10_RESOURCE = FFFFFFFFFFFFFC15
	D3D10_RESOURCE_ALREADY_ACQUIRED = FFFFFFFFFFFFFC14
	D3D10_RESOURCE_NOT_ACQUIRED = FFFFFFFFFFFFFC13
	INVALID_D3D11_DEVICE = FFFFFFFFFFFFFC12
	INVALID_D3D11_RESOURCE = FFFFFFFFFFFFFC11
	D3D11_RESOURCE_ALREADY_ACQUIRED = FFFFFFFFFFFFFC10
	D3D11_RESOURCE_NOT_ACQUIRED = FFFFFFFFFFFFFC0F
	INVALID_DX9_DEVICE = FFFFFFFFFFFFFC0E
	INVALID_DX9_MEDIA_ADAPTER = FFFFFFFFFFFFFC0E
	INVALID_DX9_MEDIA_SURFACE = FFFFFFFFFFFFFC0D
	INVALID_DX9_RESOURCE = FFFFFFFFFFFFFC0D
	DX9_MEDIA_SURFACE_ALREADY_ACQUIRED = FFFFFFFFFFFFFC0C
	DX9_RESOURCE_ALREADY_ACQUIRED = FFFFFFFFFFFFFC0C
	DX9_MEDIA_SURFACE_NOT_ACQUIRED = FFFFFFFFFFFFFC0B
	DX9_RESOURCE_NOT_ACQUIRED = FFFFFFFFFFFFFC0B
	DEVICE_PARTITION_FAILED_EXT = FFFFFFFFFFFFFBDF
	INVALID_PARTITION_COUNT = FFFFFFFFFFFFFBDE
	INVALID_PARTITION_NAME = FFFFFFFFFFFFFBDD
	EGL_RESOURCE_NOT_ACQUIRED = FFFFFFFFFFFFFBBC
	INVALID_EGL_OBJECT = FFFFFFFFFFFFFBBB
	INVALID_ACCELERATOR = FFFFFFFFFFFFFBBA
	INVALID_ACCELERATOR_TYPE = FFFFFFFFFFFFFBB9
	INVALID_ACCELERATOR_DESCRIPTOR = FFFFFFFFFFFFFBB8
	ACCELERATOR_TYPE_NOT_SUPPORTED = FFFFFFFFFFFFFBB7
	INVALID_VA_API_MEDIA_ADAPTER = FFFFFFFFFFFFFBB6
	INVALID_VA_API_MEDIA_SURFACE = FFFFFFFFFFFFFBB5
	VA_API_MEDIA_SURFACE_ALREADY_ACQUIRED = FFFFFFFFFFFFFBB4
	VA_API_MEDIA_SURFACE_NOT_ACQUIRED = FFFFFFFFFFFFFBB3
	PIPE_FULL = FFFFFFFFFFFFFBAE
	PIPE_EMPTY = FFFFFFFFFFFFFBAD
	COMMAND_TERMINATED_ITSELF_WITH_FAILURE = FFFFFFFFFFFFFBAC
	CONTEXT_TERMINATED = FFFFFFFFFFFFFB9F
	ERROR_RESERVED0 = FFFFFFFFFFFFFB9E
	ERROR_RESERVED1 = FFFFFFFFFFFFFB9D
	ERROR_RESERVED2 = FFFFFFFFFFFFFB9C
	ERROR_RESERVED3 = FFFFFFFFFFFFFB9B
	INVALID_COMMAND_BUFFER = FFFFFFFFFFFFFB8E
	INVALID_SYNC_POINT_WAIT_LIST = FFFFFFFFFFFFFB8D
	INCOMPATIBLE_COMMAND_QUEUE = FFFFFFFFFFFFFB8C
	INVALID_MUTABLE_COMMAND = FFFFFFFFFFFFFB8B
	INVALID_SEMAPHORE = FFFFFFFFFFFFFB8A
	NV_KERNEL_ILLEGAL_BUFFER_READ_WRITE = FFFFFFFFFFFFD8F1

# EventInfo[UInt32]
	EVENT_COMMAND_QUEUE = 11D0
	EVENT_COMMAND_TYPE = 11D1
	EVENT_REFERENCE_COUNT = 11D2
	EVENT_COMMAND_EXECUTION_STATUS = 11D3
	EVENT_CONTEXT = 11D4
	EVENT_COMMAND_TERMINATION_REASON = 41ED

# ExternalSemaphoreHandleTypeKhr[UInt32]
	SEMAPHORE_HANDLE_OPAQUE_FD = 2055
	SEMAPHORE_HANDLE_OPAQUE_WIN32 = 2056
	SEMAPHORE_HANDLE_OPAQUE_WIN32_KMT = 2057
	SEMAPHORE_HANDLE_SYNC_FD = 2058
	SEMAPHORE_HANDLE_D3D12_FENCE = 2059

# FilterMode[UInt32]
	FILTER_NEAREST = 1140
	FILTER_LINEAR = 1141

# GlContextInfo[UInt32]
	CURRENT_DEVICE_FOR_GL_CONTEXT = 2006
	DEVICES_FOR_GL_CONTEXT = 2007

# GlObjectType[UInt32]
	GL_OBJECT_BUFFER = 2000
	GL_OBJECT_TEXTURE2D = 2001
	GL_OBJECT_TEXTURE3D = 2002
	GL_OBJECT_RENDERBUFFER = 2003
	GL_OBJECT_TEXTURE2D_ARRAY = 200E
	GL_OBJECT_TEXTURE1D = 200F
	GL_OBJECT_TEXTURE1D_ARRAY = 2010
	GL_OBJECT_TEXTURE_BUFFER = 2011

# GlTextureInfo[UInt32]
	GL_TEXTURE_TARGET = 2004
	GL_MIPMAP_LEVEL = 2005
	GL_NUM_SAMPLES = 2012

# ImageInfo[UInt32]
	IMAGE_FORMAT = 1110
	IMAGE_ELEMENT_SIZE = 1111
	IMAGE_ROW_PITCH = 1112
	IMAGE_SLICE_PITCH = 1113
	IMAGE_WIDTH = 1114
	IMAGE_HEIGHT = 1115
	IMAGE_DEPTH = 1116
	IMAGE_ARRAY_SIZE = 1117
	IMAGE_BUFFER = 1118
	IMAGE_NUM_MIP_LEVELS = 1119
	IMAGE_NUM_SAMPLES = 111A
	IMAGE_DX9_MEDIA_PLANE = 202A
	IMAGE_D3D10_SUBRESOURCE = 4016
	IMAGE_D3D11_SUBRESOURCE = 401F
	IMAGE_DX9_PLANE = 4075
	IMAGE_VA_API_PLANE = 4099

# ImagePitchInfoQcom[UInt32]
	IMAGE_ROW_ALIGNMENT = 40A2
	IMAGE_SLICE_ALIGNMENT = 40A3

# ImageRequirementsInfoExt[UInt32]
	IMAGE_REQUIREMENTS_ROW_PITCH_ALIGNMENT = 1290
	IMAGE_REQUIREMENTS_SLICE_PITCH_ALIGNMENT = 1291
	IMAGE_REQUIREMENTS_BASE_ADDRESS_ALIGNMENT = 1292
	IMAGE_REQUIREMENTS_SIZE = 12B2
	IMAGE_REQUIREMENTS_MAX_WIDTH = 12B3
	IMAGE_REQUIREMENTS_MAX_HEIGHT = 12B4
	IMAGE_REQUIREMENTS_MAX_DEPTH = 12B5
	IMAGE_REQUIREMENTS_MAX_ARRAY_SIZE = 12B6

# ImportPropertiesArm[IntPtr]
	IMPORT_MEMORY_WHOLE_ALLOCATION = FFFFFFFFFFFFFFFF
	IMPORT_TYPE = 40B2
	IMPORT_TYPE_HOST = 40B3
	IMPORT_TYPE_DMA_BUF = 40B4
	IMPORT_TYPE_PROTECTED = 40B5
	IMPORT_TYPE_ANDROID_HARDWARE_BUFFER = 41E2
	IMPORT_DMA_BUF_DATA_CONSISTENCY_WITH_HOST = 41E3
	IMPORT_ANDROID_HARDWARE_BUFFER_PLANE_INDEX = 41EF
	IMPORT_ANDROID_HARDWARE_BUFFER_LAYER_INDEX = 41F0

# KernelArgAccessQualifier[UInt32]
	KERNEL_ARG_ACCESS_READ_ONLY = 11A0
	KERNEL_ARG_ACCESS_WRITE_ONLY = 11A1
	KERNEL_ARG_ACCESS_READ_WRITE = 11A2
	KERNEL_ARG_ACCESS_NONE = 11A3

# KernelArgAddressQualifier[UInt32]
	KERNEL_ARG_ADDRESS_GLOBAL = 119B
	KERNEL_ARG_ADDRESS_LOCAL = 119C
	KERNEL_ARG_ADDRESS_CONSTANT = 119D
	KERNEL_ARG_ADDRESS_PRIVATE = 119E

# KernelArgInfo[UInt32]
	KERNEL_ARG_ADDRESS_QUALIFIER = 1196
	KERNEL_ARG_ACCESS_QUALIFIER = 1197
	KERNEL_ARG_TYPE_NAME = 1198
	KERNEL_ARG_TYPE_QUALIFIER = 1199
	KERNEL_ARG_NAME = 119A

# KernelArgTypeQualifier[UInt64]
	KERNEL_ARG_TYPE_NONE = 0
	KERNEL_ARG_TYPE_CONST = 1
	KERNEL_ARG_TYPE_RESTRICT = 2
	KERNEL_ARG_TYPE_VOLATILE = 4
	KERNEL_ARG_TYPE_PIPE = 8

# KernelExecInfo[UInt32]
	KERNEL_EXEC_INFO_SVM_PTRS = 11B6
	KERNEL_EXEC_INFO_SVM_FINE_GRAIN_SYSTEM = 11B7
	KERNEL_EXEC_INFO_WORKGROUP_BATCH_SIZE = 41E5
	KERNEL_EXEC_INFO_WORKGROUP_BATCH_SIZE_MODIFIER = 41E6
	KERNEL_EXEC_INFO_WARP_COUNT_LIMIT = 41E8
	KERNEL_EXEC_INFO_COMPUTE_UNIT_MAX_QUEUED_BATCHES = 41F1
	KERNEL_EXEC_INFO_INDIRECT_HOST_ACCESS = 4200
	KERNEL_EXEC_INFO_INDIRECT_DEVICE_ACCESS = 4201
	KERNEL_EXEC_INFO_INDIRECT_SHARED_ACCESS = 4202
	KERNEL_EXEC_INFO_USM_PTRS = 4203

# KernelExecInfoArm[UInt32]
	KERNEL_EXEC_INFO_SVM_PTRS_ARM = 40B8
	KERNEL_EXEC_INFO_SVM_FINE_GRAIN_SYSTEM_ARM = 40B9

# KernelInfo[UInt32]
	KERNEL_FUNCTION_NAME = 1190
	KERNEL_NUM_ARGS = 1191
	KERNEL_REFERENCE_COUNT = 1192
	KERNEL_CONTEXT = 1193
	KERNEL_PROGRAM = 1194
	KERNEL_ATTRIBUTES = 1195
	KERNEL_MAX_WARP_COUNT = 41E9

# KernelSubGroupInfo[UInt32]
	KERNEL_LOCAL_SIZE_FOR_SUB_GROUP_COUNT = 11B8
	KERNEL_MAX_NUM_SUB_GROUPS = 11B9
	KERNEL_COMPILE_NUM_SUB_GROUPS = 11BA
	KERNEL_MAX_SUB_GROUP_SIZE_FOR_NDRANGE = 2033
	KERNEL_SUB_GROUP_COUNT_FOR_NDRANGE = 2034
	KERNEL_COMPILE_SUB_GROUP_SIZE = 410A

# KernelWorkGroupInfo[UInt32]
	KERNEL_WORK_GROUP_SIZE = 11B0
	KERNEL_COMPILE_WORK_GROUP_SIZE = 11B1
	KERNEL_LOCAL_MEM_SIZE = 11B2
	KERNEL_PREFERRED_WORK_GROUP_SIZE_MULTIPLE = 11B3
	KERNEL_PRIVATE_MEM_SIZE = 11B4
	KERNEL_GLOBAL_WORK_SIZE = 11B5
	KERNEL_SPILL_MEM_SIZE = 4109

# LayerInfo[UInt32]
	LAYER_API_VERSION = 4240

# MapFlags[UInt64]
	MAP_READ = 1
	MAP_WRITE = 2
	MAP_WRITE_INVALIDATE_REGION = 4

# MemFlags[UInt64]
	MEM_READ_WRITE = 1
	MEM_WRITE_ONLY = 2
	MEM_READ_ONLY = 4
	MEM_USE_HOST_PTR = 8
	MEM_ALLOC_HOST_PTR = 10
	MEM_COPY_HOST_PTR = 20
	MEM_HOST_WRITE_ONLY = 80
	MEM_HOST_READ_ONLY = 100
	MEM_HOST_NO_ACCESS = 200
	MEM_KERNEL_READ_AND_WRITE = 1000
	MEM_FORCE_HOST_MEMORY = 100000
	MEM_RESERVED21 = 200000
	MEM_RESERVED22 = 400000
	MEM_NO_ACCESS = 1000000
	MEM_ACCESS_FLAGS_UNRESTRICTED = 2000000
	MEM_USE_UNCACHED_CPU_MEMORY = 4000000
	MEM_USE_CACHED_CPU_MEMORY = 8000000
	MEM_USE_GRALLOC_PTR = 10000000
	MEM_EXT_HOST_PTR = 20000000
	MEM_RESERVED0 = 100000000
	MEM_RESERVED1 = 200000000
	MEM_RESERVED2 = 400000000
	MEM_RESERVED3 = 800000000
	MEM_PROTECTED_ALLOC = 1000000000
	MEM_RESERVED0_QCOM = 2000000000
	MEM_RESERVED1_QCOM = 4000000000
	MEM_RESERVED2_QCOM = 8000000000
	MEM_RESERVED3_QCOM = 10000000000

# MemInfo[UInt32]
	MEM_TYPE = 1100
	MEM_FLAGS = 1101
	MEM_SIZE = 1102
	MEM_HOST_PTR = 1103
	MEM_MAP_COUNT = 1104
	MEM_REFERENCE_COUNT = 1105
	MEM_CONTEXT = 1106
	MEM_ASSOCIATED_MEMOBJECT = 1107
	MEM_OFFSET = 1108
	MEM_USES_SVM_POINTER = 1109
	MEM_PROPERTIES = 110A
	MEM_DX9_MEDIA_ADAPTER_TYPE = 2028
	MEM_DX9_MEDIA_SURFACE_INFO = 2029
	MEM_D3D10_RESOURCE = 4015
	MEM_D3D11_RESOURCE = 401E
	MEM_DX9_RESOURCE = 4027
	MEM_DX9_SHARED_HANDLE = 4074
	MEM_VA_API_MEDIA_SURFACE = 4098
	MEM_USES_SVM_POINTER_ARM = 40B7

# MemMigrationFlags[UInt64]
	MIGRATE_MEM_OBJECT_HOST = 1
	MIGRATE_MEM_OBJECT_CONTENT_UNDEFINED = 2

# MemMigrationFlagsExt[UInt64]
	MIGRATE_MEM_OBJECT_HOST = 1

# MemObjectType[UInt32]
	MEM_OBJECT_BUFFER = 10F0
	MEM_OBJECT_IMAGE2D = 10F1
	MEM_OBJECT_IMAGE3D = 10F2
	MEM_OBJECT_IMAGE2D_ARRAY = 10F3
	MEM_OBJECT_IMAGE1D = 10F4
	MEM_OBJECT_IMAGE1D_ARRAY = 10F5
	MEM_OBJECT_IMAGE1D_BUFFER = 10F6
	MEM_OBJECT_PIPE = 10F7

# MemProperties[UInt64]
	DEVICE_HANDLE_LIST_END = 0
	DEVICE_HANDLE_LIST = 2051
	MEM_ALLOC_FLAGS_IMG = 40D7
	MEM_LOCALLY_UNCACHED_RESOURCE = 4218
	MEM_DEVICE_ID = 4219

# MemPropertiesIntel[UInt64]
	MEM_ALLOC_FLAGS_INTEL = 4195
	MEM_ALLOC_BUFFER_LOCATION = 419E
	MEM_CHANNEL = 4213

# MipmapFilterModeImg[UInt32]
	MIPMAP_FILTER_ANY = 0
	MIPMAP_FILTER_BOX = 1

# MutableCommandInfoKhr[UInt32]
	MUTABLE_COMMAND_COMMAND_QUEUE = 12A0
	MUTABLE_COMMAND_COMMAND_BUFFER = 12A1
	MUTABLE_DISPATCH_PROPERTIES_ARRAY = 12A2
	MUTABLE_DISPATCH_KERNEL = 12A3
	MUTABLE_DISPATCH_DIMENSIONS = 12A4
	MUTABLE_DISPATCH_GLOBAL_WORK_OFFSET = 12A5
	MUTABLE_DISPATCH_GLOBAL_WORK_SIZE = 12A6
	MUTABLE_DISPATCH_LOCAL_WORK_SIZE = 12A7
	MUTABLE_COMMAND_COMMAND_TYPE = 12AD

# NDRangeKernelCommandPropertiesKhr[UInt64]
	MUTABLE_DISPATCH_UPDATABLE_FIELDS = 12B1

# PipeInfo[UInt32]
	PIPE_PACKET_SIZE = 1120
	PIPE_MAX_PACKETS = 1121
	PIPE_PROPERTIES = 1122

# PlatformInfo[UInt32]
	PLATFORM_PROFILE = 900
	PLATFORM_VERSION = 901
	PLATFORM_NAME = 902
	PLATFORM_VENDOR = 903
	PLATFORM_EXTENSIONS = 904
	PLATFORM_HOST_TIMER_RESOLUTION = 905
	PLATFORM_NUMERIC_VERSION = 906
	PLATFORM_EXTENSIONS_WITH_VERSION = 907
	PLATFORM_ICD_SUFFIX = 920
	PLATFORM_SEMAPHORE_TYPES = 2036
	PLATFORM_SEMAPHORE_IMPORT_HANDLE_TYPES = 2037
	PLATFORM_SEMAPHORE_EXPORT_HANDLE_TYPES = 2038
	PLATFORM_EXTERNAL_MEMORY_IMPORT_HANDLE_TYPES = 2044

# ProfilingInfo[UInt32]
	PROFILING_COMMAND_QUEUED = 1280
	PROFILING_COMMAND_SUBMIT = 1281
	PROFILING_COMMAND_START = 1282
	PROFILING_COMMAND_END = 1283
	PROFILING_COMMAND_COMPLETE = 1284

# ProgramBinaryType[UInt32]
	PROGRAM_BINARY_TYPE_NONE = 0
	PROGRAM_BINARY_TYPE_COMPILED_OBJECT = 1
	PROGRAM_BINARY_TYPE_LIBRARY = 2
	PROGRAM_BINARY_TYPE_EXECUTABLE = 4
	PROGRAM_BINARY_TYPE_INTERMEDIATE = 40E1

# ProgramBuildInfo[UInt32]
	PROGRAM_BUILD_STATUS = 1181
	PROGRAM_BUILD_OPTIONS = 1182
	PROGRAM_BUILD_LOG = 1183
	PROGRAM_BINARY_TYPE = 1184
	PROGRAM_BUILD_GLOBAL_VARIABLE_TOTAL_SIZE = 1185

# ProgramInfo[UInt32]
	PROGRAM_REFERENCE_COUNT = 1160
	PROGRAM_CONTEXT = 1161
	PROGRAM_NUM_DEVICES = 1162
	PROGRAM_DEVICES = 1163
	PROGRAM_SOURCE = 1164
	PROGRAM_BINARY_SIZES = 1165
	PROGRAM_BINARIES = 1166
	PROGRAM_NUM_KERNELS = 1167
	PROGRAM_KERNEL_NAMES = 1168
	PROGRAM_IL = 1169
	PROGRAM_SCOPE_GLOBAL_CTORS_PRESENT = 116A
	PROGRAM_SCOPE_GLOBAL_DTORS_PRESENT = 116B

# QueueProperties[UInt64]
	QUEUE_PRIORITY = 1096
	QUEUE_THROTTLE = 1097
	QUEUE_FAMILY = 418C
	QUEUE_INDEX = 418D
	QUEUE_JOB_SLOT = 41E1
	QUEUE_KERNEL_BATCHING = 41E7
	QUEUE_DEFERRED_FLUSH = 41EC

# SamplerInfo[UInt32]
	SAMPLER_REFERENCE_COUNT = 1150
	SAMPLER_CONTEXT = 1151
	SAMPLER_NORMALIZED_COORDS = 1152
	SAMPLER_ADDRESSING_MODE = 1153
	SAMPLER_FILTER_MODE = 1154
	SAMPLER_MIP_FILTER_MODE = 1155
	SAMPLER_LOD_MIN = 1156
	SAMPLER_LOD_MAX = 1157
	SAMPLER_PROPERTIES = 1158

# SamplerProperties[UInt64]
	SAMPLER_MIP_FILTER_MODE = 1155
	SAMPLER_LOD_MIN = 1156
	SAMPLER_LOD_MAX = 1157

# SemaphoreInfoKhr[UInt32]
	DEVICE_HANDLE_LIST_END = 0
	SEMAPHORE_CONTEXT = 2039
	SEMAPHORE_REFERENCE_COUNT = 203A
	SEMAPHORE_PROPERTIES = 203B
	SEMAPHORE_PAYLOAD = 203C
	SEMAPHORE_TYPE = 203D
	DEVICE_HANDLE_LIST = 2051

# SemaphorePropertiesKhr[UInt64]
	DEVICE_HANDLE_LIST_END = 0
	SEMAPHORE_EXPORT_HANDLE_TYPES_LIST_END = 0
	SEMAPHORE_TYPE = 203D
	SEMAPHORE_EXPORT_HANDLE_TYPES = 203F
	DEVICE_HANDLE_LIST = 2051

# SvmMemFlags[UInt64]
	MEM_READ_WRITE = 1
	MEM_WRITE_ONLY = 2
	MEM_READ_ONLY = 4
	MEM_USE_HOST_PTR = 8
	MEM_ALLOC_HOST_PTR = 10
	MEM_COPY_HOST_PTR = 20
	MEM_HOST_WRITE_ONLY = 80
	MEM_HOST_READ_ONLY = 100
	MEM_HOST_NO_ACCESS = 200
	MEM_SVM_FINE_GRAIN_BUFFER = 400
	MEM_SVM_ATOMICS = 800
	MEM_KERNEL_READ_AND_WRITE = 1000

# SvmMemFlagsArm[UInt64]
	MEM_SVM_FINE_GRAIN_BUFFER = 400
	MEM_SVM_ATOMICS = 800

# VaApiDeviceSetIntel[UInt32]
	PREFERRED_DEVICES_FOR_VA_API = 4095
	ALL_DEVICES_FOR_VA_API = 4096

# VaApiDeviceSourceIntel[UInt32]
	VA_API_DISPLAY = 4094


