


# 1.0
	clGetPlatformIDs
	clGetPlatformInfo
	clGetDeviceIDs
	clGetDeviceInfo
	clCreateContext
	clCreateContextFromType
	clRetainContext
	clReleaseContext
	clGetContextInfo
	clRetainCommandQueue
	clReleaseCommandQueue
	clGetCommandQueueInfo
	clCreateBuffer
	clRetainMemObject
	clReleaseMemObject
	clGetSupportedImageFormats
	clGetMemObjectInfo
	clGetImageInfo
	clRetainSampler
	clReleaseSampler
	clGetSamplerInfo
	clCreateProgramWithSource
	clCreateProgramWithBinary
	clRetainProgram
	clReleaseProgram
	clBuildProgram
	clGetProgramInfo
	clGetProgramBuildInfo
	clCreateKernel
	clCreateKernelsInProgram
	clRetainKernel
	clReleaseKernel
	clSetKernelArg
	clGetKernelInfo
	clGetKernelWorkGroupInfo
	clWaitForEvents
	clGetEventInfo
	clRetainEvent
	clReleaseEvent
	clGetEventProfilingInfo
	clFlush
	clFinish
	clEnqueueReadBuffer
	clEnqueueWriteBuffer
	clEnqueueCopyBuffer
	clEnqueueReadImage
	clEnqueueWriteImage
	clEnqueueCopyImage
	clEnqueueCopyImageToBuffer
	clEnqueueCopyBufferToImage
	clEnqueueMapBuffer
	clEnqueueMapImage
	clEnqueueUnmapMemObject
	clEnqueueNDRangeKernel
	clEnqueueNativeKernel
	clSetCommandQueueProperty
	clCreateImage2D
	clCreateImage3D
	clEnqueueMarker
	clEnqueueWaitForEvents
	clEnqueueBarrier
	clUnloadCompiler
	clGetExtensionFunctionAddress
	clCreateCommandQueue
	clCreateSampler
	clEnqueueTask

# 1.1
	clGetPlatformIDs
	clGetPlatformInfo
	clGetDeviceIDs
	clGetDeviceInfo
	clCreateContext
	clCreateContextFromType
	clRetainContext
	clReleaseContext
	clGetContextInfo
	clRetainCommandQueue
	clReleaseCommandQueue
	clGetCommandQueueInfo
	clCreateBuffer
	clRetainMemObject
	clReleaseMemObject
	clGetSupportedImageFormats
	clGetMemObjectInfo
	clGetImageInfo
	clRetainSampler
	clReleaseSampler
	clGetSamplerInfo
	clCreateProgramWithSource
	clCreateProgramWithBinary
	clRetainProgram
	clReleaseProgram
	clBuildProgram
	clGetProgramInfo
	clGetProgramBuildInfo
	clCreateKernel
	clCreateKernelsInProgram
	clRetainKernel
	clReleaseKernel
	clSetKernelArg
	clGetKernelInfo
	clGetKernelWorkGroupInfo
	clWaitForEvents
	clGetEventInfo
	clRetainEvent
	clReleaseEvent
	clGetEventProfilingInfo
	clFlush
	clFinish
	clEnqueueReadBuffer
	clEnqueueWriteBuffer
	clEnqueueCopyBuffer
	clEnqueueReadImage
	clEnqueueWriteImage
	clEnqueueCopyImage
	clEnqueueCopyImageToBuffer
	clEnqueueCopyBufferToImage
	clEnqueueMapBuffer
	clEnqueueMapImage
	clEnqueueUnmapMemObject
	clEnqueueNDRangeKernel
	clEnqueueNativeKernel
	clSetCommandQueueProperty
	clCreateImage2D
	clCreateImage3D
	clEnqueueMarker
	clEnqueueWaitForEvents
	clEnqueueBarrier
	clUnloadCompiler
	clGetExtensionFunctionAddress
	clCreateCommandQueue
	clCreateSampler
	clEnqueueTask
	clCreateSubBuffer
	clSetMemObjectDestructorCallback
	clCreateUserEvent
	clSetUserEventStatus
	clSetEventCallback
	clEnqueueReadBufferRect
	clEnqueueWriteBufferRect
	clEnqueueCopyBufferRect

# 1.2
	clGetPlatformIDs
	clGetPlatformInfo
	clGetDeviceIDs
	clGetDeviceInfo
	clCreateContext
	clCreateContextFromType
	clRetainContext
	clReleaseContext
	clGetContextInfo
	clRetainCommandQueue
	clReleaseCommandQueue
	clGetCommandQueueInfo
	clCreateBuffer
	clRetainMemObject
	clReleaseMemObject
	clGetSupportedImageFormats
	clGetMemObjectInfo
	clGetImageInfo
	clRetainSampler
	clReleaseSampler
	clGetSamplerInfo
	clCreateProgramWithSource
	clCreateProgramWithBinary
	clRetainProgram
	clReleaseProgram
	clBuildProgram
	clGetProgramInfo
	clGetProgramBuildInfo
	clCreateKernel
	clCreateKernelsInProgram
	clRetainKernel
	clReleaseKernel
	clSetKernelArg
	clGetKernelInfo
	clGetKernelWorkGroupInfo
	clWaitForEvents
	clGetEventInfo
	clRetainEvent
	clReleaseEvent
	clGetEventProfilingInfo
	clFlush
	clFinish
	clEnqueueReadBuffer
	clEnqueueWriteBuffer
	clEnqueueCopyBuffer
	clEnqueueReadImage
	clEnqueueWriteImage
	clEnqueueCopyImage
	clEnqueueCopyImageToBuffer
	clEnqueueCopyBufferToImage
	clEnqueueMapBuffer
	clEnqueueMapImage
	clEnqueueUnmapMemObject
	clEnqueueNDRangeKernel
	clEnqueueNativeKernel
	clSetCommandQueueProperty
	clCreateImage2D
	clCreateImage3D
	clEnqueueMarker
	clEnqueueWaitForEvents
	clEnqueueBarrier
	clUnloadCompiler
	clGetExtensionFunctionAddress
	clCreateCommandQueue
	clCreateSampler
	clEnqueueTask
	clCreateSubBuffer
	clSetMemObjectDestructorCallback
	clCreateUserEvent
	clSetUserEventStatus
	clSetEventCallback
	clEnqueueReadBufferRect
	clEnqueueWriteBufferRect
	clEnqueueCopyBufferRect
	clCreateSubDevices
	clRetainDevice
	clReleaseDevice
	clCreateImage
	clCreateProgramWithBuiltInKernels
	clCompileProgram
	clLinkProgram
	clUnloadPlatformCompiler
	clGetKernelArgInfo
	clEnqueueFillBuffer
	clEnqueueFillImage
	clEnqueueMigrateMemObjects
	clEnqueueMarkerWithWaitList
	clEnqueueBarrierWithWaitList
	clGetExtensionFunctionAddressForPlatform

# 2.0
	clGetPlatformIDs
	clGetPlatformInfo
	clGetDeviceIDs
	clGetDeviceInfo
	clCreateContext
	clCreateContextFromType
	clRetainContext
	clReleaseContext
	clGetContextInfo
	clRetainCommandQueue
	clReleaseCommandQueue
	clGetCommandQueueInfo
	clCreateBuffer
	clRetainMemObject
	clReleaseMemObject
	clGetSupportedImageFormats
	clGetMemObjectInfo
	clGetImageInfo
	clRetainSampler
	clReleaseSampler
	clGetSamplerInfo
	clCreateProgramWithSource
	clCreateProgramWithBinary
	clRetainProgram
	clReleaseProgram
	clBuildProgram
	clGetProgramInfo
	clGetProgramBuildInfo
	clCreateKernel
	clCreateKernelsInProgram
	clRetainKernel
	clReleaseKernel
	clSetKernelArg
	clGetKernelInfo
	clGetKernelWorkGroupInfo
	clWaitForEvents
	clGetEventInfo
	clRetainEvent
	clReleaseEvent
	clGetEventProfilingInfo
	clFlush
	clFinish
	clEnqueueReadBuffer
	clEnqueueWriteBuffer
	clEnqueueCopyBuffer
	clEnqueueReadImage
	clEnqueueWriteImage
	clEnqueueCopyImage
	clEnqueueCopyImageToBuffer
	clEnqueueCopyBufferToImage
	clEnqueueMapBuffer
	clEnqueueMapImage
	clEnqueueUnmapMemObject
	clEnqueueNDRangeKernel
	clEnqueueNativeKernel
	clSetCommandQueueProperty
	clCreateImage2D
	clCreateImage3D
	clEnqueueMarker
	clEnqueueWaitForEvents
	clEnqueueBarrier
	clUnloadCompiler
	clGetExtensionFunctionAddress
	clCreateCommandQueue
	clCreateSampler
	clEnqueueTask
	clCreateSubBuffer
	clSetMemObjectDestructorCallback
	clCreateUserEvent
	clSetUserEventStatus
	clSetEventCallback
	clEnqueueReadBufferRect
	clEnqueueWriteBufferRect
	clEnqueueCopyBufferRect
	clCreateSubDevices
	clRetainDevice
	clReleaseDevice
	clCreateImage
	clCreateProgramWithBuiltInKernels
	clCompileProgram
	clLinkProgram
	clUnloadPlatformCompiler
	clGetKernelArgInfo
	clEnqueueFillBuffer
	clEnqueueFillImage
	clEnqueueMigrateMemObjects
	clEnqueueMarkerWithWaitList
	clEnqueueBarrierWithWaitList
	clGetExtensionFunctionAddressForPlatform
	clCreateCommandQueueWithProperties
	clCreatePipe
	clGetPipeInfo
	clSVMAlloc
	clSVMFree
	clCreateSamplerWithProperties
	clSetKernelArgSVMPointer
	clSetKernelExecInfo
	clEnqueueSVMFree
	clEnqueueSVMMemcpy
	clEnqueueSVMMemFill
	clEnqueueSVMMap
	clEnqueueSVMUnmap

# 2.1
	clGetPlatformIDs
	clGetPlatformInfo
	clGetDeviceIDs
	clGetDeviceInfo
	clCreateContext
	clCreateContextFromType
	clRetainContext
	clReleaseContext
	clGetContextInfo
	clRetainCommandQueue
	clReleaseCommandQueue
	clGetCommandQueueInfo
	clCreateBuffer
	clRetainMemObject
	clReleaseMemObject
	clGetSupportedImageFormats
	clGetMemObjectInfo
	clGetImageInfo
	clRetainSampler
	clReleaseSampler
	clGetSamplerInfo
	clCreateProgramWithSource
	clCreateProgramWithBinary
	clRetainProgram
	clReleaseProgram
	clBuildProgram
	clGetProgramInfo
	clGetProgramBuildInfo
	clCreateKernel
	clCreateKernelsInProgram
	clRetainKernel
	clReleaseKernel
	clSetKernelArg
	clGetKernelInfo
	clGetKernelWorkGroupInfo
	clWaitForEvents
	clGetEventInfo
	clRetainEvent
	clReleaseEvent
	clGetEventProfilingInfo
	clFlush
	clFinish
	clEnqueueReadBuffer
	clEnqueueWriteBuffer
	clEnqueueCopyBuffer
	clEnqueueReadImage
	clEnqueueWriteImage
	clEnqueueCopyImage
	clEnqueueCopyImageToBuffer
	clEnqueueCopyBufferToImage
	clEnqueueMapBuffer
	clEnqueueMapImage
	clEnqueueUnmapMemObject
	clEnqueueNDRangeKernel
	clEnqueueNativeKernel
	clSetCommandQueueProperty
	clCreateImage2D
	clCreateImage3D
	clEnqueueMarker
	clEnqueueWaitForEvents
	clEnqueueBarrier
	clUnloadCompiler
	clGetExtensionFunctionAddress
	clCreateCommandQueue
	clCreateSampler
	clEnqueueTask
	clCreateSubBuffer
	clSetMemObjectDestructorCallback
	clCreateUserEvent
	clSetUserEventStatus
	clSetEventCallback
	clEnqueueReadBufferRect
	clEnqueueWriteBufferRect
	clEnqueueCopyBufferRect
	clCreateSubDevices
	clRetainDevice
	clReleaseDevice
	clCreateImage
	clCreateProgramWithBuiltInKernels
	clCompileProgram
	clLinkProgram
	clUnloadPlatformCompiler
	clGetKernelArgInfo
	clEnqueueFillBuffer
	clEnqueueFillImage
	clEnqueueMigrateMemObjects
	clEnqueueMarkerWithWaitList
	clEnqueueBarrierWithWaitList
	clGetExtensionFunctionAddressForPlatform
	clCreateCommandQueueWithProperties
	clCreatePipe
	clGetPipeInfo
	clSVMAlloc
	clSVMFree
	clCreateSamplerWithProperties
	clSetKernelArgSVMPointer
	clSetKernelExecInfo
	clEnqueueSVMFree
	clEnqueueSVMMemcpy
	clEnqueueSVMMemFill
	clEnqueueSVMMap
	clEnqueueSVMUnmap
	clSetDefaultDeviceCommandQueue
	clGetDeviceAndHostTimer
	clGetHostTimer
	clCreateProgramWithIL
	clCloneKernel
	clGetKernelSubGroupInfo
	clEnqueueSVMMigrateMem

# 2.2
	clGetPlatformIDs
	clGetPlatformInfo
	clGetDeviceIDs
	clGetDeviceInfo
	clCreateContext
	clCreateContextFromType
	clRetainContext
	clReleaseContext
	clGetContextInfo
	clRetainCommandQueue
	clReleaseCommandQueue
	clGetCommandQueueInfo
	clCreateBuffer
	clRetainMemObject
	clReleaseMemObject
	clGetSupportedImageFormats
	clGetMemObjectInfo
	clGetImageInfo
	clRetainSampler
	clReleaseSampler
	clGetSamplerInfo
	clCreateProgramWithSource
	clCreateProgramWithBinary
	clRetainProgram
	clReleaseProgram
	clBuildProgram
	clGetProgramInfo
	clGetProgramBuildInfo
	clCreateKernel
	clCreateKernelsInProgram
	clRetainKernel
	clReleaseKernel
	clSetKernelArg
	clGetKernelInfo
	clGetKernelWorkGroupInfo
	clWaitForEvents
	clGetEventInfo
	clRetainEvent
	clReleaseEvent
	clGetEventProfilingInfo
	clFlush
	clFinish
	clEnqueueReadBuffer
	clEnqueueWriteBuffer
	clEnqueueCopyBuffer
	clEnqueueReadImage
	clEnqueueWriteImage
	clEnqueueCopyImage
	clEnqueueCopyImageToBuffer
	clEnqueueCopyBufferToImage
	clEnqueueMapBuffer
	clEnqueueMapImage
	clEnqueueUnmapMemObject
	clEnqueueNDRangeKernel
	clEnqueueNativeKernel
	clSetCommandQueueProperty
	clCreateImage2D
	clCreateImage3D
	clEnqueueMarker
	clEnqueueWaitForEvents
	clEnqueueBarrier
	clUnloadCompiler
	clGetExtensionFunctionAddress
	clCreateCommandQueue
	clCreateSampler
	clEnqueueTask
	clCreateSubBuffer
	clSetMemObjectDestructorCallback
	clCreateUserEvent
	clSetUserEventStatus
	clSetEventCallback
	clEnqueueReadBufferRect
	clEnqueueWriteBufferRect
	clEnqueueCopyBufferRect
	clCreateSubDevices
	clRetainDevice
	clReleaseDevice
	clCreateImage
	clCreateProgramWithBuiltInKernels
	clCompileProgram
	clLinkProgram
	clUnloadPlatformCompiler
	clGetKernelArgInfo
	clEnqueueFillBuffer
	clEnqueueFillImage
	clEnqueueMigrateMemObjects
	clEnqueueMarkerWithWaitList
	clEnqueueBarrierWithWaitList
	clGetExtensionFunctionAddressForPlatform
	clCreateCommandQueueWithProperties
	clCreatePipe
	clGetPipeInfo
	clSVMAlloc
	clSVMFree
	clCreateSamplerWithProperties
	clSetKernelArgSVMPointer
	clSetKernelExecInfo
	clEnqueueSVMFree
	clEnqueueSVMMemcpy
	clEnqueueSVMMemFill
	clEnqueueSVMMap
	clEnqueueSVMUnmap
	clSetDefaultDeviceCommandQueue
	clGetDeviceAndHostTimer
	clGetHostTimer
	clCreateProgramWithIL
	clCloneKernel
	clGetKernelSubGroupInfo
	clEnqueueSVMMigrateMem
	clSetProgramReleaseCallback
	clSetProgramSpecializationConstant

# 3.0
	clGetPlatformIDs
	clGetPlatformInfo
	clGetDeviceIDs
	clGetDeviceInfo
	clCreateContext
	clCreateContextFromType
	clRetainContext
	clReleaseContext
	clGetContextInfo
	clRetainCommandQueue
	clReleaseCommandQueue
	clGetCommandQueueInfo
	clCreateBuffer
	clRetainMemObject
	clReleaseMemObject
	clGetSupportedImageFormats
	clGetMemObjectInfo
	clGetImageInfo
	clRetainSampler
	clReleaseSampler
	clGetSamplerInfo
	clCreateProgramWithSource
	clCreateProgramWithBinary
	clRetainProgram
	clReleaseProgram
	clBuildProgram
	clGetProgramInfo
	clGetProgramBuildInfo
	clCreateKernel
	clCreateKernelsInProgram
	clRetainKernel
	clReleaseKernel
	clSetKernelArg
	clGetKernelInfo
	clGetKernelWorkGroupInfo
	clWaitForEvents
	clGetEventInfo
	clRetainEvent
	clReleaseEvent
	clGetEventProfilingInfo
	clFlush
	clFinish
	clEnqueueReadBuffer
	clEnqueueWriteBuffer
	clEnqueueCopyBuffer
	clEnqueueReadImage
	clEnqueueWriteImage
	clEnqueueCopyImage
	clEnqueueCopyImageToBuffer
	clEnqueueCopyBufferToImage
	clEnqueueMapBuffer
	clEnqueueMapImage
	clEnqueueUnmapMemObject
	clEnqueueNDRangeKernel
	clEnqueueNativeKernel
	clSetCommandQueueProperty
	clCreateImage2D
	clCreateImage3D
	clEnqueueMarker
	clEnqueueWaitForEvents
	clEnqueueBarrier
	clUnloadCompiler
	clGetExtensionFunctionAddress
	clCreateCommandQueue
	clCreateSampler
	clEnqueueTask
	clCreateSubBuffer
	clSetMemObjectDestructorCallback
	clCreateUserEvent
	clSetUserEventStatus
	clSetEventCallback
	clEnqueueReadBufferRect
	clEnqueueWriteBufferRect
	clEnqueueCopyBufferRect
	clCreateSubDevices
	clRetainDevice
	clReleaseDevice
	clCreateImage
	clCreateProgramWithBuiltInKernels
	clCompileProgram
	clLinkProgram
	clUnloadPlatformCompiler
	clGetKernelArgInfo
	clEnqueueFillBuffer
	clEnqueueFillImage
	clEnqueueMigrateMemObjects
	clEnqueueMarkerWithWaitList
	clEnqueueBarrierWithWaitList
	clGetExtensionFunctionAddressForPlatform
	clCreateCommandQueueWithProperties
	clCreatePipe
	clGetPipeInfo
	clSVMAlloc
	clSVMFree
	clCreateSamplerWithProperties
	clSetKernelArgSVMPointer
	clSetKernelExecInfo
	clEnqueueSVMFree
	clEnqueueSVMMemcpy
	clEnqueueSVMMemFill
	clEnqueueSVMMap
	clEnqueueSVMUnmap
	clSetDefaultDeviceCommandQueue
	clGetDeviceAndHostTimer
	clGetHostTimer
	clCreateProgramWithIL
	clCloneKernel
	clGetKernelSubGroupInfo
	clEnqueueSVMMigrateMem
	clSetProgramReleaseCallback
	clSetProgramSpecializationConstant
	clSetContextDestructorCallback
	clCreateBufferWithProperties
	clCreateImageWithProperties


