Func [gl::DebugMessageEnable + AMD]
Func [gl::DebugMessageInsert + AMD]
Func [gl::BlendFuncIndexed + AMD]
Func [gl::GetNamedFramebufferParameterfv + AMD]
Func [gl::VertexAttribParameteri + AMD]
Func [gl::GenNames + AMD]
Func [gl::DeleteNames + AMD]
Func [gl::IsName + AMD]
Func [gl::QueryObjectParameterui + AMD]
Func [gl::GetPerfMonitorCounterInfo + AMD]
Func [gl::GetPerfMonitorCounterData + AMD]
Func [gl::SetMultisamplefv + AMD]
Func [gl::TessellationMode + AMD]
Func [gl::BufferParameteri + APPLE]
Func [gl::ObjectPurgeable + APPLE]
Func [gl::ObjectUnpurgeable + APPLE]
Func [gl::GetObjectParameteriv + APPLE]
Func [gl::TextureRange + APPLE]
Func [gl::GetTexParameterPointerv + APPLE]
Func [gl::EnableVertexAttrib + APPLE]
Func [gl::DisableVertexAttrib + APPLE]
Func [gl::IsVertexAttribEnabled + APPLE]
Func [gl::MakeImageHandleResident + ARB]
Func [gl::CreateSyncFromCLevent + ARB]
Func [gl::GetProgramBinary + /core\]
Func [gl::ProgramBinary + /core\]
Func [gl::GetObjectParameterfv + ARB]
Func [gl::GetObjectParameteriv + ARB]
Func [gl::NamedString + ARB]
Func [gl::GetNamedStringiv + ARB]
Func [gl::BufferPageCommitment + ARB]
Func [gl::SampleMaski + /core\]
Func [gl::EGLImageTargetTexStorage + EXT]
Func [gl::ClipControl + EXT]
Func [gl::LabelObject + EXT]
Func [gl::GetObjectLabel + EXT]
Func [gl::GetPointerIndexedv + EXT]
Func [gl::GetPointeri_v + EXT]
Func [gl::VertexArrayMultiTexCoordOffset + EXT]
Func [gl::TextureStorage2D + EXT]
Func [gl::TextureStorage3D + EXT]
Func [gl::TextureStorage3DMultisample + EXT]
Func [gl::DrawBuffers + EXT]
Func [gl::BufferStorageExternal + EXT]
Func [gl::GetUnsignedBytei_v + EXT]
Func [gl::DrawBuffersIndexed + EXT]
Func [gl::GetPixelTransformParameteriv + EXT]
Func [gl::GetPixelTransformParameterfv + EXT]
Func [gl::UseShaderProgram + EXT]
Func [gl::WindowRectangles + EXT]
Func [gl::ImportSync + EXT]
Func [gl::FlushStaticData + IBM]
Func [gl::MapTexture2D + INTEL]
Func [gl::GetObjectLabel + KHR]
Func [gl::GetPointerv + KHR]
Func [gl::LGPUNamedBufferSubData + NVX]
Func [gl::LGPUCopyImageSubData + NVX]
Func [gl::AlphaToCoverageDitherControl + NV]
Func [gl::MakeImageHandleResident + NV]
Func [gl::BlendParameteri + NV]
Func [gl::StateCapture + NV]
Func [gl::DrawCommands + NV]
Func [gl::DrawCommandsAddress + NV]
Func [gl::ConservativeRasterParameterf + NV]
Func [gl::ConservativeRasterParameteri + NV]
Func [gl::CoverageOperation + NV]
Func [gl::DrawBuffers + NV]
Func [gl::SampleMaskIndexed + NV]
Func [gl::CoverageModulation + NV]
Func [gl::ProgramSubroutineParametersuiv + NV]
Func [gl::GetProgramSubroutineParameteruiv + NV]
Func [gl::RenderGpuMask + NV]
Func [gl::MulticastBufferSubData + NV]
Func [gl::MulticastCopyBufferSubData + NV]
Func [gl::MulticastCopyImageSubData + NV]
Func [gl::MulticastBlitFramebuffer + NV]
Func [gl::MulticastWaitSync + NV]
Func [gl::MulticastGetQueryObjectiv + NV]
Func [gl::MulticastGetQueryObjectuiv + NV]
Func [gl::MulticastGetQueryObjecti64v + NV]
Func [gl::MulticastGetQueryObjectui64v + NV]
Func [gl::UploadGpuMask + NVX]
Func [gl::AsyncCopyBufferSubData + NVX]
Func [gl::AsyncCopyImageSubData + NVX]
Func [gl::GetMemoryObjectDetachedResourcesuiv + NV]
Func [gl::ResetMemoryObjectParameter + NV]
Func [gl::MatrixLoad3x2f + NV]
Func [gl::MatrixLoad3x3f + NV]
Func [gl::MatrixLoadTranspose3x3f + NV]
Func [gl::MatrixMult3x2f + NV]
Func [gl::MatrixMult3x3f + NV]
Func [gl::MatrixMultTranspose3x3f + NV]
Func [gl::PathGlyphIndexRange + NV]
Func [gl::PathGlyphIndexArray + NV]
Func [gl::PathMemoryGlyphIndexArray + NV]
Func [gl::ProgramPathFragmentInputGen + NV]
Func [gl::GetProgramResourcefv + NV]
Func [gl::PresentFrameKeyed + NV]
Func [gl::PresentFrameDualFill + NV]
Func [gl::GetVideoiv + NV]
Func [gl::GetVideouiv + NV]
Func [gl::GetVideoi64v + NV]
Func [gl::GetVideoui64v + NV]
Func [gl::QueryResource + NV]
Func [gl::ReadBuffer + NV]
Func [gl::MakeBufferResident + NV]
Func [gl::MakeBufferNonResident + NV]
Func [gl::IsBufferResident + NV]
Func [gl::MakeNamedBufferResident + NV]
Func [gl::GetBufferParameterui64v + NV]
Func [gl::GetIntegerui64v + NV]
Func [gl::GetShadingRateImagePalette + NV]
Func [gl::GetShadingRateSampleLocationiv + NV]
Func [gl::ShadingRateImagePalette + NV]
Func [gl::ShadingRateSampleOrder + NV]
Func [gl::ShadingRateSampleOrderCustom + NV]
Func [gl::TransformFeedbackAttribs + NV]
Func [gl::GetActiveVarying + NV]
Func [gl::TransformFeedbackStreamAttribs + NV]
Func [gl::VDPAURegisterVideoSurface + NV]
Func [gl::VDPAURegisterOutputSurface + NV]
Func [gl::VDPAUGetSurfaceiv + NV]
Func [gl::VDPAUSurfaceAccess + NV]
Func [gl::VDPAURegisterVideoSurfaceWithPictureStructure + NV]
Func [gl::BufferAddressRange + NV]
Func [gl::NormalFormat + NV]
Func [gl::IndexFormat + NV]
Func [gl::TexCoordFormat + NV]
Func [gl::FogCoordFormat + NV]
Func [gl::GetIntegerui64i_v + NV]
Func [gl::BindVideoCaptureStreamBuffer + NV]
Func [gl::BindVideoCaptureStreamTexture + NV]
Func [gl::GetVideoCaptureiv + NV]
Func [gl::GetVideoCaptureStreamiv + NV]
Func [gl::GetVideoCaptureStreamfv + NV]
Func [gl::GetVideoCaptureStreamdv + NV]
Func [gl::VideoCapture + NV]
Func [gl::VideoCaptureStreamParameteriv + NV]
Func [gl::VideoCaptureStreamParameterfv + NV]
Func [gl::VideoCaptureStreamParameterdv + NV]
Func [gl::ViewportSwizzle + NV]
Func [gl::EGLImageTargetTexture2D + OES]
Func [gl::EGLImageTargetRenderbufferStorage + OES]
Func [gl::Accumx + OES]
Func [gl::FeedbackBufferx + OES]
Func [gl::GetConvolutionParameterxv + OES]
Func [gl::GetProgramBinary + OES]
Func [gl::ProgramBinary + OES]
Func [gl::UnmapBuffer + OES]
Func [gl::WeightPointer + OES]
Func [gl::PointSizePointer + OES]
Func [gl::QueryMatrixx + OES]
Func [gl::AlphaFunc + QCOM]
Func [gl::ExtGetTexLevelParameteriv + QCOM]
Func [gl::ExtTexObjectStateOverridei + QCOM]
Func [gl::ExtGetTexSubImage + QCOM]
Func [gl::ExtGetBufferPointerv + QCOM]
Func [gl::IglooInterface + SGIX]
Func [wgl::BlitContextFramebuffer + AMD]
Func [glx::GetGPUInfo + AMD]
Func [glx::BlitContextFramebuffer + AMD]
Func [glx::CopyBufferSubData + NV]
Func [glx::CopyImageSubData + NV]
Func [glx::ChannelRectSync + SGIX]
