Enum "GL_ACTIVE_PROGRAM_EXT" had api "gles2"
Skipped group attrib for type [GLfloat]
Skipped group attrib for type [GLint]
Skipped group attrib for type [GLuint]
Skipped group attrib for type [GLboolean]
Skipped group attrib for type [GLbyte]
Skipped group attrib for type [GLdouble]
Skipped group attrib for type [GLshort]
Skipped group attrib for type [GLubyte]
Skipped group attrib for type [GLushort]
Skipped group attrib for type [GLsizei]
Skipped group attrib for type [void]
Skipped group attrib for type [GLsizeiptr]
Skipped group attrib for type [GLintptr]
Skipped group attrib for type [GLsync]
Invalid api: [gles1]
Invalid api: [gles2]
Invalid api: [glsc2]
Skipped group attrib for type [struct _cl_context]
Skipped group attrib for type [struct _cl_event]
Skipped group attrib for type [GLhandleARB]
Skipped group attrib for type [GLsizeiptrARB]
Skipped group attrib for type [GLintptrARB]
Skipped group attrib for type [GLclampd]
Skipped group attrib for type [GLclampf]
Invalid api: [disabled]
Group [SampleMaskNV] isn't defined
Skipped group attrib for type [GLhalfNV]
Skipped group attrib for type [GLvdpauSurfaceNV]
Skipped group attrib for type [GLfixed]
Group [ContextFlagMask] wasn't used in any function
Group [ContextProfileMask] wasn't used in any function
Group [SubgroupSupportedFeatures] wasn't used in any function
Group [FragmentShaderDestMaskATI] wasn't used in any function
Group [FragmentShaderDestModMaskATI] wasn't used in any function
Group [FragmentShaderColorModMaskATI] wasn't used in any function
Group [TraceMaskMESA] wasn't used in any function
Group [PerformanceQueryCapsMaskINTEL] wasn't used in any function
Group [VertexHintsMaskPGI] wasn't used in any function
Group [FoveationConfigBitQCOM] wasn't used in any function
Group [CommandOpcodesNV] wasn't used in any function
Group [MapTextureFormatINTEL] wasn't used in any function
Group [TransformFeedbackTokenNV] wasn't used in any function
Group [TriangleListSUN] wasn't used in any function
Group [TextureSwizzle] wasn't used in any function
Group [TextureCompareMode] wasn't used in any function
Group [PixelTexGenMode] wasn't used in any function
Group [TextureEnvMode] wasn't used in any function
Group [LightEnvModeSGIX] wasn't used in any function
Group [ColorMaterialFace] wasn't used in any function
Group [FeedBackToken] wasn't used in any function
Group [FogMode] wasn't used in any function
Group [GetPixelMap] wasn't used in any function
Group [GlslTypeToken] wasn't used in any function
Group [TextureGenMode] wasn't used in any function
Group [TextureMagFilter] wasn't used in any function
Group [TextureMinFilter] wasn't used in any function
Group [TextureWrapMode] wasn't used in any function
Group [GetConvolutionParameter] wasn't used in any function
Group [ConvolutionBorderModeEXT] wasn't used in any function
Group [PointParameterNameSGIS] wasn't used in any function
Group [TextureFilterFuncSGIS] wasn't used in any function
Group [LightModelColorControl] wasn't used in any function
Group [VertexBufferObjectParameter] wasn't used in any function
Group [PixelStoreResampleMode] wasn't used in any function
Group [PixelStoreSubsampleRate] wasn't used in any function
Group [CheckFramebufferStatusTarget] wasn't used in any function
Group [DrawBufferModeATI] wasn't used in any function
Group [FramebufferFetchNoncoherent] wasn't used in any function
Group [ContextFlagMask] wasn't used in any function
Group [ContextProfileMask] wasn't used in any function
Group [SubgroupSupportedFeatures] wasn't used in any function
Group [FragmentShaderDestMaskATI] wasn't used in any function
Group [FragmentShaderDestModMaskATI] wasn't used in any function
Group [FragmentShaderColorModMaskATI] wasn't used in any function
Group [TraceMaskMESA] wasn't used in any function
Group [PerformanceQueryCapsMaskINTEL] wasn't used in any function
Group [VertexHintsMaskPGI] wasn't used in any function
Group [FoveationConfigBitQCOM] wasn't used in any function
Group [CommandOpcodesNV] wasn't used in any function
Group [MapTextureFormatINTEL] wasn't used in any function
Group [TransformFeedbackTokenNV] wasn't used in any function
Group [TriangleListSUN] wasn't used in any function
Group [TextureSwizzle] wasn't used in any function
Group [TextureCompareMode] wasn't used in any function
Group [PixelTexGenMode] wasn't used in any function
Group [TextureEnvMode] wasn't used in any function
Group [LightEnvModeSGIX] wasn't used in any function
Group [ColorMaterialFace] wasn't used in any function
Group [FeedBackToken] wasn't used in any function
Group [FogMode] wasn't used in any function
Group [GetPixelMap] wasn't used in any function
Group [GlslTypeToken] wasn't used in any function
Group [TextureGenMode] wasn't used in any function
Group [TextureMagFilter] wasn't used in any function
Group [TextureMinFilter] wasn't used in any function
Group [TextureWrapMode] wasn't used in any function
Group [GetConvolutionParameter] wasn't used in any function
Group [ConvolutionBorderModeEXT] wasn't used in any function
Group [PointParameterNameSGIS] wasn't used in any function
Group [TextureFilterFuncSGIS] wasn't used in any function
Group [LightModelColorControl] wasn't used in any function
Group [VertexBufferObjectParameter] wasn't used in any function
Group [PixelStoreResampleMode] wasn't used in any function
Group [PixelStoreSubsampleRate] wasn't used in any function
Group [CheckFramebufferStatusTarget] wasn't used in any function
Group [DrawBufferModeATI] wasn't used in any function
Group [FramebufferFetchNoncoherent] wasn't used in any function
Group [ContextFlagMask] wasn't used in any function
Group [ContextProfileMask] wasn't used in any function
Group [SubgroupSupportedFeatures] wasn't used in any function
Group [FragmentShaderDestMaskATI] wasn't used in any function
Group [FragmentShaderDestModMaskATI] wasn't used in any function
Group [FragmentShaderColorModMaskATI] wasn't used in any function
Group [TraceMaskMESA] wasn't used in any function
Group [PerformanceQueryCapsMaskINTEL] wasn't used in any function
Group [VertexHintsMaskPGI] wasn't used in any function
Group [FoveationConfigBitQCOM] wasn't used in any function
Group [CommandOpcodesNV] wasn't used in any function
Group [MapTextureFormatINTEL] wasn't used in any function
Group [TransformFeedbackTokenNV] wasn't used in any function
Group [TriangleListSUN] wasn't used in any function
Group [TextureSwizzle] wasn't used in any function
Group [TextureCompareMode] wasn't used in any function
Group [PixelTexGenMode] wasn't used in any function
Group [TextureEnvMode] wasn't used in any function
Group [LightEnvModeSGIX] wasn't used in any function
Group [ColorMaterialFace] wasn't used in any function
Group [FeedBackToken] wasn't used in any function
Group [FogMode] wasn't used in any function
Group [GetPixelMap] wasn't used in any function
Group [GlslTypeToken] wasn't used in any function
Group [TextureGenMode] wasn't used in any function
Group [TextureMagFilter] wasn't used in any function
Group [TextureMinFilter] wasn't used in any function
Group [TextureWrapMode] wasn't used in any function
Group [GetConvolutionParameter] wasn't used in any function
Group [ConvolutionBorderModeEXT] wasn't used in any function
Group [PointParameterNameSGIS] wasn't used in any function
Group [TextureFilterFuncSGIS] wasn't used in any function
Group [LightModelColorControl] wasn't used in any function
Group [VertexBufferObjectParameter] wasn't used in any function
Group [PixelStoreResampleMode] wasn't used in any function
Group [PixelStoreSubsampleRate] wasn't used in any function
Group [CheckFramebufferStatusTarget] wasn't used in any function
Group [DrawBufferModeATI] wasn't used in any function
Group [FramebufferFetchNoncoherent] wasn't used in any function
