


# 1.0
	glXChooseVisual
	glXCreateContext
	glXDestroyContext
	glXMakeCurrent
	glXCopyContext
	glXSwapBuffers
	glXCreateGLXPixmap
	glXDestroyGLXPixmap
	glXQueryExtension
	glXQueryVersion
	glXIsDirect
	glXGetConfig
	glXGetCurrentContext
	glXGetCurrentDrawable
	glXWaitGL
	glXWaitX
	glXUseXFont

# 1.1
	glXChooseVisual
	glXCreateContext
	glXDestroyContext
	glXMakeCurrent
	glXCopyContext
	glXSwapBuffers
	glXCreateGLXPixmap
	glXDestroyGLXPixmap
	glXQueryExtension
	glXQueryVersion
	glXIsDirect
	glXGetConfig
	glXGetCurrentContext
	glXGetCurrentDrawable
	glXWaitGL
	glXWaitX
	glXUseXFont
	glXQueryExtensionsString
	glXQueryServerString
	glXGetClientString

# 1.2
	glXChooseVisual
	glXCreateContext
	glXDestroyContext
	glXMakeCurrent
	glXCopyContext
	glXSwapBuffers
	glXCreateGLXPixmap
	glXDestroyGLXPixmap
	glXQueryExtension
	glXQueryVersion
	glXIsDirect
	glXGetConfig
	glXGetCurrentContext
	glXGetCurrentDrawable
	glXWaitGL
	glXWaitX
	glXUseXFont
	glXQueryExtensionsString
	glXQueryServerString
	glXGetClientString
	glXGetCurrentDisplay

# 1.3
	glXChooseVisual
	glXCreateContext
	glXDestroyContext
	glXMakeCurrent
	glXCopyContext
	glXSwapBuffers
	glXCreateGLXPixmap
	glXDestroyGLXPixmap
	glXQueryExtension
	glXQueryVersion
	glXIsDirect
	glXGetConfig
	glXGetCurrentContext
	glXGetCurrentDrawable
	glXWaitGL
	glXWaitX
	glXUseXFont
	glXQueryExtensionsString
	glXQueryServerString
	glXGetClientString
	glXGetCurrentDisplay
	glXGetFBConfigs
	glXChooseFBConfig
	glXGetFBConfigAttrib
	glXGetVisualFromFBConfig
	glXCreateWindow
	glXDestroyWindow
	glXCreatePixmap
	glXDestroyPixmap
	glXCreatePbuffer
	glXDestroyPbuffer
	glXQueryDrawable
	glXCreateNewContext
	glXMakeContextCurrent
	glXGetCurrentReadDrawable
	glXQueryContext
	glXSelectEvent
	glXGetSelectedEvent

# 1.4
	glXChooseVisual
	glXCreateContext
	glXDestroyContext
	glXMakeCurrent
	glXCopyContext
	glXSwapBuffers
	glXCreateGLXPixmap
	glXDestroyGLXPixmap
	glXQueryExtension
	glXQueryVersion
	glXIsDirect
	glXGetConfig
	glXGetCurrentContext
	glXGetCurrentDrawable
	glXWaitGL
	glXWaitX
	glXUseXFont
	glXQueryExtensionsString
	glXQueryServerString
	glXGetClientString
	glXGetCurrentDisplay
	glXGetFBConfigs
	glXChooseFBConfig
	glXGetFBConfigAttrib
	glXGetVisualFromFBConfig
	glXCreateWindow
	glXDestroyWindow
	glXCreatePixmap
	glXDestroyPixmap
	glXCreatePbuffer
	glXDestroyPbuffer
	glXQueryDrawable
	glXCreateNewContext
	glXMakeContextCurrent
	glXGetCurrentReadDrawable
	glXQueryContext
	glXSelectEvent
	glXGetSelectedEvent
	glXGetProcAddress


