Сравниваю версии -.- и 1.1:
New func: "glAccum"
New func: "glAlphaFunc"
New func: "glAreTexturesResident"
New func: "glArrayElement"
New func: "glBegin"
New func: "glBindTexture"
New func: "glBitmap"
New func: "glBlendFunc"
New func: "glCallList"
New func: "glCallLists"
New func: "glClear"
New func: "glClearAccum"
New func: "glClearColor"
New func: "glClearDepth"
New func: "glClearIndex"
New func: "glClearStencil"
New func: "glClipPlane"
New func: "glColor3b"
New func: "glColor3bv"
New func: "glColor3d"
New func: "glColor3dv"
New func: "glColor3f"
New func: "glColor3fv"
New func: "glColor3i"
New func: "glColor3iv"
New func: "glColor3s"
New func: "glColor3sv"
New func: "glColor3ub"
New func: "glColor3ubv"
New func: "glColor3ui"
New func: "glColor3uiv"
New func: "glColor3us"
New func: "glColor3usv"
New func: "glColor4b"
New func: "glColor4bv"
New func: "glColor4d"
New func: "glColor4dv"
New func: "glColor4f"
New func: "glColor4fv"
New func: "glColor4i"
New func: "glColor4iv"
New func: "glColor4s"
New func: "glColor4sv"
New func: "glColor4ub"
New func: "glColor4ubv"
New func: "glColor4ui"
New func: "glColor4uiv"
New func: "glColor4us"
New func: "glColor4usv"
New func: "glColorMask"
New func: "glColorMaterial"
New func: "glColorPointer"
New func: "glCopyPixels"
New func: "glCopyTexImage1D"
New func: "glCopyTexImage2D"
New func: "glCopyTexSubImage1D"
New func: "glCopyTexSubImage2D"
New func: "glCullFace"
New func: "glDeleteLists"
New func: "glDeleteTextures"
New func: "glDepthFunc"
New func: "glDepthMask"
New func: "glDepthRange"
New func: "glDisable"
New func: "glDisableClientState"
New func: "glDrawArrays"
New func: "glDrawBuffer"
New func: "glDrawElements"
New func: "glDrawPixels"
New func: "glEdgeFlag"
New func: "glEdgeFlagPointer"
New func: "glEdgeFlagv"
New func: "glEnable"
New func: "glEnableClientState"
New func: "glEnd"
New func: "glEndList"
New func: "glEvalCoord1d"
New func: "glEvalCoord1dv"
New func: "glEvalCoord1f"
New func: "glEvalCoord1fv"
New func: "glEvalCoord2d"
New func: "glEvalCoord2dv"
New func: "glEvalCoord2f"
New func: "glEvalCoord2fv"
New func: "glEvalMesh1"
New func: "glEvalMesh2"
New func: "glEvalPoint1"
New func: "glEvalPoint2"
New func: "glFeedbackBuffer"
New func: "glFinish"
New func: "glFlush"
New func: "glFogf"
New func: "glFogfv"
New func: "glFogi"
New func: "glFogiv"
New func: "glFrontFace"
New func: "glFrustum"
New func: "glGenLists"
New func: "glGenTextures"
New func: "glGetBooleanv"
New func: "glGetClipPlane"
New func: "glGetDoublev"
New func: "glGetError"
New func: "glGetFloatv"
New func: "glGetIntegerv"
New func: "glGetLightfv"
New func: "glGetLightiv"
New func: "glGetMapdv"
New func: "glGetMapfv"
New func: "glGetMapiv"
New func: "glGetMaterialfv"
New func: "glGetMaterialiv"
New func: "glGetPixelMapfv"
New func: "glGetPixelMapuiv"
New func: "glGetPixelMapusv"
New func: "glGetPointerv"
New func: "glGetPolygonStipple"
New func: "glGetString"
New func: "glGetTexEnvfv"
New func: "glGetTexEnviv"
New func: "glGetTexGenfv"
New func: "glGetTexGeniv"
New func: "glGetTexImage"
New func: "glGetTexLevelParameterfv"
New func: "glGetTexLevelParameteriv"
New func: "glGetTexParameterfv"
New func: "glGetTexParameteriv"
New func: "glHint"
New func: "glIndexd"
New func: "glIndexdv"
New func: "glIndexf"
New func: "glIndexfv"
New func: "glIndexi"
New func: "glIndexiv"
New func: "glIndexMask"
New func: "glIndexPointer"
New func: "glIndexs"
New func: "glIndexsv"
New func: "glIndexub"
New func: "glIndexubv"
New func: "glInitNames"
New func: "glInterleavedArrays"
New func: "glIsEnabled"
New func: "glIsList"
New func: "glIsTexture"
New func: "glLightf"
New func: "glLightfv"
New func: "glLighti"
New func: "glLightiv"
New func: "glLightModelf"
New func: "glLightModelfv"
New func: "glLightModeli"
New func: "glLightModeliv"
New func: "glLineStipple"
New func: "glLineWidth"
New func: "glListBase"
New func: "glLoadIdentity"
New func: "glLoadMatrixd"
New func: "glLoadMatrixf"
New func: "glLoadName"
New func: "glLogicOp"
New func: "glMap1d"
New func: "glMap1f"
New func: "glMap2d"
New func: "glMap2f"
New func: "glMapGrid1d"
New func: "glMapGrid1f"
New func: "glMapGrid2d"
New func: "glMapGrid2f"
New func: "glMaterialf"
New func: "glMaterialfv"
New func: "glMateriali"
New func: "glMaterialiv"
New func: "glMatrixMode"
New func: "glMultMatrixd"
New func: "glMultMatrixf"
New func: "glNewList"
New func: "glNormal3b"
New func: "glNormal3bv"
New func: "glNormal3d"
New func: "glNormal3dv"
New func: "glNormal3f"
New func: "glNormal3fv"
New func: "glNormal3i"
New func: "glNormal3iv"
New func: "glNormal3s"
New func: "glNormal3sv"
New func: "glNormalPointer"
New func: "glOrtho"
New func: "glPassThrough"
New func: "glPixelMapfv"
New func: "glPixelMapuiv"
New func: "glPixelMapusv"
New func: "glPixelStoref"
New func: "glPixelStorei"
New func: "glPixelTransferf"
New func: "glPixelTransferi"
New func: "glPixelZoom"
New func: "glPointSize"
New func: "glPolygonMode"
New func: "glPolygonOffset"
New func: "glPolygonStipple"
New func: "glPopAttrib"
New func: "glPopClientAttrib"
New func: "glPopMatrix"
New func: "glPopName"
New func: "glPrioritizeTextures"
New func: "glPushAttrib"
New func: "glPushClientAttrib"
New func: "glPushMatrix"
New func: "glPushName"
New func: "glRasterPos2d"
New func: "glRasterPos2dv"
New func: "glRasterPos2f"
New func: "glRasterPos2fv"
New func: "glRasterPos2i"
New func: "glRasterPos2iv"
New func: "glRasterPos2s"
New func: "glRasterPos2sv"
New func: "glRasterPos3d"
New func: "glRasterPos3dv"
New func: "glRasterPos3f"
New func: "glRasterPos3fv"
New func: "glRasterPos3i"
New func: "glRasterPos3iv"
New func: "glRasterPos3s"
New func: "glRasterPos3sv"
New func: "glRasterPos4d"
New func: "glRasterPos4dv"
New func: "glRasterPos4f"
New func: "glRasterPos4fv"
New func: "glRasterPos4i"
New func: "glRasterPos4iv"
New func: "glRasterPos4s"
New func: "glRasterPos4sv"
New func: "glReadBuffer"
New func: "glReadPixels"
New func: "glRectd"
New func: "glRectdv"
New func: "glRectf"
New func: "glRectfv"
New func: "glRecti"
New func: "glRectiv"
New func: "glRects"
New func: "glRectsv"
New func: "glRenderMode"
New func: "glRotated"
New func: "glRotatef"
New func: "glScaled"
New func: "glScalef"
New func: "glScissor"
New func: "glSelectBuffer"
New func: "glShadeModel"
New func: "glStencilFunc"
New func: "glStencilMask"
New func: "glStencilOp"
New func: "glTexCoord1d"
New func: "glTexCoord1dv"
New func: "glTexCoord1f"
New func: "glTexCoord1fv"
New func: "glTexCoord1i"
New func: "glTexCoord1iv"
New func: "glTexCoord1s"
New func: "glTexCoord1sv"
New func: "glTexCoord2d"
New func: "glTexCoord2dv"
New func: "glTexCoord2f"
New func: "glTexCoord2fv"
New func: "glTexCoord2i"
New func: "glTexCoord2iv"
New func: "glTexCoord2s"
New func: "glTexCoord2sv"
New func: "glTexCoord3d"
New func: "glTexCoord3dv"
New func: "glTexCoord3f"
New func: "glTexCoord3fv"
New func: "glTexCoord3i"
New func: "glTexCoord3iv"
New func: "glTexCoord3s"
New func: "glTexCoord3sv"
New func: "glTexCoord4d"
New func: "glTexCoord4dv"
New func: "glTexCoord4f"
New func: "glTexCoord4fv"
New func: "glTexCoord4i"
New func: "glTexCoord4iv"
New func: "glTexCoord4s"
New func: "glTexCoord4sv"
New func: "glTexCoordPointer"
New func: "glTexEnvf"
New func: "glTexEnvfv"
New func: "glTexEnvi"
New func: "glTexEnviv"
New func: "glTexGend"
New func: "glTexGendv"
New func: "glTexGenf"
New func: "glTexGenfv"
New func: "glTexGeni"
New func: "glTexGeniv"
New func: "glTexImage1D"
New func: "glTexImage2D"
New func: "glTexParameterf"
New func: "glTexParameterfv"
New func: "glTexParameteri"
New func: "glTexParameteriv"
New func: "glTexSubImage1D"
New func: "glTexSubImage2D"
New func: "glTranslated"
New func: "glTranslatef"
New func: "glVertex2d"
New func: "glVertex2dv"
New func: "glVertex2f"
New func: "glVertex2fv"
New func: "glVertex2i"
New func: "glVertex2iv"
New func: "glVertex2s"
New func: "glVertex2sv"
New func: "glVertex3d"
New func: "glVertex3dv"
New func: "glVertex3f"
New func: "glVertex3fv"
New func: "glVertex3i"
New func: "glVertex3iv"
New func: "glVertex3s"
New func: "glVertex3sv"
New func: "glVertex4d"
New func: "glVertex4dv"
New func: "glVertex4f"
New func: "glVertex4fv"
New func: "glVertex4i"
New func: "glVertex4iv"
New func: "glVertex4s"
New func: "glVertex4sv"
New func: "glVertexPointer"
New func: "glViewport"

==================================================

Сравниваю версии 1.1 и 1.2.1:
New func: "glActiveTextureARB"
New func: "glBlendColor"
New func: "glBlendEquation"
New func: "glClientActiveTextureARB"
New func: "glColorSubTable"
New func: "glColorTable"
New func: "glColorTableParameterfv"
New func: "glColorTableParameteriv"
New func: "glConvolutionFilter1D"
New func: "glConvolutionFilter2D"
New func: "glConvolutionParameterf"
New func: "glConvolutionParameterfv"
New func: "glConvolutionParameteri"
New func: "glConvolutionParameteriv"
New func: "glCopyColorSubTable"
New func: "glCopyColorTable"
New func: "glCopyConvolutionFilter1D"
New func: "glCopyConvolutionFilter2D"
New func: "glCopyTexSubImage3D"
New func: "glDrawRangeElements"
New func: "glGetColorTable"
New func: "glGetColorTableParameterfv"
New func: "glGetColorTableParameteriv"
New func: "glGetConvolutionFilter"
New func: "glGetConvolutionParameterfv"
New func: "glGetConvolutionParameteriv"
New func: "glGetHistogram"
New func: "glGetHistogramParameterfv"
New func: "glGetHistogramParameteriv"
New func: "glGetMinmax"
New func: "glGetMinmaxParameterfv"
New func: "glGetMinmaxParameteriv"
New func: "glGetSeparableFilter"
New func: "glHistogram"
New func: "glMinmax"
New func: "glMultiTexCoord1dARB"
New func: "glMultiTexCoord1dvARB"
New func: "glMultiTexCoord1fARB"
New func: "glMultiTexCoord1fvARB"
New func: "glMultiTexCoord1iARB"
New func: "glMultiTexCoord1ivARB"
New func: "glMultiTexCoord1sARB"
New func: "glMultiTexCoord1svARB"
New func: "glMultiTexCoord2dARB"
New func: "glMultiTexCoord2dvARB"
New func: "glMultiTexCoord2fARB"
New func: "glMultiTexCoord2fvARB"
New func: "glMultiTexCoord2iARB"
New func: "glMultiTexCoord2ivARB"
New func: "glMultiTexCoord2sARB"
New func: "glMultiTexCoord2svARB"
New func: "glMultiTexCoord3dARB"
New func: "glMultiTexCoord3dvARB"
New func: "glMultiTexCoord3fARB"
New func: "glMultiTexCoord3fvARB"
New func: "glMultiTexCoord3iARB"
New func: "glMultiTexCoord3ivARB"
New func: "glMultiTexCoord3sARB"
New func: "glMultiTexCoord3svARB"
New func: "glMultiTexCoord4dARB"
New func: "glMultiTexCoord4dvARB"
New func: "glMultiTexCoord4fARB"
New func: "glMultiTexCoord4fvARB"
New func: "glMultiTexCoord4iARB"
New func: "glMultiTexCoord4ivARB"
New func: "glMultiTexCoord4sARB"
New func: "glMultiTexCoord4svARB"
New func: "glResetHistogram"
New func: "glResetMinmax"
New func: "glSeparableFilter2D"
New func: "glTexImage3D"
New func: "glTexSubImage3D"

==================================================

Сравниваю версии 1.2.1 и 1.3:
Upd func: "glActiveTexture" (removed trailing "ARB")
Upd func: "glClientActiveTexture" (removed trailing "ARB")
New func: "glCompressedTexImage1D"
New func: "glCompressedTexImage2D"
New func: "glCompressedTexImage3D"
New func: "glCompressedTexSubImage1D"
New func: "glCompressedTexSubImage2D"
New func: "glCompressedTexSubImage3D"
New func: "glGetCompressedTexImage"
New func: "glLoadTransposeMatrixd"
New func: "glLoadTransposeMatrixf"
Upd func: "glMultiTexCoord1d" (removed trailing "ARB")
Upd func: "glMultiTexCoord1dv" (removed trailing "ARB")
Upd func: "glMultiTexCoord1f" (removed trailing "ARB")
Upd func: "glMultiTexCoord1fv" (removed trailing "ARB")
Upd func: "glMultiTexCoord1i" (removed trailing "ARB")
Upd func: "glMultiTexCoord1iv" (removed trailing "ARB")
Upd func: "glMultiTexCoord1s" (removed trailing "ARB")
Upd func: "glMultiTexCoord1sv" (removed trailing "ARB")
Upd func: "glMultiTexCoord2d" (removed trailing "ARB")
Upd func: "glMultiTexCoord2dv" (removed trailing "ARB")
Upd func: "glMultiTexCoord2f" (removed trailing "ARB")
Upd func: "glMultiTexCoord2fv" (removed trailing "ARB")
Upd func: "glMultiTexCoord2i" (removed trailing "ARB")
Upd func: "glMultiTexCoord2iv" (removed trailing "ARB")
Upd func: "glMultiTexCoord2s" (removed trailing "ARB")
Upd func: "glMultiTexCoord2sv" (removed trailing "ARB")
Upd func: "glMultiTexCoord3d" (removed trailing "ARB")
Upd func: "glMultiTexCoord3dv" (removed trailing "ARB")
Upd func: "glMultiTexCoord3f" (removed trailing "ARB")
Upd func: "glMultiTexCoord3fv" (removed trailing "ARB")
Upd func: "glMultiTexCoord3i" (removed trailing "ARB")
Upd func: "glMultiTexCoord3iv" (removed trailing "ARB")
Upd func: "glMultiTexCoord3s" (removed trailing "ARB")
Upd func: "glMultiTexCoord3sv" (removed trailing "ARB")
Upd func: "glMultiTexCoord4d" (removed trailing "ARB")
Upd func: "glMultiTexCoord4dv" (removed trailing "ARB")
Upd func: "glMultiTexCoord4f" (removed trailing "ARB")
Upd func: "glMultiTexCoord4fv" (removed trailing "ARB")
Upd func: "glMultiTexCoord4i" (removed trailing "ARB")
Upd func: "glMultiTexCoord4iv" (removed trailing "ARB")
Upd func: "glMultiTexCoord4s" (removed trailing "ARB")
Upd func: "glMultiTexCoord4sv" (removed trailing "ARB")
New func: "glMultTransposeMatrixd"
New func: "glMultTransposeMatrixf"
New func: "glSampleCoverage"

==================================================

Сравниваю версии 1.3 и 1.4:
New func: "glBlendFuncSeparate"
New func: "glFogCoordd"
New func: "glFogCoorddv"
New func: "glFogCoordf"
New func: "glFogCoordfv"
New func: "glFogCoordPointer"
New func: "glMultiDrawArrays"
New func: "glMultiDrawElements"
New func: "glPointParameterf"
New func: "glPointParameterfv"
New func: "glPointParameteri"
New func: "glPointParameteriv"
New func: "glSecondaryColor3b"
New func: "glSecondaryColor3bv"
New func: "glSecondaryColor3d"
New func: "glSecondaryColor3dv"
New func: "glSecondaryColor3f"
New func: "glSecondaryColor3fv"
New func: "glSecondaryColor3i"
New func: "glSecondaryColor3iv"
New func: "glSecondaryColor3s"
New func: "glSecondaryColor3sv"
New func: "glSecondaryColor3ub"
New func: "glSecondaryColor3ubv"
New func: "glSecondaryColor3ui"
New func: "glSecondaryColor3uiv"
New func: "glSecondaryColor3us"
New func: "glSecondaryColor3usv"
New func: "glSecondaryColorPointer"
New func: "glWindowPos2d"
New func: "glWindowPos2dv"
New func: "glWindowPos2f"
New func: "glWindowPos2fv"
New func: "glWindowPos2i"
New func: "glWindowPos2iv"
New func: "glWindowPos2s"
New func: "glWindowPos2sv"
New func: "glWindowPos3d"
New func: "glWindowPos3dv"
New func: "glWindowPos3f"
New func: "glWindowPos3fv"
New func: "glWindowPos3i"
New func: "glWindowPos3iv"
New func: "glWindowPos3s"
New func: "glWindowPos3sv"

==================================================

Сравниваю версии 1.4 и 1.5:
New func: "glBeginQuery"
New func: "glBindBuffer"
New func: "glBufferData"
New func: "glBufferSubData"
New func: "glDeleteBuffers"
New func: "glDeleteQueries"
New func: "glEndQuery"
New func: "glGenBuffers"
New func: "glGenQueries"
New func: "glGetBufferParameteriv"
New func: "glGetBufferPointerv"
New func: "glGetBufferSubData"
New func: "glGetQueryiv"
New func: "glGetQueryObjectiv"
New func: "glGetQueryObjectuiv"
New func: "glGetTexGendv"
New func: "glIsBuffer"
New func: "glIsQuery"
New func: "glMapBuffer"
New func: "glUnmapBuffer"

==================================================

Сравниваю версии 1.5 и 2.0:
New func: "glAttachShader"
New func: "glBindAttribLocation"
New func: "glBlendEquationSeparate"
New func: "glCompileShader"
New func: "glCreateProgram"
New func: "glCreateShader"
New func: "glDeleteProgram"
New func: "glDeleteShader"
New func: "glDetachShader"
New func: "glDisableVertexAttribArray"
New func: "glDrawBuffers"
New func: "glEnableVertexAttribArray"
New func: "glGetActiveAttrib"
New func: "glGetActiveUniform"
New func: "glGetAttachedShaders"
New func: "glGetAttribLocation"
New func: "glGetProgramInfoLog"
New func: "glGetProgramiv"
New func: "glGetShaderInfoLog"
New func: "glGetShaderiv"
New func: "glGetShaderSource"
New func: "glGetUniformfv"
New func: "glGetUniformiv"
New func: "glGetUniformLocation"
New func: "glGetVertexAttribdv"
New func: "glGetVertexAttribfv"
New func: "glGetVertexAttribiv"
New func: "glGetVertexAttribPointerv"
New func: "glIsProgram"
New func: "glIsShader"
New func: "glLinkProgram"
New func: "glShaderSource"
New func: "glStencilFuncSeparate"
New func: "glStencilMaskSeparate"
New func: "glStencilOpSeparate"
New func: "glUniform1f"
New func: "glUniform1fv"
New func: "glUniform1i"
New func: "glUniform1iv"
New func: "glUniform2f"
New func: "glUniform2fv"
New func: "glUniform2i"
New func: "glUniform2iv"
New func: "glUniform3f"
New func: "glUniform3fv"
New func: "glUniform3i"
New func: "glUniform3iv"
New func: "glUniform4f"
New func: "glUniform4fv"
New func: "glUniform4i"
New func: "glUniform4iv"
New func: "glUniformMatrix2fv"
New func: "glUniformMatrix3fv"
New func: "glUniformMatrix4fv"
New func: "glUseProgram"
New func: "glValidateProgram"
New func: "glVertexAttrib1d"
New func: "glVertexAttrib1dv"
New func: "glVertexAttrib1f"
New func: "glVertexAttrib1fv"
New func: "glVertexAttrib1s"
New func: "glVertexAttrib1sv"
New func: "glVertexAttrib2d"
New func: "glVertexAttrib2dv"
New func: "glVertexAttrib2f"
New func: "glVertexAttrib2fv"
New func: "glVertexAttrib2s"
New func: "glVertexAttrib2sv"
New func: "glVertexAttrib3d"
New func: "glVertexAttrib3dv"
New func: "glVertexAttrib3f"
New func: "glVertexAttrib3fv"
New func: "glVertexAttrib3s"
New func: "glVertexAttrib3sv"
New func: "glVertexAttrib4bv"
New func: "glVertexAttrib4d"
New func: "glVertexAttrib4dv"
New func: "glVertexAttrib4f"
New func: "glVertexAttrib4fv"
New func: "glVertexAttrib4iv"
New func: "glVertexAttrib4Nbv"
New func: "glVertexAttrib4Niv"
New func: "glVertexAttrib4Nsv"
New func: "glVertexAttrib4Nub"
New func: "glVertexAttrib4Nubv"
New func: "glVertexAttrib4Nuiv"
New func: "glVertexAttrib4Nusv"
New func: "glVertexAttrib4s"
New func: "glVertexAttrib4sv"
New func: "glVertexAttrib4ubv"
New func: "glVertexAttrib4uiv"
New func: "glVertexAttrib4usv"
New func: "glVertexAttribPointer"

==================================================

Сравниваю версии 2.0 и 2.1:
New func: "glUniformMatrix2x3fv"
New func: "glUniformMatrix2x4fv"
New func: "glUniformMatrix3x2fv"
New func: "glUniformMatrix3x4fv"
New func: "glUniformMatrix4x2fv"
New func: "glUniformMatrix4x3fv"

==================================================

Сравниваю версии 2.1 и 3.0:
New func: "glBeginConditionalRender"
New func: "glBeginTransformFeedback"
New func: "glBindBufferBase"
New func: "glBindBufferRange"
New func: "glBindFragDataLocation"
New func: "glBindFramebuffer"
New func: "glBindRenderbuffer"
New func: "glBindVertexArray"
New func: "glBlitFramebuffer"
New func: "glCheckFramebufferStatus"
New func: "glClampColor"
New func: "glClearBufferfi"
New func: "glClearBufferfv"
New func: "glClearBufferiv"
New func: "glClearBufferuiv"
New func: "glColorMaski"
New func: "glDeleteFramebuffers"
New func: "glDeleteRenderbuffers"
New func: "glDeleteVertexArrays"
New func: "glDisablei"
New func: "glEnablei"
New func: "glEndConditionalRender"
New func: "glEndTransformFeedback"
New func: "glFlushMappedBufferRange"
New func: "glFramebufferRenderbuffer"
New func: "glFramebufferTexture1D"
New func: "glFramebufferTexture2D"
New func: "glFramebufferTexture3D"
New func: "glFramebufferTextureLayer"
New func: "glGenerateMipmap"
New func: "glGenFramebuffers"
New func: "glGenRenderbuffers"
New func: "glGenVertexArrays"
New func: "glGetBooleani_v"
New func: "glGetFragDataLocation"
New func: "glGetFramebufferAttachmentParameteriv"
New func: "glGetIntegeri_v"
New func: "glGetRenderbufferParameteriv"
New func: "glGetStringi"
New func: "glGetTexParameterIiv"
New func: "glGetTexParameterIuiv"
New func: "glGetTransformFeedbackVarying"
New func: "glGetUniformuiv"
New func: "glGetVertexAttribIiv"
New func: "glGetVertexAttribIuiv"
New func: "glIsEnabledi"
New func: "glIsFramebuffer"
New func: "glIsRenderbuffer"
New func: "glIsVertexArray"
New func: "glMapBufferRange"
New func: "glRenderbufferStorage"
New func: "glRenderbufferStorageMultisample"
New func: "glTexParameterIiv"
New func: "glTexParameterIuiv"
New func: "glTransformFeedbackVaryings"
New func: "glUniform1ui"
New func: "glUniform1uiv"
New func: "glUniform2ui"
New func: "glUniform2uiv"
New func: "glUniform3ui"
New func: "glUniform3uiv"
New func: "glUniform4ui"
New func: "glUniform4uiv"
New func: "glVertexAttribI1i"
New func: "glVertexAttribI1iv"
New func: "glVertexAttribI1ui"
New func: "glVertexAttribI1uiv"
New func: "glVertexAttribI2i"
New func: "glVertexAttribI2iv"
New func: "glVertexAttribI2ui"
New func: "glVertexAttribI2uiv"
New func: "glVertexAttribI3i"
New func: "glVertexAttribI3iv"
New func: "glVertexAttribI3ui"
New func: "glVertexAttribI3uiv"
New func: "glVertexAttribI4bv"
New func: "glVertexAttribI4i"
New func: "glVertexAttribI4iv"
New func: "glVertexAttribI4sv"
New func: "glVertexAttribI4ubv"
New func: "glVertexAttribI4ui"
New func: "glVertexAttribI4uiv"
New func: "glVertexAttribI4usv"
New func: "glVertexAttribIPointer"

==================================================

Сравниваю версии 3.0 и 3.1:
New func: "glCopyBufferSubData"
New func: "glDrawArraysInstanced"
New func: "glDrawElementsInstanced"
New func: "glGetActiveUniformBlockiv"
New func: "glGetActiveUniformBlockName"
New func: "glGetActiveUniformName"
New func: "glGetActiveUniformsiv"
New func: "glGetUniformBlockIndex"
New func: "glGetUniformIndices"
New func: "glPrimitiveRestartIndex"
New func: "glTexBuffer"
New func: "glUniformBlockBinding"
Rem func: "glAccum"
Rem func: "glAlphaFunc"
Rem func: "glAreTexturesResident"
Rem func: "glArrayElement"
Rem func: "glBegin"
Rem func: "glBitmap"
Rem func: "glCallList"
Rem func: "glCallLists"
Rem func: "glClearAccum"
Rem func: "glClearIndex"
Rem func: "glClientActiveTexture"
Rem func: "glClipPlane"
Rem func: "glColor3b"
Rem func: "glColor3bv"
Rem func: "glColor3d"
Rem func: "glColor3dv"
Rem func: "glColor3f"
Rem func: "glColor3fv"
Rem func: "glColor3i"
Rem func: "glColor3iv"
Rem func: "glColor3s"
Rem func: "glColor3sv"
Rem func: "glColor3ub"
Rem func: "glColor3ubv"
Rem func: "glColor3ui"
Rem func: "glColor3uiv"
Rem func: "glColor3us"
Rem func: "glColor3usv"
Rem func: "glColor4b"
Rem func: "glColor4bv"
Rem func: "glColor4d"
Rem func: "glColor4dv"
Rem func: "glColor4f"
Rem func: "glColor4fv"
Rem func: "glColor4i"
Rem func: "glColor4iv"
Rem func: "glColor4s"
Rem func: "glColor4sv"
Rem func: "glColor4ub"
Rem func: "glColor4ubv"
Rem func: "glColor4ui"
Rem func: "glColor4uiv"
Rem func: "glColor4us"
Rem func: "glColor4usv"
Rem func: "glColorMaterial"
Rem func: "glColorPointer"
Rem func: "glColorSubTable"
Rem func: "glColorTable"
Rem func: "glColorTableParameterfv"
Rem func: "glColorTableParameteriv"
Rem func: "glConvolutionFilter1D"
Rem func: "glConvolutionFilter2D"
Rem func: "glConvolutionParameterf"
Rem func: "glConvolutionParameterfv"
Rem func: "glConvolutionParameteri"
Rem func: "glConvolutionParameteriv"
Rem func: "glCopyColorSubTable"
Rem func: "glCopyColorTable"
Rem func: "glCopyConvolutionFilter1D"
Rem func: "glCopyConvolutionFilter2D"
Rem func: "glCopyPixels"
Rem func: "glDeleteLists"
Rem func: "glDisableClientState"
Rem func: "glDrawPixels"
Rem func: "glEdgeFlag"
Rem func: "glEdgeFlagPointer"
Rem func: "glEdgeFlagv"
Rem func: "glEnableClientState"
Rem func: "glEnd"
Rem func: "glEndList"
Rem func: "glEvalCoord1d"
Rem func: "glEvalCoord1dv"
Rem func: "glEvalCoord1f"
Rem func: "glEvalCoord1fv"
Rem func: "glEvalCoord2d"
Rem func: "glEvalCoord2dv"
Rem func: "glEvalCoord2f"
Rem func: "glEvalCoord2fv"
Rem func: "glEvalMesh1"
Rem func: "glEvalMesh2"
Rem func: "glEvalPoint1"
Rem func: "glEvalPoint2"
Rem func: "glFeedbackBuffer"
Rem func: "glFogCoordd"
Rem func: "glFogCoorddv"
Rem func: "glFogCoordf"
Rem func: "glFogCoordfv"
Rem func: "glFogCoordPointer"
Rem func: "glFogf"
Rem func: "glFogfv"
Rem func: "glFogi"
Rem func: "glFogiv"
Rem func: "glFrustum"
Rem func: "glGenLists"
Rem func: "glGetClipPlane"
Rem func: "glGetColorTable"
Rem func: "glGetColorTableParameterfv"
Rem func: "glGetColorTableParameteriv"
Rem func: "glGetConvolutionFilter"
Rem func: "glGetConvolutionParameterfv"
Rem func: "glGetConvolutionParameteriv"
Rem func: "glGetHistogram"
Rem func: "glGetHistogramParameterfv"
Rem func: "glGetHistogramParameteriv"
Rem func: "glGetLightfv"
Rem func: "glGetLightiv"
Rem func: "glGetMapdv"
Rem func: "glGetMapfv"
Rem func: "glGetMapiv"
Rem func: "glGetMaterialfv"
Rem func: "glGetMaterialiv"
Rem func: "glGetMinmax"
Rem func: "glGetMinmaxParameterfv"
Rem func: "glGetMinmaxParameteriv"
Rem func: "glGetPixelMapfv"
Rem func: "glGetPixelMapuiv"
Rem func: "glGetPixelMapusv"
Rem func: "glGetPointerv"
Rem func: "glGetPolygonStipple"
Rem func: "glGetSeparableFilter"
Rem func: "glGetTexEnvfv"
Rem func: "glGetTexEnviv"
Rem func: "glGetTexGendv"
Rem func: "glGetTexGenfv"
Rem func: "glGetTexGeniv"
Rem func: "glHistogram"
Rem func: "glIndexd"
Rem func: "glIndexdv"
Rem func: "glIndexf"
Rem func: "glIndexfv"
Rem func: "glIndexi"
Rem func: "glIndexiv"
Rem func: "glIndexMask"
Rem func: "glIndexPointer"
Rem func: "glIndexs"
Rem func: "glIndexsv"
Rem func: "glIndexub"
Rem func: "glIndexubv"
Rem func: "glInitNames"
Rem func: "glInterleavedArrays"
Rem func: "glIsList"
Rem func: "glLightf"
Rem func: "glLightfv"
Rem func: "glLighti"
Rem func: "glLightiv"
Rem func: "glLightModelf"
Rem func: "glLightModelfv"
Rem func: "glLightModeli"
Rem func: "glLightModeliv"
Rem func: "glLineStipple"
Rem func: "glListBase"
Rem func: "glLoadIdentity"
Rem func: "glLoadMatrixd"
Rem func: "glLoadMatrixf"
Rem func: "glLoadName"
Rem func: "glLoadTransposeMatrixd"
Rem func: "glLoadTransposeMatrixf"
Rem func: "glMap1d"
Rem func: "glMap1f"
Rem func: "glMap2d"
Rem func: "glMap2f"
Rem func: "glMapGrid1d"
Rem func: "glMapGrid1f"
Rem func: "glMapGrid2d"
Rem func: "glMapGrid2f"
Rem func: "glMaterialf"
Rem func: "glMaterialfv"
Rem func: "glMateriali"
Rem func: "glMaterialiv"
Rem func: "glMatrixMode"
Rem func: "glMinmax"
Rem func: "glMultiTexCoord1d"
Rem func: "glMultiTexCoord1dv"
Rem func: "glMultiTexCoord1f"
Rem func: "glMultiTexCoord1fv"
Rem func: "glMultiTexCoord1i"
Rem func: "glMultiTexCoord1iv"
Rem func: "glMultiTexCoord1s"
Rem func: "glMultiTexCoord1sv"
Rem func: "glMultiTexCoord2d"
Rem func: "glMultiTexCoord2dv"
Rem func: "glMultiTexCoord2f"
Rem func: "glMultiTexCoord2fv"
Rem func: "glMultiTexCoord2i"
Rem func: "glMultiTexCoord2iv"
Rem func: "glMultiTexCoord2s"
Rem func: "glMultiTexCoord2sv"
Rem func: "glMultiTexCoord3d"
Rem func: "glMultiTexCoord3dv"
Rem func: "glMultiTexCoord3f"
Rem func: "glMultiTexCoord3fv"
Rem func: "glMultiTexCoord3i"
Rem func: "glMultiTexCoord3iv"
Rem func: "glMultiTexCoord3s"
Rem func: "glMultiTexCoord3sv"
Rem func: "glMultiTexCoord4d"
Rem func: "glMultiTexCoord4dv"
Rem func: "glMultiTexCoord4f"
Rem func: "glMultiTexCoord4fv"
Rem func: "glMultiTexCoord4i"
Rem func: "glMultiTexCoord4iv"
Rem func: "glMultiTexCoord4s"
Rem func: "glMultiTexCoord4sv"
Rem func: "glMultMatrixd"
Rem func: "glMultMatrixf"
Rem func: "glMultTransposeMatrixd"
Rem func: "glMultTransposeMatrixf"
Rem func: "glNewList"
Rem func: "glNormal3b"
Rem func: "glNormal3bv"
Rem func: "glNormal3d"
Rem func: "glNormal3dv"
Rem func: "glNormal3f"
Rem func: "glNormal3fv"
Rem func: "glNormal3i"
Rem func: "glNormal3iv"
Rem func: "glNormal3s"
Rem func: "glNormal3sv"
Rem func: "glNormalPointer"
Rem func: "glOrtho"
Rem func: "glPassThrough"
Rem func: "glPixelMapfv"
Rem func: "glPixelMapuiv"
Rem func: "glPixelMapusv"
Rem func: "glPixelTransferf"
Rem func: "glPixelTransferi"
Rem func: "glPixelZoom"
Rem func: "glPolygonStipple"
Rem func: "glPopAttrib"
Rem func: "glPopClientAttrib"
Rem func: "glPopMatrix"
Rem func: "glPopName"
Rem func: "glPrioritizeTextures"
Rem func: "glPushAttrib"
Rem func: "glPushClientAttrib"
Rem func: "glPushMatrix"
Rem func: "glPushName"
Rem func: "glRasterPos2d"
Rem func: "glRasterPos2dv"
Rem func: "glRasterPos2f"
Rem func: "glRasterPos2fv"
Rem func: "glRasterPos2i"
Rem func: "glRasterPos2iv"
Rem func: "glRasterPos2s"
Rem func: "glRasterPos2sv"
Rem func: "glRasterPos3d"
Rem func: "glRasterPos3dv"
Rem func: "glRasterPos3f"
Rem func: "glRasterPos3fv"
Rem func: "glRasterPos3i"
Rem func: "glRasterPos3iv"
Rem func: "glRasterPos3s"
Rem func: "glRasterPos3sv"
Rem func: "glRasterPos4d"
Rem func: "glRasterPos4dv"
Rem func: "glRasterPos4f"
Rem func: "glRasterPos4fv"
Rem func: "glRasterPos4i"
Rem func: "glRasterPos4iv"
Rem func: "glRasterPos4s"
Rem func: "glRasterPos4sv"
Rem func: "glRectd"
Rem func: "glRectdv"
Rem func: "glRectf"
Rem func: "glRectfv"
Rem func: "glRecti"
Rem func: "glRectiv"
Rem func: "glRects"
Rem func: "glRectsv"
Rem func: "glRenderMode"
Rem func: "glResetHistogram"
Rem func: "glResetMinmax"
Rem func: "glRotated"
Rem func: "glRotatef"
Rem func: "glScaled"
Rem func: "glScalef"
Rem func: "glSecondaryColor3b"
Rem func: "glSecondaryColor3bv"
Rem func: "glSecondaryColor3d"
Rem func: "glSecondaryColor3dv"
Rem func: "glSecondaryColor3f"
Rem func: "glSecondaryColor3fv"
Rem func: "glSecondaryColor3i"
Rem func: "glSecondaryColor3iv"
Rem func: "glSecondaryColor3s"
Rem func: "glSecondaryColor3sv"
Rem func: "glSecondaryColor3ub"
Rem func: "glSecondaryColor3ubv"
Rem func: "glSecondaryColor3ui"
Rem func: "glSecondaryColor3uiv"
Rem func: "glSecondaryColor3us"
Rem func: "glSecondaryColor3usv"
Rem func: "glSecondaryColorPointer"
Rem func: "glSelectBuffer"
Rem func: "glSeparableFilter2D"
Rem func: "glShadeModel"
Rem func: "glTexCoord1d"
Rem func: "glTexCoord1dv"
Rem func: "glTexCoord1f"
Rem func: "glTexCoord1fv"
Rem func: "glTexCoord1i"
Rem func: "glTexCoord1iv"
Rem func: "glTexCoord1s"
Rem func: "glTexCoord1sv"
Rem func: "glTexCoord2d"
Rem func: "glTexCoord2dv"
Rem func: "glTexCoord2f"
Rem func: "glTexCoord2fv"
Rem func: "glTexCoord2i"
Rem func: "glTexCoord2iv"
Rem func: "glTexCoord2s"
Rem func: "glTexCoord2sv"
Rem func: "glTexCoord3d"
Rem func: "glTexCoord3dv"
Rem func: "glTexCoord3f"
Rem func: "glTexCoord3fv"
Rem func: "glTexCoord3i"
Rem func: "glTexCoord3iv"
Rem func: "glTexCoord3s"
Rem func: "glTexCoord3sv"
Rem func: "glTexCoord4d"
Rem func: "glTexCoord4dv"
Rem func: "glTexCoord4f"
Rem func: "glTexCoord4fv"
Rem func: "glTexCoord4i"
Rem func: "glTexCoord4iv"
Rem func: "glTexCoord4s"
Rem func: "glTexCoord4sv"
Rem func: "glTexCoordPointer"
Rem func: "glTexEnvf"
Rem func: "glTexEnvfv"
Rem func: "glTexEnvi"
Rem func: "glTexEnviv"
Rem func: "glTexGend"
Rem func: "glTexGendv"
Rem func: "glTexGenf"
Rem func: "glTexGenfv"
Rem func: "glTexGeni"
Rem func: "glTexGeniv"
Rem func: "glTranslated"
Rem func: "glTranslatef"
Rem func: "glVertex2d"
Rem func: "glVertex2dv"
Rem func: "glVertex2f"
Rem func: "glVertex2fv"
Rem func: "glVertex2i"
Rem func: "glVertex2iv"
Rem func: "glVertex2s"
Rem func: "glVertex2sv"
Rem func: "glVertex3d"
Rem func: "glVertex3dv"
Rem func: "glVertex3f"
Rem func: "glVertex3fv"
Rem func: "glVertex3i"
Rem func: "glVertex3iv"
Rem func: "glVertex3s"
Rem func: "glVertex3sv"
Rem func: "glVertex4d"
Rem func: "glVertex4dv"
Rem func: "glVertex4f"
Rem func: "glVertex4fv"
Rem func: "glVertex4i"
Rem func: "glVertex4iv"
Rem func: "glVertex4s"
Rem func: "glVertex4sv"
Rem func: "glVertexPointer"
Rem func: "glWindowPos2d"
Rem func: "glWindowPos2dv"
Rem func: "glWindowPos2f"
Rem func: "glWindowPos2fv"
Rem func: "glWindowPos2i"
Rem func: "glWindowPos2iv"
Rem func: "glWindowPos2s"
Rem func: "glWindowPos2sv"
Rem func: "glWindowPos3d"
Rem func: "glWindowPos3dv"
Rem func: "glWindowPos3f"
Rem func: "glWindowPos3fv"
Rem func: "glWindowPos3i"
Rem func: "glWindowPos3iv"
Rem func: "glWindowPos3s"
Rem func: "glWindowPos3sv"

==================================================

Сравниваю версии 3.1 и 3.2:
New func: "glClientWaitSync"
New func: "glDeleteSync"
New func: "glDrawElementsBaseVertex"
New func: "glDrawElementsInstancedBaseVertex"
New func: "glDrawRangeElementsBaseVertex"
New func: "glFenceSync"
New func: "glFramebufferTexture"
New func: "glGetBufferParameteri64v"
New func: "glGetInteger64i_v"
New func: "glGetInteger64v"
New func: "glGetMultisamplefv"
New func: "glGetSynciv"
New func: "glIsSync"
New func: "glMultiDrawElementsBaseVertex"
New func: "glProvokingVertex"
New func: "glSampleMaski"
New func: "glTexImage2DMultisample"
New func: "glTexImage3DMultisample"
New func: "glWaitSync"

==================================================

Сравниваю версии 3.2 и 3.3:
New func: "glBindFragDataLocationIndexed"
New func: "glBindSampler"
New func: "glDeleteSamplers"
New func: "glGenSamplers"
New func: "glGetFragDataIndex"
New func: "glGetQueryObjecti64v"
New func: "glGetQueryObjectui64v"
New func: "glGetSamplerParameterfv"
New func: "glGetSamplerParameterIiv"
New func: "glGetSamplerParameterIuiv"
New func: "glGetSamplerParameteriv"
New func: "glIsSampler"
New func: "glQueryCounter"
New func: "glSamplerParameterfv"
New func: "glSamplerParameterIiv"
New func: "glSamplerParameterIuiv"
New func: "glSamplerParameteriv"
New func: "glVertexAttribDivisor"
New func: "glVertexAttribP1ui"
New func: "glVertexAttribP1uiv"
New func: "glVertexAttribP2ui"
New func: "glVertexAttribP2uiv"
New func: "glVertexAttribP3ui"
New func: "glVertexAttribP3uiv"
New func: "glVertexAttribP4ui"
New func: "glVertexAttribP4uiv"

==================================================

Сравниваю версии 3.3 и 4.0:
New func: "glBeginQueryIndexed"
New func: "glBindTransformFeedback"
New func: "glBlendEquationi"
New func: "glBlendEquationSeparatei"
New func: "glBlendFunci"
New func: "glBlendFuncSeparatei"
New func: "glDeleteTransformFeedbacks"
New func: "glDrawArraysIndirect"
New func: "glDrawElementsIndirect"
New func: "glDrawTransformFeedback"
New func: "glDrawTransformFeedbackStream"
New func: "glEndQueryIndexed"
New func: "glGenTransformFeedbacks"
New func: "glGetActiveSubroutineName"
New func: "glGetActiveSubroutineUniformiv"
New func: "glGetActiveSubroutineUniformName"
New func: "glGetProgramStageiv"
New func: "glGetQueryIndexediv"
New func: "glGetSubroutineIndex"
New func: "glGetSubroutineUniformLocation"
New func: "glGetUniformdv"
New func: "glGetUniformSubroutineuiv"
New func: "glIsTransformFeedback"
New func: "glMinSampleShading"
New func: "glPatchParameterfv"
New func: "glPatchParameteri"
New func: "glPauseTransformFeedback"
New func: "glResumeTransformFeedback"
New func: "glUniform1d"
New func: "glUniform1dv"
New func: "glUniform2d"
New func: "glUniform2dv"
New func: "glUniform3d"
New func: "glUniform3dv"
New func: "glUniform4d"
New func: "glUniform4dv"
New func: "glUniformMatrix2dv"
New func: "glUniformMatrix2x3dv"
New func: "glUniformMatrix2x4dv"
New func: "glUniformMatrix3dv"
New func: "glUniformMatrix3x2dv"
New func: "glUniformMatrix3x4dv"
New func: "glUniformMatrix4dv"
New func: "glUniformMatrix4x2dv"
New func: "glUniformMatrix4x3dv"
New func: "glUniformSubroutinesuiv"

==================================================

Сравниваю версии 4.0 и 4.1:
New func: "glActiveShaderProgram"
New func: "glBindProgramPipeline"
New func: "glClearDepthf"
New func: "glCreateShaderProgramv"
New func: "glDeleteProgramPipelines"
New func: "glDepthRangeArrayv"
New func: "glDepthRangef"
New func: "glDepthRangeIndexed"
New func: "glGenProgramPipelines"
New func: "glGetDoublei_v"
New func: "glGetFloati_v"
New func: "glGetProgramBinary"
New func: "glGetProgramPipelineInfoLog"
New func: "glGetProgramPipelineiv"
New func: "glGetShaderPrecisionFormat"
New func: "glGetVertexAttribLdv"
New func: "glIsProgramPipeline"
New func: "glProgramBinary"
New func: "glProgramParameteri"
New func: "glProgramUniform1d"
New func: "glProgramUniform1dv"
New func: "glProgramUniform1f"
New func: "glProgramUniform1fv"
New func: "glProgramUniform1i"
New func: "glProgramUniform1iv"
New func: "glProgramUniform1ui"
New func: "glProgramUniform1uiv"
New func: "glProgramUniform2d"
New func: "glProgramUniform2dv"
New func: "glProgramUniform2f"
New func: "glProgramUniform2fv"
New func: "glProgramUniform2i"
New func: "glProgramUniform2iv"
New func: "glProgramUniform2ui"
New func: "glProgramUniform2uiv"
New func: "glProgramUniform3d"
New func: "glProgramUniform3dv"
New func: "glProgramUniform3f"
New func: "glProgramUniform3fv"
New func: "glProgramUniform3i"
New func: "glProgramUniform3iv"
New func: "glProgramUniform3ui"
New func: "glProgramUniform3uiv"
New func: "glProgramUniform4d"
New func: "glProgramUniform4dv"
New func: "glProgramUniform4f"
New func: "glProgramUniform4fv"
New func: "glProgramUniform4i"
New func: "glProgramUniform4iv"
New func: "glProgramUniform4ui"
New func: "glProgramUniform4uiv"
New func: "glProgramUniformMatrix2dv"
New func: "glProgramUniformMatrix2fv"
New func: "glProgramUniformMatrix2x3dv"
New func: "glProgramUniformMatrix2x3fv"
New func: "glProgramUniformMatrix2x4dv"
New func: "glProgramUniformMatrix2x4fv"
New func: "glProgramUniformMatrix3dv"
New func: "glProgramUniformMatrix3fv"
New func: "glProgramUniformMatrix3x2dv"
New func: "glProgramUniformMatrix3x2fv"
New func: "glProgramUniformMatrix3x4dv"
New func: "glProgramUniformMatrix3x4fv"
New func: "glProgramUniformMatrix4dv"
New func: "glProgramUniformMatrix4fv"
New func: "glProgramUniformMatrix4x2dv"
New func: "glProgramUniformMatrix4x2fv"
New func: "glProgramUniformMatrix4x3dv"
New func: "glProgramUniformMatrix4x3fv"
New func: "glReleaseShaderCompiler"
New func: "glScissorArrayv"
New func: "glScissorIndexed"
New func: "glScissorIndexedv"
New func: "glShaderBinary"
New func: "glUseProgramStages"
New func: "glValidateProgramPipeline"
New func: "glVertexAttribL1d"
New func: "glVertexAttribL1dv"
New func: "glVertexAttribL2d"
New func: "glVertexAttribL2dv"
New func: "glVertexAttribL3d"
New func: "glVertexAttribL3dv"
New func: "glVertexAttribL4d"
New func: "glVertexAttribL4dv"
New func: "glVertexAttribLPointer"
New func: "glViewportArrayv"
New func: "glViewportIndexedf"
New func: "glViewportIndexedfv"

==================================================

Сравниваю версии 4.1 и 4.2:
New func: "glBindImageTexture"
New func: "glDrawArraysInstancedBaseInstance"
New func: "glDrawElementsInstancedBaseInstance"
New func: "glDrawElementsInstancedBaseVertexBaseInstance"
New func: "glDrawTransformFeedbackInstanced"
New func: "glDrawTransformFeedbackStreamInstanced"
New func: "glGetActiveAtomicCounterBufferiv"
New func: "glGetInternalformativ"
New func: "glMemoryBarrier"
New func: "glSamplerParameterf"
New func: "glSamplerParameteri"
New func: "glTexStorage1D"
New func: "glTexStorage2D"
New func: "glTexStorage3D"
Rem func: "glDrawElementsInstanced"
Rem func: "glVertexAttribLPointer"

==================================================

Сравниваю версии 4.2 и 4.3:
New func: "glBindVertexBuffer"
New func: "glClearBufferData"
New func: "glClearBufferSubData"
New func: "glCopyImageSubData"
New func: "glDebugMessageCallback"
New func: "glDebugMessageControl"
New func: "glDebugMessageInsert"
New func: "glDispatchCompute"
New func: "glDispatchComputeIndirect"
New func: "glDrawElementsInstanced"
New func: "glFramebufferParameteri"
New func: "glGetDebugMessageLog"
New func: "glGetFramebufferParameteriv"
New func: "glGetInternalformati64v"
New func: "glGetObjectLabel"
New func: "glGetObjectPtrLabel"
New func: "glGetPointerv"
New func: "glGetProgramInterfaceiv"
New func: "glGetProgramResourceIndex"
New func: "glGetProgramResourceiv"
New func: "glGetProgramResourceLocation"
New func: "glGetProgramResourceLocationIndex"
New func: "glGetProgramResourceName"
New func: "glInvalidateBufferData"
New func: "glInvalidateBufferSubData"
New func: "glInvalidateFramebuffer"
New func: "glInvalidateSubFramebuffer"
New func: "glInvalidateTexImage"
New func: "glInvalidateTexSubImage"
New func: "glMultiDrawArraysIndirect"
New func: "glMultiDrawElementsIndirect"
New func: "glObjectLabel"
New func: "glObjectPtrLabel"
New func: "glPopDebugGroup"
New func: "glPushDebugGroup"
New func: "glShaderStorageBlockBinding"
New func: "glTexBufferRange"
New func: "glTexStorage2DMultisample"
New func: "glTexStorage3DMultisample"
New func: "glTextureView"
New func: "glVertexAttribBinding"
New func: "glVertexAttribFormat"
New func: "glVertexAttribIFormat"
New func: "glVertexAttribLFormat"
New func: "glVertexAttribLPointer"
New func: "glVertexBindingDivisor"

==================================================

Сравниваю версии 4.3 и 4.4:
New func: "glBindBuffersBase"
New func: "glBindBuffersRange"
New func: "glBindImageTextures"
New func: "glBindSamplers"
New func: "glBindTextures"
New func: "glBindVertexBuffers"
New func: "glBufferStorage"
New func: "glClearTexImage"
New func: "glClearTexSubImage"

==================================================

Сравниваю версии 4.4 и 4.5:
New func: "glBindTextureUnit"
New func: "glBlitNamedFramebuffer"
New func: "glCheckNamedFramebufferStatus"
New func: "glClearNamedBufferData"
New func: "glClearNamedBufferSubData"
New func: "glClearNamedFramebufferfi"
New func: "glClearNamedFramebufferfv"
New func: "glClearNamedFramebufferiv"
New func: "glClearNamedFramebufferuiv"
New func: "glClipControl"
New func: "glCompressedTextureSubImage1D"
New func: "glCompressedTextureSubImage2D"
New func: "glCompressedTextureSubImage3D"
New func: "glCopyNamedBufferSubData"
New func: "glCopyTextureSubImage1D"
New func: "glCopyTextureSubImage2D"
New func: "glCopyTextureSubImage3D"
New func: "glCreateBuffers"
New func: "glCreateFramebuffers"
New func: "glCreateProgramPipelines"
New func: "glCreateQueries"
New func: "glCreateRenderbuffers"
New func: "glCreateSamplers"
New func: "glCreateTextures"
New func: "glCreateTransformFeedbacks"
New func: "glCreateVertexArrays"
New func: "glDisableVertexArrayAttrib"
New func: "glEnableVertexArrayAttrib"
New func: "glFlushMappedNamedBufferRange"
New func: "glGenerateTextureMipmap"
New func: "glGetCompressedTextureImage"
New func: "glGetCompressedTextureSubImage"
New func: "glGetGraphicsResetStatus"
New func: "glGetNamedBufferParameteri64v"
New func: "glGetNamedBufferParameteriv"
New func: "glGetNamedBufferPointerv"
New func: "glGetNamedBufferSubData"
New func: "glGetNamedFramebufferAttachmentParameteriv"
New func: "glGetNamedFramebufferParameteriv"
New func: "glGetNamedRenderbufferParameteriv"
New func: "glGetnCompressedTexImage"
New func: "glGetnTexImage"
New func: "glGetnUniformdv"
New func: "glGetnUniformfv"
New func: "glGetnUniformiv"
New func: "glGetnUniformuiv"
New func: "glGetQueryBufferObjecti64v"
New func: "glGetQueryBufferObjectiv"
New func: "glGetQueryBufferObjectui64v"
New func: "glGetQueryBufferObjectuiv"
New func: "glGetTextureImage"
New func: "glGetTextureLevelParameterfv"
New func: "glGetTextureLevelParameteriv"
New func: "glGetTextureParameterfv"
New func: "glGetTextureParameterIiv"
New func: "glGetTextureParameterIuiv"
New func: "glGetTextureParameteriv"
New func: "glGetTextureSubImage"
New func: "glGetTransformFeedbacki_v"
New func: "glGetTransformFeedbacki64_v"
New func: "glGetTransformFeedbackiv"
New func: "glGetVertexArrayIndexed64iv"
New func: "glGetVertexArrayIndexediv"
New func: "glGetVertexArrayiv"
New func: "glInvalidateNamedFramebufferData"
New func: "glInvalidateNamedFramebufferSubData"
New func: "glMapNamedBuffer"
New func: "glMapNamedBufferRange"
New func: "glMemoryBarrierByRegion"
New func: "glNamedBufferData"
New func: "glNamedBufferStorage"
New func: "glNamedBufferSubData"
New func: "glNamedFramebufferDrawBuffer"
New func: "glNamedFramebufferDrawBuffers"
New func: "glNamedFramebufferParameteri"
New func: "glNamedFramebufferReadBuffer"
New func: "glNamedFramebufferRenderbuffer"
New func: "glNamedFramebufferTexture"
New func: "glNamedFramebufferTextureLayer"
New func: "glNamedRenderbufferStorage"
New func: "glNamedRenderbufferStorageMultisample"
New func: "glReadnPixels"
New func: "glTextureBarrier"
New func: "glTextureBuffer"
New func: "glTextureBufferRange"
New func: "glTextureParameterf"
New func: "glTextureParameterfv"
New func: "glTextureParameteri"
New func: "glTextureParameterIiv"
New func: "glTextureParameterIuiv"
New func: "glTextureParameteriv"
New func: "glTextureStorage1D"
New func: "glTextureStorage2D"
New func: "glTextureStorage2DMultisample"
New func: "glTextureStorage3D"
New func: "glTextureStorage3DMultisample"
New func: "glTextureSubImage1D"
New func: "glTextureSubImage2D"
New func: "glTextureSubImage3D"
New func: "glTransformFeedbackBufferBase"
New func: "glTransformFeedbackBufferRange"
New func: "glUnmapNamedBuffer"
New func: "glVertexArrayAttribBinding"
New func: "glVertexArrayAttribFormat"
New func: "glVertexArrayAttribIFormat"
New func: "glVertexArrayAttribLFormat"
New func: "glVertexArrayBindingDivisor"
New func: "glVertexArrayElementBuffer"
New func: "glVertexArrayVertexBuffer"
New func: "glVertexArrayVertexBuffers"

==================================================

Сравниваю версии 4.5 и 4.6:
New func: "glMultiDrawArraysIndirectCount"
New func: "glMultiDrawElementsIndirectCount"
New func: "glPolygonOffsetClamp"
New func: "glSpecializeShader"
