Invalid ext name [1D], replaced with []
Invalid ext name [2D], replaced with []
Invalid ext name [3D], replaced with []
Invalid ext name [DC], replaced with []
Invalid ext name [GL], replaced with []
Invalid ext name [64NV], replaced with [NV]
Invalid ext name [64ARB], replaced with [ARB]
Invalid ext name [3DARB], replaced with [ARB]
Invalid ext name [2DARB], replaced with [ARB]
Invalid ext name [1DARB], replaced with [ARB]
Invalid ext name [1ATI], replaced with [ATI]
Invalid ext name [2ATI], replaced with [ATI]
Invalid ext name [3ATI], replaced with [ATI]
Invalid ext name [1DEXT], replaced with [EXT]
Invalid ext name [2DEXT], replaced with [EXT]
Invalid ext name [3DEXT], replaced with [EXT]
Invalid ext name [1EXT], replaced with [EXT]
Invalid ext name [2EXT], replaced with [EXT]
Invalid ext name [3EXT], replaced with [EXT]
Invalid ext name [32EXT], replaced with [EXT]
Invalid ext name [CMAAINTEL], replaced with [INTEL]
Invalid ext name [2DINTEL], replaced with [INTEL]
Invalid ext name [64NVX], replaced with [NVX]
Invalid ext name [4DSGIS], replaced with [SGIS]
Invalid ext name [GPUIDAMD], replaced with [AMD]
Invalid ext name [DCARB], replaced with [ARB]
Invalid ext name [DCEXT], replaced with [EXT]
Invalid ext name [DCNV], replaced with [NV]
Invalid ext name [IDEXT], replaced with [EXT]
Func [ChoosePixelFormat] had api [gdi], which isn't start of it's name
Func [DescribePixelFormat] had api [gdi], which isn't start of it's name
Func [GetEnhMetaFilePixelFormat] had api [gdi], which isn't start of it's name
Func [GetPixelFormat] had api [gdi], which isn't start of it's name
Func [SetPixelFormat] had api [gdi], which isn't start of it's name
Func [SwapBuffers] had api [gdi], which isn't start of it's name
Skipped func [glUniform1i64NV] from ext [glGpuShaderInt64AMD] because ext group isn't [AMD]
Skipped func [glUniform2i64NV] from ext [glGpuShaderInt64AMD] because ext group isn't [AMD]
Skipped func [glUniform3i64NV] from ext [glGpuShaderInt64AMD] because ext group isn't [AMD]
Skipped func [glUniform4i64NV] from ext [glGpuShaderInt64AMD] because ext group isn't [AMD]
Skipped func [glUniform1i64vNV] from ext [glGpuShaderInt64AMD] because ext group isn't [AMD]
Skipped func [glUniform2i64vNV] from ext [glGpuShaderInt64AMD] because ext group isn't [AMD]
Skipped func [glUniform3i64vNV] from ext [glGpuShaderInt64AMD] because ext group isn't [AMD]
Skipped func [glUniform4i64vNV] from ext [glGpuShaderInt64AMD] because ext group isn't [AMD]
Skipped func [glUniform1ui64NV] from ext [glGpuShaderInt64AMD] because ext group isn't [AMD]
Skipped func [glUniform2ui64NV] from ext [glGpuShaderInt64AMD] because ext group isn't [AMD]
Skipped func [glUniform3ui64NV] from ext [glGpuShaderInt64AMD] because ext group isn't [AMD]
Skipped func [glUniform4ui64NV] from ext [glGpuShaderInt64AMD] because ext group isn't [AMD]
Skipped func [glUniform1ui64vNV] from ext [glGpuShaderInt64AMD] because ext group isn't [AMD]
Skipped func [glUniform2ui64vNV] from ext [glGpuShaderInt64AMD] because ext group isn't [AMD]
Skipped func [glUniform3ui64vNV] from ext [glGpuShaderInt64AMD] because ext group isn't [AMD]
Skipped func [glUniform4ui64vNV] from ext [glGpuShaderInt64AMD] because ext group isn't [AMD]
Skipped func [glGetUniformi64vNV] from ext [glGpuShaderInt64AMD] because ext group isn't [AMD]
Skipped func [glGetUniformui64vNV] from ext [glGpuShaderInt64AMD] because ext group isn't [AMD]
Skipped func [glProgramUniform1i64NV] from ext [glGpuShaderInt64AMD] because ext group isn't [AMD]
Skipped func [glProgramUniform2i64NV] from ext [glGpuShaderInt64AMD] because ext group isn't [AMD]
Skipped func [glProgramUniform3i64NV] from ext [glGpuShaderInt64AMD] because ext group isn't [AMD]
Skipped func [glProgramUniform4i64NV] from ext [glGpuShaderInt64AMD] because ext group isn't [AMD]
Skipped func [glProgramUniform1i64vNV] from ext [glGpuShaderInt64AMD] because ext group isn't [AMD]
Skipped func [glProgramUniform2i64vNV] from ext [glGpuShaderInt64AMD] because ext group isn't [AMD]
Skipped func [glProgramUniform3i64vNV] from ext [glGpuShaderInt64AMD] because ext group isn't [AMD]
Skipped func [glProgramUniform4i64vNV] from ext [glGpuShaderInt64AMD] because ext group isn't [AMD]
Skipped func [glProgramUniform1ui64NV] from ext [glGpuShaderInt64AMD] because ext group isn't [AMD]
Skipped func [glProgramUniform2ui64NV] from ext [glGpuShaderInt64AMD] because ext group isn't [AMD]
Skipped func [glProgramUniform3ui64NV] from ext [glGpuShaderInt64AMD] because ext group isn't [AMD]
Skipped func [glProgramUniform4ui64NV] from ext [glGpuShaderInt64AMD] because ext group isn't [AMD]
Skipped func [glProgramUniform1ui64vNV] from ext [glGpuShaderInt64AMD] because ext group isn't [AMD]
Skipped func [glProgramUniform2ui64vNV] from ext [glGpuShaderInt64AMD] because ext group isn't [AMD]
Skipped func [glProgramUniform3ui64vNV] from ext [glGpuShaderInt64AMD] because ext group isn't [AMD]
Skipped func [glProgramUniform4ui64vNV] from ext [glGpuShaderInt64AMD] because ext group isn't [AMD]
Skipped func [glNamedBufferPageCommitmentEXT] from ext [glSparseBufferARB] because ext group isn't [ARB]
Skipped func [glDepthRangeArraydvNV] from ext [glViewportArrayARB] because ext group isn't [ARB]
Skipped func [glDepthRangeIndexeddNV] from ext [glViewportArrayARB] because ext group isn't [ARB]
Skipped func [glRasterSamplesEXT] from ext [glFramebufferMixedSamplesNV] because ext group isn't [NV]
Skipped func [glFramebufferTextureEXT] from ext [glGeometryProgram4NV] because ext group isn't [NV]
Skipped func [glFramebufferTextureLayerEXT] from ext [glGeometryProgram4NV] because ext group isn't [NV]
Skipped func [glFramebufferTextureFaceEXT] from ext [glGeometryProgram4NV] because ext group isn't [NV]
Skipped func [glMatrixFrustumEXT] from ext [glPathRenderingNV] because ext group isn't [NV]
Skipped func [glMatrixLoadIdentityEXT] from ext [glPathRenderingNV] because ext group isn't [NV]
Skipped func [glMatrixLoadTransposefEXT] from ext [glPathRenderingNV] because ext group isn't [NV]
Skipped func [glMatrixLoadTransposedEXT] from ext [glPathRenderingNV] because ext group isn't [NV]
Skipped func [glMatrixLoadfEXT] from ext [glPathRenderingNV] because ext group isn't [NV]
Skipped func [glMatrixLoaddEXT] from ext [glPathRenderingNV] because ext group isn't [NV]
Skipped func [glMatrixMultTransposefEXT] from ext [glPathRenderingNV] because ext group isn't [NV]
Skipped func [glMatrixMultTransposedEXT] from ext [glPathRenderingNV] because ext group isn't [NV]
Skipped func [glMatrixMultfEXT] from ext [glPathRenderingNV] because ext group isn't [NV]
Skipped func [glMatrixMultdEXT] from ext [glPathRenderingNV] because ext group isn't [NV]
Skipped func [glMatrixOrthoEXT] from ext [glPathRenderingNV] because ext group isn't [NV]
Skipped func [glMatrixPopEXT] from ext [glPathRenderingNV] because ext group isn't [NV]
Skipped func [glMatrixPushEXT] from ext [glPathRenderingNV] because ext group isn't [NV]
Skipped func [glMatrixRotatefEXT] from ext [glPathRenderingNV] because ext group isn't [NV]
Skipped func [glMatrixRotatedEXT] from ext [glPathRenderingNV] because ext group isn't [NV]
Skipped func [glMatrixScalefEXT] from ext [glPathRenderingNV] because ext group isn't [NV]
Skipped func [glMatrixScaledEXT] from ext [glPathRenderingNV] because ext group isn't [NV]
Skipped func [glMatrixTranslatefEXT] from ext [glPathRenderingNV] because ext group isn't [NV]
Skipped func [glMatrixTranslatedEXT] from ext [glPathRenderingNV] because ext group isn't [NV]
Skipped func [glVertexAttribI1iEXT] from ext [glVertexProgram4NV] because ext group isn't [NV]
Skipped func [glVertexAttribI2iEXT] from ext [glVertexProgram4NV] because ext group isn't [NV]
Skipped func [glVertexAttribI3iEXT] from ext [glVertexProgram4NV] because ext group isn't [NV]
Skipped func [glVertexAttribI4iEXT] from ext [glVertexProgram4NV] because ext group isn't [NV]
Skipped func [glVertexAttribI1uiEXT] from ext [glVertexProgram4NV] because ext group isn't [NV]
Skipped func [glVertexAttribI2uiEXT] from ext [glVertexProgram4NV] because ext group isn't [NV]
Skipped func [glVertexAttribI3uiEXT] from ext [glVertexProgram4NV] because ext group isn't [NV]
Skipped func [glVertexAttribI4uiEXT] from ext [glVertexProgram4NV] because ext group isn't [NV]
Skipped func [glVertexAttribI1ivEXT] from ext [glVertexProgram4NV] because ext group isn't [NV]
Skipped func [glVertexAttribI2ivEXT] from ext [glVertexProgram4NV] because ext group isn't [NV]
Skipped func [glVertexAttribI3ivEXT] from ext [glVertexProgram4NV] because ext group isn't [NV]
Skipped func [glVertexAttribI4ivEXT] from ext [glVertexProgram4NV] because ext group isn't [NV]
Skipped func [glVertexAttribI1uivEXT] from ext [glVertexProgram4NV] because ext group isn't [NV]
Skipped func [glVertexAttribI2uivEXT] from ext [glVertexProgram4NV] because ext group isn't [NV]
Skipped func [glVertexAttribI3uivEXT] from ext [glVertexProgram4NV] because ext group isn't [NV]
Skipped func [glVertexAttribI4uivEXT] from ext [glVertexProgram4NV] because ext group isn't [NV]
Skipped func [glVertexAttribI4bvEXT] from ext [glVertexProgram4NV] because ext group isn't [NV]
Skipped func [glVertexAttribI4svEXT] from ext [glVertexProgram4NV] because ext group isn't [NV]
Skipped func [glVertexAttribI4ubvEXT] from ext [glVertexProgram4NV] because ext group isn't [NV]
Skipped func [glVertexAttribI4usvEXT] from ext [glVertexProgram4NV] because ext group isn't [NV]
Skipped func [glVertexAttribIPointerEXT] from ext [glVertexProgram4NV] because ext group isn't [NV]
Skipped func [glGetVertexAttribIivEXT] from ext [glVertexProgram4NV] because ext group isn't [NV]
Skipped func [glGetVertexAttribIuivEXT] from ext [glVertexProgram4NV] because ext group isn't [NV]
