NtvPropertiesBase<TNtv, TInfo>
PlatformProperties
DeviceProperties
ContextProperties
BufferProperties
KernelProperties
ProgramProperties
WrapperBase<TNtv, TProp>
Buffer.Finalize
EventRetainReleaseData
EventDebug
CLTaskExt
NativeUtils
BlittableException
BlittableHelper
EventList
UserEvent
IPtrQueueRes<T>
QRPtrWrap<T>
QueueResBase
QueueRes<T>
QueueResConst<T>
QueueResFunc<T>
QueueResDelayedBase<T>
QueueResDelayedObj<T>
QueueResDelayedPtr<T>
MWEventContainer
MultiusableCommandQueueHubBase
CLTaskBase.AddErr(Exception)
CLTaskBase.AddErr(ErrorCode)
CLTaskBase.AddErr(CommandExecutionStatus)
CLTaskBase.MakeUserEvent(cl_context, string)
CLTaskBase.WhenDoneBase(Action<CLTaskBase>)
CLTaskBase.WhenCompleteBase(Action<CLTaskBase, object>)
CLTaskBase.WhenErrorBase(Action<CLTaskBase, array of Exception>)
CLTaskBase.WaitResBase
CommandQueueBase.InvokeBase(CLTaskBase, Context, cl_device_id, boolean, cl_command_queue, EventList)
CommandQueueBase.InvokeNewQBase(CLTaskBase, Context, cl_device_id, boolean, EventList)
CommandQueueBase.RegisterWaitables(CLTaskBase, HashSet<MultiusableCommandQueueHubBase>)
CommandQueueBase.ThenConvertBase<TOtp>((object, Context)->TOtp)
CommandQueueBase.AfterQueueSyncBase(CommandQueueBase)
CommandQueueBase.AfterQueueAsyncBase(CommandQueueBase)
CommandQueueBase.MultiusableBase
CommandQueueBase.ThenWaitForAllBase(sequence of CommandQueueBase)
CommandQueueBase.ThenWaitForAnyBase(sequence of CommandQueueBase)
CommandQueue<T>.InvokeImpl(CLTaskBase, Context, cl_device_id, boolean, cl_command_queue, EventList)
CommandQueue<T>.Invoke(CLTaskBase, Context, cl_device_id, boolean, cl_command_queue, EventList)
CommandQueue<T>.InvokeBase(CLTaskBase, Context, cl_device_id, boolean, cl_command_queue, EventList)
CommandQueue<T>.InvokeNewQ(CLTaskBase, Context, cl_device_id, boolean, EventList)
CommandQueue<T>.InvokeNewQBase(CLTaskBase, Context, cl_device_id, boolean, EventList)
CommandQueue<T>.ThenConvertBase<TOtp>((object, Context)->TOtp)
CommandQueue<T>.AfterQueueSyncBase(CommandQueueBase)
CommandQueue<T>.AfterQueueAsyncBase(CommandQueueBase)
CommandQueue<T>.MultiusableBase
CommandQueue<T>.ThenWaitForAllBase(sequence of CommandQueueBase)
CommandQueue<T>.ThenWaitForAnyBase(sequence of CommandQueueBase)
HostQueue<TInp,TRes>
ISimpleQueueArray
SimpleQueueArray<T>
ISimpleSyncQueueArray
ISimpleAsyncQueueArray
ConvQueueArrayBase<TInp, TRes>
ConvSyncQueueArray<TInp, TRes>
ConvAsyncQueueArray<TInp, TRes>
ConvQueueArrayBase2<TInp1, TInp2, TRes>
ConvSyncQueueArray2<TInp1, TInp2, TRes>
ConvAsyncQueueArray2<TInp1, TInp2, TRes>
ConvQueueArrayBase3<TInp1, TInp2, TInp3, TRes>
ConvSyncQueueArray3<TInp1, TInp2, TInp3, TRes>
ConvAsyncQueueArray3<TInp1, TInp2, TInp3, TRes>
ConvQueueArrayBase4<TInp1, TInp2, TInp3, TInp4, TRes>
ConvSyncQueueArray4<TInp1, TInp2, TInp3, TInp4, TRes>
ConvAsyncQueueArray4<TInp1, TInp2, TInp3, TInp4, TRes>
ConvQueueArrayBase5<TInp1, TInp2, TInp3, TInp4, TInp5, TRes>
ConvSyncQueueArray5<TInp1, TInp2, TInp3, TInp4, TInp5, TRes>
ConvAsyncQueueArray5<TInp1, TInp2, TInp3, TInp4, TInp5, TRes>
ConvQueueArrayBase6<TInp1, TInp2, TInp3, TInp4, TInp5, TInp6, TRes>
ConvSyncQueueArray6<TInp1, TInp2, TInp3, TInp4, TInp5, TInp6, TRes>
ConvAsyncQueueArray6<TInp1, TInp2, TInp3, TInp4, TInp5, TInp6, TRes>
ConvQueueArrayBase7<TInp1, TInp2, TInp3, TInp4, TInp5, TInp6, TInp7, TRes>
ConvSyncQueueArray7<TInp1, TInp2, TInp3, TInp4, TInp5, TInp6, TInp7, TRes>
ConvAsyncQueueArray7<TInp1, TInp2, TInp3, TInp4, TInp5, TInp6, TInp7, TRes>
QueueArrayUtils
WCQWaiter
WCQWaiterAll
WCQWaiterAny
GPUCommand<T>
QueueCommand<T>
ProcCommand<T>
WaitCommand<T>
GPUCommandContainerCore<T>
GPUCommandContainer<T>
IEnqueueable<TInvData>
EnqueueableCore<TEnq, TInvData>
EnqueueableGPUCommandInvData<T>
EnqueueableGPUCommand<T>
EnqueueableGetCommandInvData<TObj, TRes>
EnqueueableGetCommand<TObj, TRes>
ISetableKernelArg
KernelArg.Invoke(CLTaskBase, Context, cl_device_id)
KernelArg.RegisterWaitables(CLTaskBase, HashSet<MultiusableCommandQueueHubBase>)
