


# cl.GetCommandQueueInfo
2
!output
3
4
5
--- QUEUE_CONTEXT
!output
cl_context
--- QUEUE_DEVICE
!output
cl_device_id
--- QUEUE_REFERENCE_COUNT
!output
UInt32
--- QUEUE_PROPERTIES
!output
clCommandQueueProperties
--- QUEUE_SIZE
!output
UInt32
--- QUEUE_DEVICE_DEFAULT
!output
cl_command_queue
--- QUEUE_PROPERTIES_ARRAY
!output
array of clQueueProperties
--- QUEUE_FAMILY
!output
UInt32
--- QUEUE_INDEX
!output
UInt32

# cl.GetContextInfo
2
!output
3
4
5
--- CONTEXT_REFERENCE_COUNT
!output
UInt32
--- CONTEXT_DEVICES
!output
array of cl_device_id
--- CONTEXT_PROPERTIES
!output
clContextProperties
--- CONTEXT_NUM_DEVICES
!output
UInt32
--- CONTEXT_D3D10_PREFER_SHARED_RESOURCES
!output
clBool
--- CONTEXT_D3D11_PREFER_SHARED_RESOURCES
!output
clBool
--- CONTEXT_VA_API_DISPLAY
!output
IntPtr

# cl.GetDeviceInfo
2
!output
3
4
5
--- DEVICE_TYPE
!output
clDeviceType
--- DEVICE_VENDOR_ID
!output
clKhronosVendorId
--- DEVICE_MAX_COMPUTE_UNITS
!output
UInt32
--- DEVICE_MAX_WORK_ITEM_DIMENSIONS
!output
UInt32
--- DEVICE_MAX_WORK_GROUP_SIZE
!output
UIntPtr
--- DEVICE_MAX_WORK_ITEM_SIZES
!output
array of UIntPtr
--- DEVICE_PREFERRED_VECTOR_WIDTH_CHAR
!output
UInt32
--- DEVICE_PREFERRED_VECTOR_WIDTH_SHORT
!output
UInt32
--- DEVICE_PREFERRED_VECTOR_WIDTH_INT
!output
UInt32
--- DEVICE_PREFERRED_VECTOR_WIDTH_LONG
!output
UInt32
--- DEVICE_PREFERRED_VECTOR_WIDTH_FLOAT
!output
UInt32
--- DEVICE_PREFERRED_VECTOR_WIDTH_DOUBLE
!output
UInt32
--- DEVICE_MAX_CLOCK_FREQUENCY
!output
UInt32
--- DEVICE_ADDRESS_BITS
!output
UInt32
--- DEVICE_MAX_READ_IMAGE_ARGS
!output
UInt32
--- DEVICE_MAX_WRITE_IMAGE_ARGS
!output
UInt32
--- DEVICE_MAX_MEM_ALLOC_SIZE
!output
UInt64
--- DEVICE_IMAGE2D_MAX_WIDTH
!output
UIntPtr
--- DEVICE_IMAGE2D_MAX_HEIGHT
!output
UIntPtr
--- DEVICE_IMAGE3D_MAX_WIDTH
!output
UIntPtr
--- DEVICE_IMAGE3D_MAX_HEIGHT
!output
UIntPtr
--- DEVICE_IMAGE3D_MAX_DEPTH
!output
UIntPtr
--- DEVICE_IMAGE_SUPPORT
!output
clBool
--- DEVICE_MAX_PARAMETER_SIZE
!output
UIntPtr
--- DEVICE_MAX_SAMPLERS
!output
UInt32
--- DEVICE_MEM_BASE_ADDR_ALIGN
!output
UInt32
--- DEVICE_MIN_DATA_TYPE_ALIGN_SIZE
!output
UInt32
--- DEVICE_SINGLE_FP_CONFIG
!output
clDeviceFPConfig
--- DEVICE_GLOBAL_MEM_CACHE_TYPE
!output
clDeviceMemCacheType
--- DEVICE_GLOBAL_MEM_CACHELINE_SIZE
!output
UInt32
--- DEVICE_GLOBAL_MEM_CACHE_SIZE
!output
UInt64
--- DEVICE_GLOBAL_MEM_SIZE
!output
UInt64
--- DEVICE_MAX_CONSTANT_BUFFER_SIZE
!output
UInt64
--- DEVICE_MAX_CONSTANT_ARGS
!output
UInt32
--- DEVICE_LOCAL_MEM_TYPE
!output
clDeviceLocalMemType
--- DEVICE_LOCAL_MEM_SIZE
!output
UInt64
--- DEVICE_ERROR_CORRECTION_SUPPORT
!output
clBool
--- DEVICE_PROFILING_TIMER_RESOLUTION
!output
UIntPtr
--- DEVICE_ENDIAN_LITTLE
!output
clBool
--- DEVICE_AVAILABLE
!output
clBool
--- DEVICE_COMPILER_AVAILABLE
!output
clBool
--- DEVICE_EXECUTION_CAPABILITIES
!output
clDeviceExecCapabilities
--- DEVICE_QUEUE_PROPERTIES
!output
clCommandQueueProperties
--- DEVICE_QUEUE_ON_HOST_PROPERTIES
!output
clCommandQueueProperties
--- DEVICE_NAME
!output
string
--- DEVICE_VENDOR
!output
string
--- DRIVER_VERSION
!output
string
--- DEVICE_PROFILE
!output
string
--- DEVICE_VERSION
!output
string
--- DEVICE_EXTENSIONS
!output
string
--- DEVICE_PLATFORM
!output
cl_platform_id
--- DEVICE_DOUBLE_FP_CONFIG
!output
clDeviceFPConfig
--- DEVICE_HALF_FP_CONFIG
!output
clDeviceFPConfig
--- DEVICE_PREFERRED_VECTOR_WIDTH_HALF
!output
UInt32
--- DEVICE_HOST_UNIFIED_MEMORY
!output
clBool
--- DEVICE_NATIVE_VECTOR_WIDTH_CHAR
!output
UInt32
--- DEVICE_NATIVE_VECTOR_WIDTH_SHORT
!output
UInt32
--- DEVICE_NATIVE_VECTOR_WIDTH_INT
!output
UInt32
--- DEVICE_NATIVE_VECTOR_WIDTH_LONG
!output
UInt32
--- DEVICE_NATIVE_VECTOR_WIDTH_FLOAT
!output
UInt32
--- DEVICE_NATIVE_VECTOR_WIDTH_DOUBLE
!output
UInt32
--- DEVICE_NATIVE_VECTOR_WIDTH_HALF
!output
UInt32
--- DEVICE_OPENCL_C_VERSION
!output
string
--- DEVICE_LINKER_AVAILABLE
!output
clBool
--- DEVICE_BUILT_IN_KERNELS
!output
string
--- DEVICE_IMAGE_MAX_BUFFER_SIZE
!output
UIntPtr
--- DEVICE_IMAGE_MAX_ARRAY_SIZE
!output
UIntPtr
--- DEVICE_PARENT_DEVICE
!output
cl_device_id
--- DEVICE_PARTITION_MAX_SUB_DEVICES
!output
UInt32
--- DEVICE_PARTITION_PROPERTIES
!output
array of clDevicePartitionProperty
--- DEVICE_PARTITION_AFFINITY_DOMAIN
!output
clDeviceAffinityDomain
--- DEVICE_PARTITION_TYPE
!output
array of clDevicePartitionProperty
--- DEVICE_REFERENCE_COUNT
!output
UInt32
--- DEVICE_PREFERRED_INTEROP_USER_SYNC
!output
clBool
--- DEVICE_PRINTF_BUFFER_SIZE
!output
UIntPtr
--- DEVICE_IMAGE_PITCH_ALIGNMENT
!output
UInt32
--- DEVICE_IMAGE_BASE_ADDRESS_ALIGNMENT
!output
UInt32
--- DEVICE_MAX_READ_WRITE_IMAGE_ARGS
!output
UInt32
--- DEVICE_MAX_GLOBAL_VARIABLE_SIZE
!output
UIntPtr
--- DEVICE_QUEUE_ON_DEVICE_PROPERTIES
!output
clCommandQueueProperties
--- DEVICE_QUEUE_ON_DEVICE_PREFERRED_SIZE
!output
UInt32
--- DEVICE_QUEUE_ON_DEVICE_MAX_SIZE
!output
UInt32
--- DEVICE_MAX_ON_DEVICE_QUEUES
!output
UInt32
--- DEVICE_MAX_ON_DEVICE_EVENTS
!output
UInt32
--- DEVICE_SVM_CAPABILITIES
!output
clDeviceSVMCapabilities
--- DEVICE_GLOBAL_VARIABLE_PREFERRED_TOTAL_SIZE
!output
UIntPtr
--- DEVICE_MAX_PIPE_ARGS
!output
UInt32
--- DEVICE_PIPE_MAX_ACTIVE_RESERVATIONS
!output
UInt32
--- DEVICE_PIPE_MAX_PACKET_SIZE
!output
UInt32
--- DEVICE_PREFERRED_PLATFORM_ATOMIC_ALIGNMENT
!output
UInt32
--- DEVICE_PREFERRED_GLOBAL_ATOMIC_ALIGNMENT
!output
UInt32
--- DEVICE_PREFERRED_LOCAL_ATOMIC_ALIGNMENT
!output
UInt32
--- DEVICE_IL_VERSION
!output
string
--- DEVICE_MAX_NUM_SUB_GROUPS
!output
UInt32
--- DEVICE_SUB_GROUP_INDEPENDENT_FORWARD_PROGRESS
!output
clBool
--- DEVICE_NUMERIC_VERSION
!output
UInt32
--- DEVICE_OPENCL_C_NUMERIC_VERSION
!output
UInt32
--- DEVICE_EXTENSIONS_WITH_VERSION
!output
array of cl_name_version
--- DEVICE_ILS_WITH_VERSION
!output
array of cl_name_version
--- DEVICE_BUILT_IN_KERNELS_WITH_VERSION
!output
array of cl_name_version
--- DEVICE_ATOMIC_MEMORY_CAPABILITIES
!output
clDeviceAtomicCapabilities
--- DEVICE_ATOMIC_FENCE_CAPABILITIES
!output
clDeviceAtomicCapabilities
--- DEVICE_NON_UNIFORM_WORK_GROUP_SUPPORT
!output
clBool
--- DEVICE_OPENCL_C_ALL_VERSIONS
!output
array of cl_name_version
--- DEVICE_PREFERRED_WORK_GROUP_SIZE_MULTIPLE
!output
UIntPtr
--- DEVICE_WORK_GROUP_COLLECTIVE_FUNCTIONS_SUPPORT
!output
clBool
--- DEVICE_GENERIC_ADDRESS_SPACE_SUPPORT
!output
clBool
--- DEVICE_UUID
!output
array[16] of Byte
--- DRIVER_UUID
!output
array[16] of Byte
--- DEVICE_LUID_VALID
!output
clBool
--- DEVICE_LUID
!output
array[8] of Byte
--- DEVICE_NODE_MASK
!output
UInt32
--- DEVICE_OPENCL_C_FEATURES
!output
array of cl_name_version
--- DEVICE_DEVICE_ENQUEUE_CAPABILITIES
!output
clDeviceOnDeviceEnqueueCapabilities
--- DEVICE_PIPE_SUPPORT
!output
clBool
--- DEVICE_LATEST_CONFORMANCE_VERSION_PASSED
!output
string
--- DEVICE_INTEGER_DOT_PRODUCT_CAPABILITIES
!output
clDeviceIntegerDotProductCapabilities
--- DEVICE_INTEGER_DOT_PRODUCT_ACCELERATION_PROPERTIES_8BIT
!output
cl_device_integer_dot_product_acceleration_properties
--- DEVICE_INTEGER_DOT_PRODUCT_ACCELERATION_PROPERTIES_4x8BIT_PACKED
!output
cl_device_integer_dot_product_acceleration_properties
--- DEVICE_COMMAND_BUFFER_CAPABILITIES
!output
clDeviceCommandBufferCapabilities
--- DEVICE_COMMAND_BUFFER_REQUIRED_QUEUE_PROPERTIES
!output
clCommandQueueProperties
--- DEVICE_COMMAND_BUFFER_NUM_SYNC_DEVICES
!output
UInt32
--- DEVICE_COMMAND_BUFFER_SYNC_DEVICES
!output
array of cl_device_id
--- DEVICE_MUTABLE_DISPATCH_CAPABILITIES
!output
clMutableDispatchFields
--- DEVICE_TERMINATE_CAPABILITY
!output
clDeviceTerminateCapability
--- DEVICE_MAX_NAMED_BARRIER_COUNT
!output
UInt32
--- DEVICE_SEMAPHORE_TYPES
!output
array of clSemaphoreType
--- DEVICE_SEMAPHORE_IMPORT_HANDLE_TYPES
!output
array of clExternalSemaphoreHandleType
--- DEVICE_SEMAPHORE_EXPORT_HANDLE_TYPES
!output
array of clExternalSemaphoreHandleType
--- DEVICE_EXTERNAL_MEMORY_IMPORT_HANDLE_TYPES
!output
array of clExternalMemoryHandleType
--- DEVICE_EXTERNAL_MEMORY_IMPORT_ASSUME_LINEAR_IMAGES_HANDLE_TYPES
!output
array of clExternalMemoryHandleType
--- DEVICE_COMPUTE_CAPABILITY_MAJOR
!output
UInt32
--- DEVICE_COMPUTE_CAPABILITY_MINOR
!output
UInt32
--- DEVICE_REGISTERS_PER_BLOCK
!output
UInt32
--- DEVICE_WARP_SIZE
!output
UInt32
--- DEVICE_GPU_OVERLAP
!output
clBool
--- DEVICE_KERNEL_EXEC_TIMEOUT
!output
clBool
--- DEVICE_INTEGRATED_MEMORY
!output
clBool
--- DEVICE_PARENT_DEVICE_EXT
!output
cl_device_id
--- DEVICE_PARTITION_TYPES
!output
array of clDevicePartitionProperty
--- DEVICE_AFFINITY_DOMAINS
!output
clDeviceAffinityDomain
--- DEVICE_REFERENCE_COUNT_EXT
!output
UInt32
--- DEVICE_PARTITION_STYLE
!output
clDevicePartitionProperty
--- DEVICE_ME_VERSION
!output
clDeviceMeVersion
--- DEVICE_SVM_CAPABILITIES_ARM
!output
clDeviceSVMCapabilities
--- DEVICE_COMPUTE_UNITS_BITFIELD
!output
UInt64
--- DEVICE_SPIR_VERSIONS
!output
string
--- DEVICE_SIMULTANEOUS_INTEROPS
!output
array of UInt32
--- DEVICE_NUM_SIMULTANEOUS_INTEROPS
!output
UInt32
--- DEVICE_SUB_GROUP_SIZES
!output
array of UIntPtr
--- DEVICE_AVC_ME_VERSION
!output
clDeviceAvcMeVersion
--- DEVICE_AVC_ME_SUPPORTS_TEXTURE_SAMPLER_USE
!output
clBool
--- DEVICE_AVC_ME_SUPPORTS_PREEMPTION
!output
clBool
--- DEVICE_PCI_BUS_INFO
!output
cl_device_pci_bus_info
--- DEVICE_PLANAR_YUV_MAX_WIDTH
!output
UIntPtr
--- DEVICE_PLANAR_YUV_MAX_HEIGHT
!output
UIntPtr
--- DEVICE_QUEUE_FAMILY_PROPERTIES
!output
array of cl_queue_family_properties
--- DEVICE_HOST_MEM_CAPABILITIES
!output
clDeviceUnifiedSharedMemoryCapabilities
--- DEVICE_DEVICE_MEM_CAPABILITIES
!output
clDeviceUnifiedSharedMemoryCapabilities
--- DEVICE_SINGLE_DEVICE_SHARED_MEM_CAPABILITIES
!output
clDeviceUnifiedSharedMemoryCapabilities
--- DEVICE_CROSS_DEVICE_SHARED_MEM_CAPABILITIES
!output
clDeviceUnifiedSharedMemoryCapabilities
--- DEVICE_SHARED_SYSTEM_MEM_CAPABILITIES
!output
clDeviceUnifiedSharedMemoryCapabilities
--- DEVICE_JOB_SLOTS
!output
UInt32
--- DEVICE_SCHEDULING_CONTROLS_CAPABILITIES
!output
clDeviceSchedulingControlsCapabilities
--- DEVICE_MAX_WARP_COUNT
!output
UInt32
--- DEVICE_SUPPORTED_REGISTER_ALLOCATIONS
!output
array of Int32
--- DEVICE_CONTROLLED_TERMINATION_CAPABILITIES
!output
clDeviceControlledTerminationCapabilities
--- DEVICE_CXX_FOR_OPENCL_NUMERIC_VERSION
!output
UInt32
--- DEVICE_SINGLE_FP_ATOMIC_CAPABILITIES
!output
clDeviceFpAtomicCapabilities
--- DEVICE_DOUBLE_FP_ATOMIC_CAPABILITIES
!output
clDeviceFpAtomicCapabilities
--- DEVICE_HALF_FP_ATOMIC_CAPABILITIES
!output
clDeviceFpAtomicCapabilities
--- DEVICE_IP_VERSION
!output
UInt32
--- DEVICE_ID
!output
UInt32
--- DEVICE_NUM_SLICES
!output
UInt32
--- DEVICE_NUM_SUB_SLICES_PER_SLICE
!output
UInt32
--- DEVICE_NUM_EUS_PER_SUB_SLICE
!output
UInt32
--- DEVICE_NUM_THREADS_PER_EU
!output
UInt32
--- DEVICE_FEATURE_CAPABILITIES
!output
clDeviceFeatureCapabilities

# cl.GetEventInfo
2
!output
3
4
5
--- EVENT_COMMAND_QUEUE
!output
cl_command_queue
--- EVENT_COMMAND_TYPE
!output
clCommandType
--- EVENT_REFERENCE_COUNT
!output
UInt32
--- EVENT_COMMAND_EXECUTION_STATUS
!output
clCommandExecutionStatus
--- EVENT_CONTEXT
!output
cl_context
--- EVENT_COMMAND_TERMINATION_REASON
!output
clCommandTerminationReason

# cl.GetEventProfilingInfo
2
!output
3
4
5
--- PROFILING_COMMAND_QUEUED
!output
UInt64
--- PROFILING_COMMAND_SUBMIT
!output
UInt64
--- PROFILING_COMMAND_START
!output
UInt64
--- PROFILING_COMMAND_END
!output
UInt64
--- PROFILING_COMMAND_COMPLETE
!output
UInt64

# cl.GetGLTextureInfo
2
!output
3
4
5
--- GL_TEXTURE_TARGET
!output
UInt32
--- GL_MIPMAP_LEVEL
!output
Int32
--- GL_NUM_SAMPLES
!output
UIntPtr

# cl.GetImageInfo
2
!output
3
4
5
--- IMAGE_FORMAT
!output
cl_image_format
--- IMAGE_ELEMENT_SIZE
!output
UIntPtr
--- IMAGE_ROW_PITCH
!output
UIntPtr
--- IMAGE_SLICE_PITCH
!output
UIntPtr
--- IMAGE_WIDTH
!output
UIntPtr
--- IMAGE_HEIGHT
!output
UIntPtr
--- IMAGE_DEPTH
!output
UIntPtr
--- IMAGE_ARRAY_SIZE
!output
UIntPtr
--- IMAGE_BUFFER
!output
cl_mem
--- IMAGE_NUM_MIP_LEVELS
!output
UInt32
--- IMAGE_NUM_SAMPLES
!output
UInt32
--- IMAGE_DX9_MEDIA_PLANE
!output
UInt32
--- IMAGE_D3D10_SUBRESOURCE
!output
UInt32
--- IMAGE_D3D11_SUBRESOURCE
!output
UInt32
--- IMAGE_DX9_PLANE
!output
UInt32
--- IMAGE_VA_API_PLANE
!output
UInt32
--- EGL_YUV_PLANE
!output
Int32

# cl.GetKernelArgInfo
3
!output
4
5
6
--- KERNEL_ARG_ADDRESS_QUALIFIER
!output
clKernelArgAddressQualifier
--- KERNEL_ARG_ACCESS_QUALIFIER
!output
clKernelArgAccessQualifier
--- KERNEL_ARG_TYPE_NAME
!output
string
--- KERNEL_ARG_TYPE_QUALIFIER
!output
clKernelArgTypeQualifier
--- KERNEL_ARG_NAME
!output
string

# cl.GetKernelInfo
2
!output
3
4
5
--- KERNEL_FUNCTION_NAME
!output
string
--- KERNEL_NUM_ARGS
!output
UInt32
--- KERNEL_REFERENCE_COUNT
!output
UInt32
--- KERNEL_CONTEXT
!output
cl_context
--- KERNEL_PROGRAM
!output
cl_program
--- KERNEL_ATTRIBUTES
!output
string
--- KERNEL_MAX_WARP_COUNT
!output
UInt32

# cl.GetKernelSubGroupInfo
3
!input
4
5
!output
6
7
8
--- KERNEL_LOCAL_SIZE_FOR_SUB_GROUP_COUNT
!input
UIntPtr
!output
array of UIntPtr
--- KERNEL_MAX_NUM_SUB_GROUPS
!output
UIntPtr
--- KERNEL_COMPILE_NUM_SUB_GROUPS
!output
UIntPtr
--- KERNEL_MAX_SUB_GROUP_SIZE_FOR_NDRANGE
!input
array of UIntPtr
!output
UIntPtr
--- KERNEL_SUB_GROUP_COUNT_FOR_NDRANGE
!input
array of UIntPtr
!output
UIntPtr
--- KERNEL_COMPILE_SUB_GROUP_SIZE
!output
UIntPtr

# cl.GetKernelWorkGroupInfo
3
!output
4
5
6
--- KERNEL_WORK_GROUP_SIZE
!output
UIntPtr
--- KERNEL_COMPILE_WORK_GROUP_SIZE
!output
array[3] of UIntPtr
--- KERNEL_LOCAL_MEM_SIZE
!output
UInt64
--- KERNEL_PREFERRED_WORK_GROUP_SIZE_MULTIPLE
!output
UIntPtr
--- KERNEL_PRIVATE_MEM_SIZE
!output
UInt64
--- KERNEL_GLOBAL_WORK_SIZE
!output
array[3] of UIntPtr
--- KERNEL_SPILL_MEM_SIZE
!output
UInt64

# cl.GetLayerInfo
1
!output
2
3
4
--- LAYER_API_VERSION
!output
UInt32
--- LAYER_NAME
!output
string

# cl.GetMemObjectInfo
2
!output
3
4
5
--- MEM_TYPE
!output
clMemObjectType
--- MEM_FLAGS
!output
clMemFlags
--- MEM_SIZE
!output
UIntPtr
--- MEM_HOST_PTR
!output
IntPtr
--- MEM_MAP_COUNT
!output
UInt32
--- MEM_REFERENCE_COUNT
!output
UInt32
--- MEM_CONTEXT
!output
cl_context
--- MEM_ASSOCIATED_MEMOBJECT
!output
cl_mem
--- MEM_OFFSET
!output
UIntPtr
--- MEM_USES_SVM_POINTER
!output
clBool
--- MEM_PROPERTIES
!output
array of clMemProperties
--- MEM_DX9_MEDIA_ADAPTER_TYPE
!output
clDx9MediaAdapterType
--- MEM_DX9_MEDIA_SURFACE_INFO
!output
cl_dx9_surface_info
--- MEM_D3D10_RESOURCE
!output
IntPtr
--- MEM_D3D11_RESOURCE
!output
IntPtr
--- MEM_DX9_RESOURCE
!output
IntPtr
--- MEM_DX9_SHARED_HANDLE
!output
IntPtr
--- MEM_VA_API_MEDIA_SURFACE
!output
IntPtr
--- MEM_USES_SVM_POINTER_ARM
!output
clBool
--- MEM_ALLOC_FLAGS_INTEL
!output
clMemAllocFlagsINTEL
--- MEM_ALLOC_TYPE
!output
clUnifiedSharedMemoryType
--- MEM_ALLOC_BASE_PTR
!output
IntPtr
--- MEM_ALLOC_SIZE
!output
UIntPtr
--- MEM_ALLOC_DEVICE
!output
cl_device_id

# cl.GetPipeInfo
2
!output
3
4
5
--- PIPE_PACKET_SIZE
!output
UInt32
--- PIPE_MAX_PACKETS
!output
UInt32
--- PIPE_PROPERTIES
!output
IntPtr

# cl.GetPlatformInfo
2
!output
3
4
5
--- PLATFORM_PROFILE
!output
string
--- PLATFORM_VERSION
!output
string
--- PLATFORM_NAME
!output
string
--- PLATFORM_VENDOR
!output
string
--- PLATFORM_EXTENSIONS
!output
string
--- PLATFORM_HOST_TIMER_RESOLUTION
!output
UInt64
--- PLATFORM_NUMERIC_VERSION
!output
UInt32
--- PLATFORM_EXTENSIONS_WITH_VERSION
!output
array of cl_name_version
--- PLATFORM_COMMAND_BUFFER_CAPABILITIES
!output
clPlatformCommandBufferCapabilities
--- PLATFORM_ICD_SUFFIX
!output
string
--- PLATFORM_SEMAPHORE_TYPES
!output
array of clSemaphoreType
--- PLATFORM_SEMAPHORE_IMPORT_HANDLE_TYPES
!output
array of clExternalSemaphoreHandleType
--- PLATFORM_SEMAPHORE_EXPORT_HANDLE_TYPES
!output
array of clExternalSemaphoreHandleType
--- PLATFORM_EXTERNAL_MEMORY_IMPORT_HANDLE_TYPES
!output
array of clExternalMemoryHandleType

# cl.GetProgramBuildInfo
3
!output
4
5
6
--- PROGRAM_BUILD_STATUS
!output
clBuildStatus
--- PROGRAM_BUILD_OPTIONS
!output
string
--- PROGRAM_BUILD_LOG
!output
string
--- PROGRAM_BINARY_TYPE
!output
clProgramBinaryType
--- PROGRAM_BUILD_GLOBAL_VARIABLE_TOTAL_SIZE
!output
UIntPtr

# cl.GetProgramInfo
2
!output
3
4
5
--- PROGRAM_REFERENCE_COUNT
!output
UInt32
--- PROGRAM_CONTEXT
!output
cl_context
--- PROGRAM_NUM_DEVICES
!output
UInt32
--- PROGRAM_DEVICES
!output
array of cl_device_id
--- PROGRAM_SOURCE
!output
string
--- PROGRAM_BINARY_SIZES
!output
array of UIntPtr
--- PROGRAM_BINARIES
!output
array of array of Byte
--- PROGRAM_NUM_KERNELS
!output
UIntPtr
--- PROGRAM_KERNEL_NAMES
!output
string
--- PROGRAM_IL
!output
array of Byte
--- PROGRAM_SCOPE_GLOBAL_CTORS_PRESENT
!output
clBool
--- PROGRAM_SCOPE_GLOBAL_DTORS_PRESENT
!output
clBool
--- PROGRAM_NUM_HOST_PIPES
!output
UIntPtr
--- PROGRAM_HOST_PIPE_NAMES
!output
string

# cl.GetSamplerInfo
2
!output
3
4
5
--- SAMPLER_REFERENCE_COUNT
!output
UInt32
--- SAMPLER_CONTEXT
!output
cl_context
--- SAMPLER_NORMALIZED_COORDS
!output
clBool
--- SAMPLER_ADDRESSING_MODE
!output
clAddressingMode
--- SAMPLER_FILTER_MODE
!output
clFilterMode
--- SAMPLER_MIP_FILTER_MODE
!output
clFilterMode
--- SAMPLER_LOD_MIN
!output
single
--- SAMPLER_LOD_MAX
!output
single
--- SAMPLER_PROPERTIES
!output
array of clSamplerProperties

# cl.SetKernelExecInfo
2
!input
3
4
--- KERNEL_EXEC_INFO_SVM_PTRS
!input
array of IntPtr
--- KERNEL_EXEC_INFO_SVM_FINE_GRAIN_SYSTEM
!input
clBool
--- KERNEL_EXEC_INFO_WORKGROUP_BATCH_SIZE
!input
UInt32
--- KERNEL_EXEC_INFO_WORKGROUP_BATCH_SIZE_MODIFIER
!input
Int32
--- KERNEL_EXEC_INFO_WARP_COUNT_LIMIT
!input
UInt32
--- KERNEL_EXEC_INFO_COMPUTE_UNIT_MAX_QUEUED_BATCHES
!input
UInt32
--- KERNEL_EXEC_INFO_INDIRECT_HOST_ACCESS
!input
clBool
--- KERNEL_EXEC_INFO_INDIRECT_DEVICE_ACCESS
!input
clBool
--- KERNEL_EXEC_INFO_INDIRECT_SHARED_ACCESS
!input
clBool
--- KERNEL_EXEC_INFO_USM_PTRS
!input
array of IntPtr

# cl.SetKernelExecInfoARM
2
!input
3
4
--- KERNEL_EXEC_INFO_SVM_PTRS_ARM
!input
array of IntPtr
--- KERNEL_EXEC_INFO_SVM_FINE_GRAIN_SYSTEM_ARM
!input
clBool

# cl.GetImageRequirementsInfoEXT
6
!output
7
8
9
--- IMAGE_REQUIREMENTS_ROW_PITCH_ALIGNMENT
!output
UIntPtr
--- IMAGE_REQUIREMENTS_SLICE_PITCH_ALIGNMENT
!output
UIntPtr
--- IMAGE_REQUIREMENTS_BASE_ADDRESS_ALIGNMENT
!output
UIntPtr
--- IMAGE_REQUIREMENTS_SIZE
!output
UIntPtr
--- IMAGE_REQUIREMENTS_MAX_WIDTH
!output
UInt32
--- IMAGE_REQUIREMENTS_MAX_HEIGHT
!output
UInt32
--- IMAGE_REQUIREMENTS_MAX_DEPTH
!output
UInt32
--- IMAGE_REQUIREMENTS_MAX_ARRAY_SIZE
!output
UInt32

# cl.GetAcceleratorInfoINTEL
2
!output
3
4
5
--- ACCELERATOR_REFERENCE_COUNT
!output
UInt32
--- ACCELERATOR_CONTEXT
!output
cl_context
--- ACCELERATOR_TYPE
!output
UInt32

# cl.GetMemAllocInfoINTEL
3
!output
4
5
6
--- MEM_ALLOC_BUFFER_LOCATION
!output
UInt32

# cl.GetCommandBufferInfoKHR
2
!output
3
4
5
--- COMMAND_BUFFER_QUEUES
!output
array of cl_command_queue
--- COMMAND_BUFFER_NUM_QUEUES
!output
UInt32
--- COMMAND_BUFFER_REFERENCE_COUNT
!output
UInt32
--- COMMAND_BUFFER_STATE
!output
clCommandBufferState
--- COMMAND_BUFFER_PROPERTIES_ARRAY
!output
array of clCommandBufferProperties
--- COMMAND_BUFFER_CONTEXT
!output
cl_context

# cl.GetGLContextInfoKHR
2
!output
3
4
5
--- CURRENT_DEVICE_FOR_GL_CONTEXT
!output
cl_device_id
--- DEVICES_FOR_GL_CONTEXT
!output
array of cl_device_id

# cl.GetKernelSubGroupInfoKHR
3
!input
4
5
!output
6
7
8
--- KERNEL_LOCAL_SIZE_FOR_SUB_GROUP_COUNT
!input
UIntPtr
!output
array of UIntPtr
--- KERNEL_MAX_NUM_SUB_GROUPS
!output
UIntPtr
--- KERNEL_COMPILE_NUM_SUB_GROUPS
!output
UIntPtr
--- KERNEL_MAX_SUB_GROUP_SIZE_FOR_NDRANGE
!input
array of UIntPtr
!output
UIntPtr
--- KERNEL_SUB_GROUP_COUNT_FOR_NDRANGE
!input
array of UIntPtr
!output
UIntPtr
--- KERNEL_COMPILE_SUB_GROUP_SIZE
!output
UIntPtr

# cl.GetMutableCommandInfoKHR
2
!output
3
4
5
--- MUTABLE_COMMAND_COMMAND_QUEUE
!output
cl_command_queue
--- MUTABLE_COMMAND_COMMAND_BUFFER
!output
cl_command_buffer
--- MUTABLE_DISPATCH_PROPERTIES_ARRAY
!output
array of clNDRangeKernelCommandProperties
--- MUTABLE_DISPATCH_KERNEL
!output
cl_kernel
--- MUTABLE_DISPATCH_DIMENSIONS
!output
UInt32
--- MUTABLE_DISPATCH_GLOBAL_WORK_OFFSET
!output
array of UIntPtr
--- MUTABLE_DISPATCH_GLOBAL_WORK_SIZE
!output
array of UIntPtr
--- MUTABLE_DISPATCH_LOCAL_WORK_SIZE
!output
array of UIntPtr
--- MUTABLE_COMMAND_COMMAND_TYPE
!output
clCommandType

# cl.GetSemaphoreInfoKHR
2
!output
3
4
5
--- SEMAPHORE_CONTEXT
!output
cl_context
--- SEMAPHORE_REFERENCE_COUNT
!output
UInt32
--- SEMAPHORE_PROPERTIES
!output
clSemaphoreProperties
--- SEMAPHORE_PAYLOAD
!output
UInt64
--- SEMAPHORE_TYPE
!output
clSemaphoreType
--- SEMAPHORE_EXPORT_HANDLE_TYPES
!output
array of clExternalSemaphoreHandleType
--- SEMAPHORE_DEVICE_HANDLE_LIST
!output
array of cl_device_id

# cl.GetICDLoaderInfoOCLICD
1
!output
2
3
4
--- ICDL_OCL_VERSION
!output
string
--- ICDL_VERSION
!output
string
--- ICDL_NAME
!output
string
--- ICDL_VENDOR
!output
string

# cl.GetDeviceImageInfoQCOM
5
!output
6
7
8
--- IMAGE_ROW_PITCH
!output
UInt32
--- IMAGE_SLICE_PITCH
!output
UInt32
--- IMAGE_ROW_ALIGNMENT
!output
UInt32
--- IMAGE_SLICE_ALIGNMENT
!output
UInt32


