


# 1.0
	Enum [gl::FALSE]
	Enum [gl::POINTS]
	Enum [gl::ZERO]
	Enum [gl::NO_ERROR]
	Enum [gl::VERSION_ES_CL_1_0]
	Enum [gl::VERSION_ES_CM_1_1]
	Enum [gl::VERSION_ES_CL_1_1]
	Enum [gl::TRUE]
	Enum [gl::LINES]
	Enum [gl::ONE]
	Enum [gl::LINE_LOOP]
	Enum [gl::LINE_STRIP]
	Enum [gl::TRIANGLES]
	Enum [gl::TRIANGLE_STRIP]
	Enum [gl::TRIANGLE_FAN]
	Enum [gl::DEPTH_BUFFER_BIT]
	Enum [gl::ADD]
	Enum [gl::NEVER]
	Enum [gl::LESS]
	Enum [gl::EQUAL]
	Enum [gl::LEQUAL]
	Enum [gl::GREATER]
	Enum [gl::NOTEQUAL]
	Enum [gl::GEQUAL]
	Enum [gl::ALWAYS]
	Enum [gl::SRC_COLOR]
	Enum [gl::ONE_MINUS_SRC_COLOR]
	Enum [gl::SRC_ALPHA]
	Enum [gl::ONE_MINUS_SRC_ALPHA]
	Enum [gl::DST_ALPHA]
	Enum [gl::ONE_MINUS_DST_ALPHA]
	Enum [gl::DST_COLOR]
	Enum [gl::ONE_MINUS_DST_COLOR]
	Enum [gl::SRC_ALPHA_SATURATE]
	Enum [gl::STENCIL_BUFFER_BIT]
	Enum [gl::FRONT]
	Enum [gl::BACK]
	Enum [gl::FRONT_AND_BACK]
	Enum [gl::INVALID_ENUM]
	Enum [gl::INVALID_VALUE]
	Enum [gl::INVALID_OPERATION]
	Enum [gl::STACK_OVERFLOW]
	Enum [gl::STACK_UNDERFLOW]
	Enum [gl::OUT_OF_MEMORY]
	Enum [gl::EXP]
	Enum [gl::EXP2]
	Enum [gl::CW]
	Enum [gl::CCW]
	Enum [gl::CURRENT_COLOR]
	Enum [gl::CURRENT_NORMAL]
	Enum [gl::CURRENT_TEXTURE_COORDS]
	Enum [gl::POINT_SMOOTH]
	Enum [gl::POINT_SIZE]
	Enum [gl::SMOOTH_POINT_SIZE_RANGE]
	Enum [gl::LINE_SMOOTH]
	Enum [gl::LINE_WIDTH]
	Enum [gl::SMOOTH_LINE_WIDTH_RANGE]
	Enum [gl::CULL_FACE]
	Enum [gl::CULL_FACE_MODE]
	Enum [gl::FRONT_FACE]
	Enum [gl::LIGHTING]
	Enum [gl::LIGHT_MODEL_TWO_SIDE]
	Enum [gl::LIGHT_MODEL_AMBIENT]
	Enum [gl::SHADE_MODEL]
	Enum [gl::COLOR_MATERIAL]
	Enum [gl::FOG]
	Enum [gl::FOG_DENSITY]
	Enum [gl::FOG_START]
	Enum [gl::FOG_END]
	Enum [gl::FOG_MODE]
	Enum [gl::FOG_COLOR]
	Enum [gl::DEPTH_RANGE]
	Enum [gl::DEPTH_TEST]
	Enum [gl::DEPTH_WRITEMASK]
	Enum [gl::DEPTH_CLEAR_VALUE]
	Enum [gl::DEPTH_FUNC]
	Enum [gl::STENCIL_TEST]
	Enum [gl::STENCIL_CLEAR_VALUE]
	Enum [gl::STENCIL_FUNC]
	Enum [gl::STENCIL_VALUE_MASK]
	Enum [gl::STENCIL_FAIL]
	Enum [gl::STENCIL_PASS_DEPTH_FAIL]
	Enum [gl::STENCIL_PASS_DEPTH_PASS]
	Enum [gl::STENCIL_REF]
	Enum [gl::STENCIL_WRITEMASK]
	Enum [gl::MATRIX_MODE]
	Enum [gl::NORMALIZE]
	Enum [gl::VIEWPORT]
	Enum [gl::MODELVIEW_STACK_DEPTH]
	Enum [gl::PROJECTION_STACK_DEPTH]
	Enum [gl::TEXTURE_STACK_DEPTH]
	Enum [gl::MODELVIEW_MATRIX]
	Enum [gl::PROJECTION_MATRIX]
	Enum [gl::TEXTURE_MATRIX]
	Enum [gl::ALPHA_TEST]
	Enum [gl::ALPHA_TEST_FUNC]
	Enum [gl::ALPHA_TEST_REF]
	Enum [gl::DITHER]
	Enum [gl::BLEND_DST]
	Enum [gl::BLEND_SRC]
	Enum [gl::BLEND]
	Enum [gl::LOGIC_OP_MODE]
	Enum [gl::COLOR_LOGIC_OP]
	Enum [gl::SCISSOR_BOX]
	Enum [gl::SCISSOR_TEST]
	Enum [gl::COLOR_CLEAR_VALUE]
	Enum [gl::COLOR_WRITEMASK]
	Enum [gl::PERSPECTIVE_CORRECTION_HINT]
	Enum [gl::POINT_SMOOTH_HINT]
	Enum [gl::LINE_SMOOTH_HINT]
	Enum [gl::FOG_HINT]
	Enum [gl::UNPACK_ALIGNMENT]
	Enum [gl::PACK_ALIGNMENT]
	Enum [gl::ALPHA_SCALE]
	Enum [gl::MAX_LIGHTS]
	Enum [gl::MAX_CLIP_PLANES]
	Enum [gl::MAX_TEXTURE_SIZE]
	Enum [gl::MAX_MODELVIEW_STACK_DEPTH]
	Enum [gl::MAX_PROJECTION_STACK_DEPTH]
	Enum [gl::MAX_TEXTURE_STACK_DEPTH]
	Enum [gl::MAX_VIEWPORT_DIMS]
	Enum [gl::SUBPIXEL_BITS]
	Enum [gl::RED_BITS]
	Enum [gl::GREEN_BITS]
	Enum [gl::BLUE_BITS]
	Enum [gl::ALPHA_BITS]
	Enum [gl::DEPTH_BITS]
	Enum [gl::STENCIL_BITS]
	Enum [gl::TEXTURE_2D]
	Enum [gl::DONT_CARE]
	Enum [gl::FASTEST]
	Enum [gl::NICEST]
	Enum [gl::AMBIENT]
	Enum [gl::DIFFUSE]
	Enum [gl::SPECULAR]
	Enum [gl::POSITION]
	Enum [gl::SPOT_DIRECTION]
	Enum [gl::SPOT_EXPONENT]
	Enum [gl::SPOT_CUTOFF]
	Enum [gl::CONSTANT_ATTENUATION]
	Enum [gl::LINEAR_ATTENUATION]
	Enum [gl::QUADRATIC_ATTENUATION]
	Enum [gl::BYTE]
	Enum [gl::UNSIGNED_BYTE]
	Enum [gl::SHORT]
	Enum [gl::UNSIGNED_SHORT]
	Enum [gl::FLOAT]
	Enum [gl::FIXED]
	Enum [gl::CLEAR]
	Enum [gl::AND]
	Enum [gl::AND_REVERSE]
	Enum [gl::COPY]
	Enum [gl::AND_INVERTED]
	Enum [gl::NOOP]
	Enum [gl::XOR]
	Enum [gl::OR]
	Enum [gl::NOR]
	Enum [gl::EQUIV]
	Enum [gl::INVERT]
	Enum [gl::OR_REVERSE]
	Enum [gl::COPY_INVERTED]
	Enum [gl::OR_INVERTED]
	Enum [gl::NAND]
	Enum [gl::SET]
	Enum [gl::EMISSION]
	Enum [gl::SHININESS]
	Enum [gl::AMBIENT_AND_DIFFUSE]
	Enum [gl::MODELVIEW]
	Enum [gl::PROJECTION]
	Enum [gl::TEXTURE]
	Enum [gl::ALPHA]
	Enum [gl::RGB]
	Enum [gl::RGBA]
	Enum [gl::LUMINANCE]
	Enum [gl::LUMINANCE_ALPHA]
	Enum [gl::FLAT]
	Enum [gl::SMOOTH]
	Enum [gl::KEEP]
	Enum [gl::REPLACE]
	Enum [gl::INCR]
	Enum [gl::DECR]
	Enum [gl::VENDOR]
	Enum [gl::RENDERER]
	Enum [gl::VERSION]
	Enum [gl::EXTENSIONS]
	Enum [gl::MODULATE]
	Enum [gl::DECAL]
	Enum [gl::TEXTURE_ENV_MODE]
	Enum [gl::TEXTURE_ENV_COLOR]
	Enum [gl::TEXTURE_ENV]
	Enum [gl::NEAREST]
	Enum [gl::LINEAR]
	Enum [gl::NEAREST_MIPMAP_NEAREST]
	Enum [gl::LINEAR_MIPMAP_NEAREST]
	Enum [gl::NEAREST_MIPMAP_LINEAR]
	Enum [gl::LINEAR_MIPMAP_LINEAR]
	Enum [gl::TEXTURE_MAG_FILTER]
	Enum [gl::TEXTURE_MIN_FILTER]
	Enum [gl::TEXTURE_WRAP_S]
	Enum [gl::TEXTURE_WRAP_T]
	Enum [gl::REPEAT]
	Enum [gl::POLYGON_OFFSET_UNITS]
	Enum [gl::CLIP_PLANE0]
	Enum [gl::CLIP_PLANE1]
	Enum [gl::CLIP_PLANE2]
	Enum [gl::CLIP_PLANE3]
	Enum [gl::CLIP_PLANE4]
	Enum [gl::CLIP_PLANE5]
	Enum [gl::COLOR_BUFFER_BIT]
	Enum [gl::LIGHT0]
	Enum [gl::LIGHT1]
	Enum [gl::LIGHT2]
	Enum [gl::LIGHT3]
	Enum [gl::LIGHT4]
	Enum [gl::LIGHT5]
	Enum [gl::LIGHT6]
	Enum [gl::LIGHT7]
	Enum [gl::UNSIGNED_SHORT_4_4_4_4]
	Enum [gl::UNSIGNED_SHORT_5_5_5_1]
	Enum [gl::POLYGON_OFFSET_FILL]
	Enum [gl::POLYGON_OFFSET_FACTOR]
	Enum [gl::RESCALE_NORMAL]
	Enum [gl::TEXTURE_BINDING_2D]
	Enum [gl::VERTEX_ARRAY]
	Enum [gl::NORMAL_ARRAY]
	Enum [gl::COLOR_ARRAY]
	Enum [gl::TEXTURE_COORD_ARRAY]
	Enum [gl::VERTEX_ARRAY_SIZE]
	Enum [gl::VERTEX_ARRAY_TYPE]
	Enum [gl::VERTEX_ARRAY_STRIDE]
	Enum [gl::NORMAL_ARRAY_TYPE]
	Enum [gl::NORMAL_ARRAY_STRIDE]
	Enum [gl::COLOR_ARRAY_SIZE]
	Enum [gl::COLOR_ARRAY_TYPE]
	Enum [gl::COLOR_ARRAY_STRIDE]
	Enum [gl::TEXTURE_COORD_ARRAY_SIZE]
	Enum [gl::TEXTURE_COORD_ARRAY_TYPE]
	Enum [gl::TEXTURE_COORD_ARRAY_STRIDE]
	Enum [gl::VERTEX_ARRAY_POINTER]
	Enum [gl::NORMAL_ARRAY_POINTER]
	Enum [gl::COLOR_ARRAY_POINTER]
	Enum [gl::TEXTURE_COORD_ARRAY_POINTER]
	Enum [gl::MULTISAMPLE]
	Enum [gl::SAMPLE_ALPHA_TO_COVERAGE]
	Enum [gl::SAMPLE_ALPHA_TO_ONE]
	Enum [gl::SAMPLE_COVERAGE]
	Enum [gl::SAMPLE_BUFFERS]
	Enum [gl::SAMPLES]
	Enum [gl::SAMPLE_COVERAGE_VALUE]
	Enum [gl::SAMPLE_COVERAGE_INVERT]
	Enum [gl::POINT_SIZE_MIN]
	Enum [gl::POINT_SIZE_MAX]
	Enum [gl::POINT_FADE_THRESHOLD_SIZE]
	Enum [gl::POINT_DISTANCE_ATTENUATION]
	Enum [gl::CLAMP_TO_EDGE]
	Enum [gl::GENERATE_MIPMAP]
	Enum [gl::GENERATE_MIPMAP_HINT]
	Enum [gl::UNSIGNED_SHORT_5_6_5]
	Enum [gl::ALIASED_POINT_SIZE_RANGE]
	Enum [gl::ALIASED_LINE_WIDTH_RANGE]
	Enum [gl::TEXTURE0]
	Enum [gl::TEXTURE1]
	Enum [gl::TEXTURE2]
	Enum [gl::TEXTURE3]
	Enum [gl::TEXTURE4]
	Enum [gl::TEXTURE5]
	Enum [gl::TEXTURE6]
	Enum [gl::TEXTURE7]
	Enum [gl::TEXTURE8]
	Enum [gl::TEXTURE9]
	Enum [gl::TEXTURE10]
	Enum [gl::TEXTURE11]
	Enum [gl::TEXTURE12]
	Enum [gl::TEXTURE13]
	Enum [gl::TEXTURE14]
	Enum [gl::TEXTURE15]
	Enum [gl::TEXTURE16]
	Enum [gl::TEXTURE17]
	Enum [gl::TEXTURE18]
	Enum [gl::TEXTURE19]
	Enum [gl::TEXTURE20]
	Enum [gl::TEXTURE21]
	Enum [gl::TEXTURE22]
	Enum [gl::TEXTURE23]
	Enum [gl::TEXTURE24]
	Enum [gl::TEXTURE25]
	Enum [gl::TEXTURE26]
	Enum [gl::TEXTURE27]
	Enum [gl::TEXTURE28]
	Enum [gl::TEXTURE29]
	Enum [gl::TEXTURE30]
	Enum [gl::TEXTURE31]
	Enum [gl::ACTIVE_TEXTURE]
	Enum [gl::CLIENT_ACTIVE_TEXTURE]
	Enum [gl::MAX_TEXTURE_UNITS]
	Enum [gl::SUBTRACT]
	Enum [gl::COMBINE]
	Enum [gl::COMBINE_RGB]
	Enum [gl::COMBINE_ALPHA]
	Enum [gl::RGB_SCALE]
	Enum [gl::ADD_SIGNED]
	Enum [gl::INTERPOLATE]
	Enum [gl::CONSTANT]
	Enum [gl::PRIMARY_COLOR]
	Enum [gl::PREVIOUS]
	Enum [gl::SRC0_RGB]
	Enum [gl::SRC1_RGB]
	Enum [gl::SRC2_RGB]
	Enum [gl::SRC0_ALPHA]
	Enum [gl::SRC1_ALPHA]
	Enum [gl::SRC2_ALPHA]
	Enum [gl::OPERAND0_RGB]
	Enum [gl::OPERAND1_RGB]
	Enum [gl::OPERAND2_RGB]
	Enum [gl::OPERAND0_ALPHA]
	Enum [gl::OPERAND1_ALPHA]
	Enum [gl::OPERAND2_ALPHA]
	Enum [gl::NUM_COMPRESSED_TEXTURE_FORMATS]
	Enum [gl::COMPRESSED_TEXTURE_FORMATS]
	Enum [gl::DOT3_RGB]
	Enum [gl::DOT3_RGBA]
	Enum [gl::BUFFER_SIZE]
	Enum [gl::BUFFER_USAGE]
	Enum [gl::ARRAY_BUFFER]
	Enum [gl::ELEMENT_ARRAY_BUFFER]
	Enum [gl::ARRAY_BUFFER_BINDING]
	Enum [gl::ELEMENT_ARRAY_BUFFER_BINDING]
	Enum [gl::VERTEX_ARRAY_BUFFER_BINDING]
	Enum [gl::NORMAL_ARRAY_BUFFER_BINDING]
	Enum [gl::COLOR_ARRAY_BUFFER_BINDING]
	Enum [gl::TEXTURE_COORD_ARRAY_BUFFER_BINDING]
	Enum [gl::STATIC_DRAW]
	Enum [gl::DYNAMIC_DRAW]
	Func [gl::AlphaFunc]
	Func [gl::ClearColor]
	Func [gl::ClearDepthf]
	Func [gl::ClipPlanef]
	Func [gl::Color4f]
	Func [gl::DepthRangef]
	Func [gl::Fogf]
	Func [gl::Fogfv]
	Func [gl::Frustumf]
	Func [gl::GetClipPlanef]
	Func [gl::GetFloatv]
	Func [gl::GetLightfv]
	Func [gl::GetMaterialfv]
	Func [gl::GetTexEnvfv]
	Func [gl::GetTexParameterfv]
	Func [gl::LightModelf]
	Func [gl::LightModelfv]
	Func [gl::Lightf]
	Func [gl::Lightfv]
	Func [gl::LineWidth]
	Func [gl::LoadMatrixf]
	Func [gl::Materialf]
	Func [gl::Materialfv]
	Func [gl::MultMatrixf]
	Func [gl::MultiTexCoord4f]
	Func [gl::Normal3f]
	Func [gl::Orthof]
	Func [gl::PointParameterf]
	Func [gl::PointParameterfv]
	Func [gl::PointSize]
	Func [gl::PolygonOffset]
	Func [gl::Rotatef]
	Func [gl::Scalef]
	Func [gl::TexEnvf]
	Func [gl::TexEnvfv]
	Func [gl::TexParameterf]
	Func [gl::TexParameterfv]
	Func [gl::Translatef]
	Func [gl::ActiveTexture]
	Func [gl::AlphaFuncx]
	Func [gl::BindBuffer]
	Func [gl::BindTexture]
	Func [gl::BlendFunc]
	Func [gl::BufferData]
	Func [gl::BufferSubData]
	Func [gl::Clear]
	Func [gl::ClearColorx]
	Func [gl::ClearDepthx]
	Func [gl::ClearStencil]
	Func [gl::ClientActiveTexture]
	Func [gl::ClipPlanex]
	Func [gl::Color4ub]
	Func [gl::Color4x]
	Func [gl::ColorMask]
	Func [gl::ColorPointer]
	Func [gl::CompressedTexImage2D]
	Func [gl::CompressedTexSubImage2D]
	Func [gl::CopyTexImage2D]
	Func [gl::CopyTexSubImage2D]
	Func [gl::CullFace]
	Func [gl::DeleteBuffers]
	Func [gl::DeleteTextures]
	Func [gl::DepthFunc]
	Func [gl::DepthMask]
	Func [gl::DepthRangex]
	Func [gl::Disable]
	Func [gl::DisableClientState]
	Func [gl::DrawArrays]
	Func [gl::DrawElements]
	Func [gl::Enable]
	Func [gl::EnableClientState]
	Func [gl::Finish]
	Func [gl::Flush]
	Func [gl::Fogx]
	Func [gl::Fogxv]
	Func [gl::FrontFace]
	Func [gl::Frustumx]
	Func [gl::GetBooleanv]
	Func [gl::GetBufferParameteriv]
	Func [gl::GetClipPlanex]
	Func [gl::GenBuffers]
	Func [gl::GenTextures]
	Func [gl::GetError]
	Func [gl::GetFixedv]
	Func [gl::GetIntegerv]
	Func [gl::GetLightxv]
	Func [gl::GetMaterialxv]
	Func [gl::GetPointerv]
	Func [gl::GetString]
	Func [gl::GetTexEnviv]
	Func [gl::GetTexEnvxv]
	Func [gl::GetTexParameteriv]
	Func [gl::GetTexParameterxv]
	Func [gl::Hint]
	Func [gl::IsBuffer]
	Func [gl::IsEnabled]
	Func [gl::IsTexture]
	Func [gl::LightModelx]
	Func [gl::LightModelxv]
	Func [gl::Lightx]
	Func [gl::Lightxv]
	Func [gl::LineWidthx]
	Func [gl::LoadIdentity]
	Func [gl::LoadMatrixx]
	Func [gl::LogicOp]
	Func [gl::Materialx]
	Func [gl::Materialxv]
	Func [gl::MatrixMode]
	Func [gl::MultMatrixx]
	Func [gl::MultiTexCoord4x]
	Func [gl::Normal3x]
	Func [gl::NormalPointer]
	Func [gl::Orthox]
	Func [gl::PixelStorei]
	Func [gl::PointParameterx]
	Func [gl::PointParameterxv]
	Func [gl::PointSizex]
	Func [gl::PolygonOffsetx]
	Func [gl::PopMatrix]
	Func [gl::PushMatrix]
	Func [gl::ReadPixels]
	Func [gl::Rotatex]
	Func [gl::SampleCoverage]
	Func [gl::SampleCoveragex]
	Func [gl::Scalex]
	Func [gl::Scissor]
	Func [gl::ShadeModel]
	Func [gl::StencilFunc]
	Func [gl::StencilMask]
	Func [gl::StencilOp]
	Func [gl::TexCoordPointer]
	Func [gl::TexEnvi]
	Func [gl::TexEnvx]
	Func [gl::TexEnviv]
	Func [gl::TexEnvxv]
	Func [gl::TexImage2D]
	Func [gl::TexParameteri]
	Func [gl::TexParameterx]
	Func [gl::TexParameteriv]
	Func [gl::TexParameterxv]
	Func [gl::TexSubImage2D]
	Func [gl::Translatex]
	Func [gl::VertexPointer]
	Func [gl::Viewport]


