


# 2.0
	Enum [gl::FALSE]
	Enum [gl::POINTS]
	Enum [gl::ZERO]
	Enum [gl::NO_ERROR]
	Enum [gl::NONE]
	Enum [gl::TRUE]
	Enum [gl::LINES]
	Enum [gl::ONE]
	Enum [gl::LINE_LOOP]
	Enum [gl::LINE_STRIP]
	Enum [gl::TRIANGLES]
	Enum [gl::TRIANGLE_STRIP]
	Enum [gl::TRIANGLE_FAN]
	Enum [gl::DEPTH_BUFFER_BIT]
	Enum [gl::NEVER]
	Enum [gl::LESS]
	Enum [gl::EQUAL]
	Enum [gl::LEQUAL]
	Enum [gl::GREATER]
	Enum [gl::NOTEQUAL]
	Enum [gl::GEQUAL]
	Enum [gl::ALWAYS]
	Enum [gl::SRC_COLOR]
	Enum [gl::ONE_MINUS_SRC_COLOR]
	Enum [gl::SRC_ALPHA]
	Enum [gl::ONE_MINUS_SRC_ALPHA]
	Enum [gl::DST_ALPHA]
	Enum [gl::ONE_MINUS_DST_ALPHA]
	Enum [gl::DST_COLOR]
	Enum [gl::ONE_MINUS_DST_COLOR]
	Enum [gl::SRC_ALPHA_SATURATE]
	Enum [gl::STENCIL_BUFFER_BIT]
	Enum [gl::FRONT]
	Enum [gl::BACK]
	Enum [gl::FRONT_AND_BACK]
	Enum [gl::INVALID_ENUM]
	Enum [gl::INVALID_VALUE]
	Enum [gl::INVALID_OPERATION]
	Enum [gl::OUT_OF_MEMORY]
	Enum [gl::INVALID_FRAMEBUFFER_OPERATION]
	Enum [gl::CONTEXT_LOST]
	Enum [gl::CW]
	Enum [gl::CCW]
	Enum [gl::LINE_WIDTH]
	Enum [gl::CULL_FACE]
	Enum [gl::CULL_FACE_MODE]
	Enum [gl::FRONT_FACE]
	Enum [gl::DEPTH_RANGE]
	Enum [gl::DEPTH_TEST]
	Enum [gl::DEPTH_WRITEMASK]
	Enum [gl::DEPTH_CLEAR_VALUE]
	Enum [gl::DEPTH_FUNC]
	Enum [gl::STENCIL_TEST]
	Enum [gl::STENCIL_CLEAR_VALUE]
	Enum [gl::STENCIL_FUNC]
	Enum [gl::STENCIL_VALUE_MASK]
	Enum [gl::STENCIL_FAIL]
	Enum [gl::STENCIL_PASS_DEPTH_FAIL]
	Enum [gl::STENCIL_PASS_DEPTH_PASS]
	Enum [gl::STENCIL_REF]
	Enum [gl::STENCIL_WRITEMASK]
	Enum [gl::VIEWPORT]
	Enum [gl::DITHER]
	Enum [gl::BLEND]
	Enum [gl::SCISSOR_BOX]
	Enum [gl::SCISSOR_TEST]
	Enum [gl::COLOR_CLEAR_VALUE]
	Enum [gl::COLOR_WRITEMASK]
	Enum [gl::UNPACK_ALIGNMENT]
	Enum [gl::PACK_ALIGNMENT]
	Enum [gl::MAX_TEXTURE_SIZE]
	Enum [gl::MAX_VIEWPORT_DIMS]
	Enum [gl::SUBPIXEL_BITS]
	Enum [gl::RED_BITS]
	Enum [gl::GREEN_BITS]
	Enum [gl::BLUE_BITS]
	Enum [gl::ALPHA_BITS]
	Enum [gl::DEPTH_BITS]
	Enum [gl::STENCIL_BITS]
	Enum [gl::TEXTURE_2D]
	Enum [gl::DONT_CARE]
	Enum [gl::FASTEST]
	Enum [gl::NICEST]
	Enum [gl::BYTE]
	Enum [gl::UNSIGNED_BYTE]
	Enum [gl::SHORT]
	Enum [gl::UNSIGNED_SHORT]
	Enum [gl::INT]
	Enum [gl::UNSIGNED_INT]
	Enum [gl::FLOAT]
	Enum [gl::INVERT]
	Enum [gl::TEXTURE]
	Enum [gl::RED]
	Enum [gl::RGB]
	Enum [gl::RGBA]
	Enum [gl::KEEP]
	Enum [gl::REPLACE]
	Enum [gl::INCR]
	Enum [gl::DECR]
	Enum [gl::VENDOR]
	Enum [gl::RENDERER]
	Enum [gl::VERSION]
	Enum [gl::EXTENSIONS]
	Enum [gl::NEAREST]
	Enum [gl::LINEAR]
	Enum [gl::NEAREST_MIPMAP_NEAREST]
	Enum [gl::LINEAR_MIPMAP_NEAREST]
	Enum [gl::NEAREST_MIPMAP_LINEAR]
	Enum [gl::LINEAR_MIPMAP_LINEAR]
	Enum [gl::TEXTURE_MAG_FILTER]
	Enum [gl::TEXTURE_MIN_FILTER]
	Enum [gl::TEXTURE_WRAP_S]
	Enum [gl::TEXTURE_WRAP_T]
	Enum [gl::REPEAT]
	Enum [gl::POLYGON_OFFSET_UNITS]
	Enum [gl::COLOR_BUFFER_BIT]
	Enum [gl::CONSTANT_COLOR]
	Enum [gl::ONE_MINUS_CONSTANT_COLOR]
	Enum [gl::CONSTANT_ALPHA]
	Enum [gl::ONE_MINUS_CONSTANT_ALPHA]
	Enum [gl::BLEND_COLOR]
	Enum [gl::FUNC_ADD]
	Enum [gl::BLEND_EQUATION]
	Enum [gl::BLEND_EQUATION_RGB]
	Enum [gl::FUNC_SUBTRACT]
	Enum [gl::FUNC_REVERSE_SUBTRACT]
	Enum [gl::UNSIGNED_SHORT_4_4_4_4]
	Enum [gl::UNSIGNED_SHORT_5_5_5_1]
	Enum [gl::POLYGON_OFFSET_FILL]
	Enum [gl::POLYGON_OFFSET_FACTOR]
	Enum [gl::RGB8]
	Enum [gl::RGBA4]
	Enum [gl::RGB5_A1]
	Enum [gl::RGBA8]
	Enum [gl::TEXTURE_BINDING_2D]
	Enum [gl::SAMPLE_ALPHA_TO_COVERAGE]
	Enum [gl::SAMPLE_COVERAGE]
	Enum [gl::SAMPLE_BUFFERS]
	Enum [gl::SAMPLES]
	Enum [gl::SAMPLE_COVERAGE_VALUE]
	Enum [gl::SAMPLE_COVERAGE_INVERT]
	Enum [gl::BLEND_DST_RGB]
	Enum [gl::BLEND_SRC_RGB]
	Enum [gl::BLEND_DST_ALPHA]
	Enum [gl::BLEND_SRC_ALPHA]
	Enum [gl::CLAMP_TO_EDGE]
	Enum [gl::GENERATE_MIPMAP_HINT]
	Enum [gl::DEPTH_COMPONENT16]
	Enum [gl::FRAMEBUFFER_UNDEFINED]
	Enum [gl::RG]
	Enum [gl::R8]
	Enum [gl::RG8]
	Enum [gl::LOSE_CONTEXT_ON_RESET]
	Enum [gl::GUILTY_CONTEXT_RESET]
	Enum [gl::INNOCENT_CONTEXT_RESET]
	Enum [gl::UNKNOWN_CONTEXT_RESET]
	Enum [gl::RESET_NOTIFICATION_STRATEGY]
	Enum [gl::UNSIGNED_SHORT_5_6_5]
	Enum [gl::MIRRORED_REPEAT]
	Enum [gl::ALIASED_POINT_SIZE_RANGE]
	Enum [gl::ALIASED_LINE_WIDTH_RANGE]
	Enum [gl::TEXTURE0]
	Enum [gl::TEXTURE1]
	Enum [gl::TEXTURE2]
	Enum [gl::TEXTURE3]
	Enum [gl::TEXTURE4]
	Enum [gl::TEXTURE5]
	Enum [gl::TEXTURE6]
	Enum [gl::TEXTURE7]
	Enum [gl::TEXTURE8]
	Enum [gl::TEXTURE9]
	Enum [gl::TEXTURE10]
	Enum [gl::TEXTURE11]
	Enum [gl::TEXTURE12]
	Enum [gl::TEXTURE13]
	Enum [gl::TEXTURE14]
	Enum [gl::TEXTURE15]
	Enum [gl::TEXTURE16]
	Enum [gl::TEXTURE17]
	Enum [gl::TEXTURE18]
	Enum [gl::TEXTURE19]
	Enum [gl::TEXTURE20]
	Enum [gl::TEXTURE21]
	Enum [gl::TEXTURE22]
	Enum [gl::TEXTURE23]
	Enum [gl::TEXTURE24]
	Enum [gl::TEXTURE25]
	Enum [gl::TEXTURE26]
	Enum [gl::TEXTURE27]
	Enum [gl::TEXTURE28]
	Enum [gl::TEXTURE29]
	Enum [gl::TEXTURE30]
	Enum [gl::TEXTURE31]
	Enum [gl::ACTIVE_TEXTURE]
	Enum [gl::MAX_RENDERBUFFER_SIZE]
	Enum [gl::INCR_WRAP]
	Enum [gl::DECR_WRAP]
	Enum [gl::VERTEX_ATTRIB_ARRAY_ENABLED]
	Enum [gl::VERTEX_ATTRIB_ARRAY_SIZE]
	Enum [gl::VERTEX_ATTRIB_ARRAY_STRIDE]
	Enum [gl::VERTEX_ATTRIB_ARRAY_TYPE]
	Enum [gl::CURRENT_VERTEX_ATTRIB]
	Enum [gl::VERTEX_ATTRIB_ARRAY_POINTER]
	Enum [gl::NUM_COMPRESSED_TEXTURE_FORMATS]
	Enum [gl::COMPRESSED_TEXTURE_FORMATS]
	Enum [gl::BUFFER_SIZE]
	Enum [gl::BUFFER_USAGE]
	Enum [gl::NUM_PROGRAM_BINARY_FORMATS]
	Enum [gl::PROGRAM_BINARY_FORMATS]
	Enum [gl::STENCIL_BACK_FUNC]
	Enum [gl::STENCIL_BACK_FAIL]
	Enum [gl::STENCIL_BACK_PASS_DEPTH_FAIL]
	Enum [gl::STENCIL_BACK_PASS_DEPTH_PASS]
	Enum [gl::BLEND_EQUATION_ALPHA]
	Enum [gl::MAX_VERTEX_ATTRIBS]
	Enum [gl::VERTEX_ATTRIB_ARRAY_NORMALIZED]
	Enum [gl::MAX_TEXTURE_IMAGE_UNITS]
	Enum [gl::ARRAY_BUFFER]
	Enum [gl::ELEMENT_ARRAY_BUFFER]
	Enum [gl::ARRAY_BUFFER_BINDING]
	Enum [gl::ELEMENT_ARRAY_BUFFER_BINDING]
	Enum [gl::VERTEX_ATTRIB_ARRAY_BUFFER_BINDING]
	Enum [gl::STREAM_DRAW]
	Enum [gl::STATIC_DRAW]
	Enum [gl::DYNAMIC_DRAW]
	Enum [gl::MAX_VERTEX_TEXTURE_IMAGE_UNITS]
	Enum [gl::MAX_COMBINED_TEXTURE_IMAGE_UNITS]
	Enum [gl::SAMPLER_2D]
	Enum [gl::LINK_STATUS]
	Enum [gl::SHADING_LANGUAGE_VERSION]
	Enum [gl::CURRENT_PROGRAM]
	Enum [gl::IMPLEMENTATION_COLOR_READ_TYPE]
	Enum [gl::IMPLEMENTATION_COLOR_READ_FORMAT]
	Enum [gl::STENCIL_BACK_REF]
	Enum [gl::STENCIL_BACK_VALUE_MASK]
	Enum [gl::STENCIL_BACK_WRITEMASK]
	Enum [gl::FRAMEBUFFER_BINDING]
	Enum [gl::RENDERBUFFER_BINDING]
	Enum [gl::FRAMEBUFFER_ATTACHMENT_OBJECT_TYPE]
	Enum [gl::FRAMEBUFFER_ATTACHMENT_OBJECT_NAME]
	Enum [gl::FRAMEBUFFER_ATTACHMENT_TEXTURE_LEVEL]
	Enum [gl::FRAMEBUFFER_COMPLETE]
	Enum [gl::FRAMEBUFFER_INCOMPLETE_ATTACHMENT]
	Enum [gl::FRAMEBUFFER_INCOMPLETE_MISSING_ATTACHMENT]
	Enum [gl::FRAMEBUFFER_INCOMPLETE_DIMENSIONS]
	Enum [gl::FRAMEBUFFER_UNSUPPORTED]
	Enum [gl::COLOR_ATTACHMENT0]
	Enum [gl::DEPTH_ATTACHMENT]
	Enum [gl::STENCIL_ATTACHMENT]
	Enum [gl::FRAMEBUFFER]
	Enum [gl::RENDERBUFFER]
	Enum [gl::RENDERBUFFER_WIDTH]
	Enum [gl::RENDERBUFFER_HEIGHT]
	Enum [gl::RENDERBUFFER_INTERNAL_FORMAT]
	Enum [gl::STENCIL_INDEX8]
	Enum [gl::RENDERBUFFER_RED_SIZE]
	Enum [gl::RENDERBUFFER_GREEN_SIZE]
	Enum [gl::RENDERBUFFER_BLUE_SIZE]
	Enum [gl::RENDERBUFFER_ALPHA_SIZE]
	Enum [gl::RENDERBUFFER_DEPTH_SIZE]
	Enum [gl::RENDERBUFFER_STENCIL_SIZE]
	Enum [gl::RGB565]
	Enum [gl::LOW_FLOAT]
	Enum [gl::MEDIUM_FLOAT]
	Enum [gl::HIGH_FLOAT]
	Enum [gl::LOW_INT]
	Enum [gl::MEDIUM_INT]
	Enum [gl::HIGH_INT]
	Enum [gl::MAX_VERTEX_UNIFORM_VECTORS]
	Enum [gl::MAX_VARYING_VECTORS]
	Enum [gl::MAX_FRAGMENT_UNIFORM_VECTORS]
	Enum [gl::CONTEXT_ROBUST_ACCESS]
	Enum [gl::TEXTURE_IMMUTABLE_FORMAT]
	Func [gl::ActiveTexture]
	Func [gl::BindBuffer]
	Func [gl::BindFramebuffer]
	Func [gl::BindRenderbuffer]
	Func [gl::BindTexture]
	Func [gl::BlendColor]
	Func [gl::BlendEquation]
	Func [gl::BlendEquationSeparate]
	Func [gl::BlendFunc]
	Func [gl::BlendFuncSeparate]
	Func [gl::BufferData]
	Func [gl::BufferSubData]
	Func [gl::CheckFramebufferStatus]
	Func [gl::Clear]
	Func [gl::ClearColor]
	Func [gl::ClearDepthf]
	Func [gl::ClearStencil]
	Func [gl::ColorMask]
	Func [gl::CompressedTexSubImage2D]
	Func [gl::CreateProgram]
	Func [gl::CullFace]
	Func [gl::DepthFunc]
	Func [gl::DepthMask]
	Func [gl::DepthRangef]
	Func [gl::Disable]
	Func [gl::DisableVertexAttribArray]
	Func [gl::DrawArrays]
	Func [gl::DrawRangeElements]
	Func [gl::Enable]
	Func [gl::EnableVertexAttribArray]
	Func [gl::Finish]
	Func [gl::Flush]
	Func [gl::FramebufferRenderbuffer]
	Func [gl::FramebufferTexture2D]
	Func [gl::FrontFace]
	Func [gl::GenBuffers]
	Func [gl::GenerateMipmap]
	Func [gl::GenFramebuffers]
	Func [gl::GenRenderbuffers]
	Func [gl::GenTextures]
	Func [gl::GetAttribLocation]
	Func [gl::GetBooleanv]
	Func [gl::GetBufferParameteriv]
	Func [gl::GetError]
	Func [gl::GetFloatv]
	Func [gl::GetFramebufferAttachmentParameteriv]
	Func [gl::GetGraphicsResetStatus]
	Func [gl::GetIntegerv]
	Func [gl::GetProgramiv]
	Func [gl::GetRenderbufferParameteriv]
	Func [gl::GetString]
	Func [gl::GetTexParameterfv]
	Func [gl::GetTexParameteriv]
	Func [gl::GetnUniformfv]
	Func [gl::GetnUniformiv]
	Func [gl::GetUniformLocation]
	Func [gl::GetVertexAttribfv]
	Func [gl::GetVertexAttribiv]
	Func [gl::GetVertexAttribPointerv]
	Func [gl::Hint]
	Func [gl::IsEnabled]
	Func [gl::LineWidth]
	Func [gl::PixelStorei]
	Func [gl::PolygonOffset]
	Func [gl::ProgramBinary]
	Func [gl::ReadnPixels]
	Func [gl::RenderbufferStorage]
	Func [gl::SampleCoverage]
	Func [gl::Scissor]
	Func [gl::StencilFunc]
	Func [gl::StencilFuncSeparate]
	Func [gl::StencilMask]
	Func [gl::StencilMaskSeparate]
	Func [gl::StencilOp]
	Func [gl::StencilOpSeparate]
	Func [gl::TexStorage2D]
	Func [gl::TexParameterf]
	Func [gl::TexParameterfv]
	Func [gl::TexParameteri]
	Func [gl::TexParameteriv]
	Func [gl::TexSubImage2D]
	Func [gl::Uniform1f]
	Func [gl::Uniform1fv]
	Func [gl::Uniform1i]
	Func [gl::Uniform1iv]
	Func [gl::Uniform2f]
	Func [gl::Uniform2fv]
	Func [gl::Uniform2i]
	Func [gl::Uniform2iv]
	Func [gl::Uniform3f]
	Func [gl::Uniform3fv]
	Func [gl::Uniform3i]
	Func [gl::Uniform3iv]
	Func [gl::Uniform4f]
	Func [gl::Uniform4fv]
	Func [gl::Uniform4i]
	Func [gl::Uniform4iv]
	Func [gl::UniformMatrix2fv]
	Func [gl::UniformMatrix3fv]
	Func [gl::UniformMatrix4fv]
	Func [gl::UseProgram]
	Func [gl::VertexAttrib1f]
	Func [gl::VertexAttrib1fv]
	Func [gl::VertexAttrib2f]
	Func [gl::VertexAttrib2fv]
	Func [gl::VertexAttrib3f]
	Func [gl::VertexAttrib3fv]
	Func [gl::VertexAttrib4f]
	Func [gl::VertexAttrib4fv]
	Func [gl::VertexAttribPointer]
	Func [gl::Viewport]


