


# 1.0
	Enum [glx::PbufferClobber]
	Enum [glx::BufferSwapComplete]
	Enum [glx::BAD_SCREEN]
	Enum [glx::USE_GL]
	Enum [glx::BAD_ATTRIBUTE]
	Enum [glx::BUFFER_SIZE]
	Enum [glx::NO_EXTENSION]
	Enum [glx::LEVEL]
	Enum [glx::BAD_VISUAL]
	Enum [glx::RGBA]
	Enum [glx::BAD_CONTEXT]
	Enum [glx::DOUBLEBUFFER]
	Enum [glx::BAD_VALUE]
	Enum [glx::STEREO]
	Enum [glx::BAD_ENUM]
	Enum [glx::AUX_BUFFERS]
	Enum [glx::RED_SIZE]
	Enum [glx::GREEN_SIZE]
	Enum [glx::BLUE_SIZE]
	Enum [glx::ALPHA_SIZE]
	Enum [glx::DEPTH_SIZE]
	Enum [glx::STENCIL_SIZE]
	Enum [glx::ACCUM_RED_SIZE]
	Enum [glx::ACCUM_GREEN_SIZE]
	Enum [glx::ACCUM_BLUE_SIZE]
	Enum [glx::NUMBER_EVENTS]
	Enum [glx::ACCUM_ALPHA_SIZE]
	Func [glx::ChooseVisual]
	Func [glx::CreateContext]
	Func [glx::DestroyContext]
	Func [glx::MakeCurrent]
	Func [glx::CopyContext]
	Func [glx::SwapBuffers]
	Func [glx::CreateGLXPixmap]
	Func [glx::DestroyGLXPixmap]
	Func [glx::QueryExtension]
	Func [glx::QueryVersion]
	Func [glx::IsDirect]
	Func [glx::GetConfig]
	Func [glx::GetCurrentContext]
	Func [glx::GetCurrentDrawable]
	Func [glx::WaitGL]
	Func [glx::WaitX]
	Func [glx::UseXFont]

# 1.1
	Enum [glx::PbufferClobber]
	Enum [glx::BufferSwapComplete]
	Enum [glx::BAD_SCREEN]
	Enum [glx::USE_GL]
	Enum [glx::BAD_ATTRIBUTE]
	Enum [glx::BUFFER_SIZE]
	Enum [glx::NO_EXTENSION]
	Enum [glx::LEVEL]
	Enum [glx::BAD_VISUAL]
	Enum [glx::RGBA]
	Enum [glx::BAD_CONTEXT]
	Enum [glx::DOUBLEBUFFER]
	Enum [glx::BAD_VALUE]
	Enum [glx::STEREO]
	Enum [glx::BAD_ENUM]
	Enum [glx::AUX_BUFFERS]
	Enum [glx::RED_SIZE]
	Enum [glx::GREEN_SIZE]
	Enum [glx::BLUE_SIZE]
	Enum [glx::ALPHA_SIZE]
	Enum [glx::DEPTH_SIZE]
	Enum [glx::STENCIL_SIZE]
	Enum [glx::ACCUM_RED_SIZE]
	Enum [glx::ACCUM_GREEN_SIZE]
	Enum [glx::ACCUM_BLUE_SIZE]
	Enum [glx::NUMBER_EVENTS]
	Enum [glx::ACCUM_ALPHA_SIZE]
	Enum [glx::VENDOR]
	Enum [glx::VERSION]
	Enum [glx::EXTENSIONS]
	Func [glx::ChooseVisual]
	Func [glx::CreateContext]
	Func [glx::DestroyContext]
	Func [glx::MakeCurrent]
	Func [glx::CopyContext]
	Func [glx::SwapBuffers]
	Func [glx::CreateGLXPixmap]
	Func [glx::DestroyGLXPixmap]
	Func [glx::QueryExtension]
	Func [glx::QueryVersion]
	Func [glx::IsDirect]
	Func [glx::GetConfig]
	Func [glx::GetCurrentContext]
	Func [glx::GetCurrentDrawable]
	Func [glx::WaitGL]
	Func [glx::WaitX]
	Func [glx::UseXFont]
	Func [glx::QueryExtensionsString]
	Func [glx::QueryServerString]
	Func [glx::GetClientString]

# 1.2
	Enum [glx::PbufferClobber]
	Enum [glx::BufferSwapComplete]
	Enum [glx::BAD_SCREEN]
	Enum [glx::USE_GL]
	Enum [glx::BAD_ATTRIBUTE]
	Enum [glx::BUFFER_SIZE]
	Enum [glx::NO_EXTENSION]
	Enum [glx::LEVEL]
	Enum [glx::BAD_VISUAL]
	Enum [glx::RGBA]
	Enum [glx::BAD_CONTEXT]
	Enum [glx::DOUBLEBUFFER]
	Enum [glx::BAD_VALUE]
	Enum [glx::STEREO]
	Enum [glx::BAD_ENUM]
	Enum [glx::AUX_BUFFERS]
	Enum [glx::RED_SIZE]
	Enum [glx::GREEN_SIZE]
	Enum [glx::BLUE_SIZE]
	Enum [glx::ALPHA_SIZE]
	Enum [glx::DEPTH_SIZE]
	Enum [glx::STENCIL_SIZE]
	Enum [glx::ACCUM_RED_SIZE]
	Enum [glx::ACCUM_GREEN_SIZE]
	Enum [glx::ACCUM_BLUE_SIZE]
	Enum [glx::NUMBER_EVENTS]
	Enum [glx::ACCUM_ALPHA_SIZE]
	Enum [glx::VENDOR]
	Enum [glx::VERSION]
	Enum [glx::EXTENSIONS]
	Func [glx::ChooseVisual]
	Func [glx::CreateContext]
	Func [glx::DestroyContext]
	Func [glx::MakeCurrent]
	Func [glx::CopyContext]
	Func [glx::SwapBuffers]
	Func [glx::CreateGLXPixmap]
	Func [glx::DestroyGLXPixmap]
	Func [glx::QueryExtension]
	Func [glx::QueryVersion]
	Func [glx::IsDirect]
	Func [glx::GetConfig]
	Func [glx::GetCurrentContext]
	Func [glx::GetCurrentDrawable]
	Func [glx::WaitGL]
	Func [glx::WaitX]
	Func [glx::UseXFont]
	Func [glx::QueryExtensionsString]
	Func [glx::QueryServerString]
	Func [glx::GetClientString]
	Func [glx::GetCurrentDisplay]

# 1.3
	Enum [glx::PbufferClobber]
	Enum [glx::BufferSwapComplete]
	Enum [glx::BAD_SCREEN]
	Enum [glx::USE_GL]
	Enum [glx::BAD_ATTRIBUTE]
	Enum [glx::BUFFER_SIZE]
	Enum [glx::NO_EXTENSION]
	Enum [glx::LEVEL]
	Enum [glx::BAD_VISUAL]
	Enum [glx::RGBA]
	Enum [glx::BAD_CONTEXT]
	Enum [glx::DOUBLEBUFFER]
	Enum [glx::BAD_VALUE]
	Enum [glx::STEREO]
	Enum [glx::BAD_ENUM]
	Enum [glx::AUX_BUFFERS]
	Enum [glx::RED_SIZE]
	Enum [glx::GREEN_SIZE]
	Enum [glx::BLUE_SIZE]
	Enum [glx::ALPHA_SIZE]
	Enum [glx::DEPTH_SIZE]
	Enum [glx::STENCIL_SIZE]
	Enum [glx::ACCUM_RED_SIZE]
	Enum [glx::ACCUM_GREEN_SIZE]
	Enum [glx::ACCUM_BLUE_SIZE]
	Enum [glx::NUMBER_EVENTS]
	Enum [glx::ACCUM_ALPHA_SIZE]
	Enum [glx::VENDOR]
	Enum [glx::VERSION]
	Enum [glx::EXTENSIONS]
	Enum [glx::WINDOW_BIT]
	Enum [glx::RGBA_BIT]
	Enum [glx::FRONT_LEFT_BUFFER_BIT]
	Enum [glx::PIXMAP_BIT]
	Enum [glx::COLOR_INDEX_BIT]
	Enum [glx::FRONT_RIGHT_BUFFER_BIT]
	Enum [glx::PBUFFER_BIT]
	Enum [glx::BACK_LEFT_BUFFER_BIT]
	Enum [glx::BACK_RIGHT_BUFFER_BIT]
	Enum [glx::AUX_BUFFERS_BIT]
	Enum [glx::DEPTH_BUFFER_BIT]
	Enum [glx::CONFIG_CAVEAT]
	Enum [glx::X_VISUAL_TYPE]
	Enum [glx::TRANSPARENT_TYPE]
	Enum [glx::TRANSPARENT_INDEX_VALUE]
	Enum [glx::TRANSPARENT_RED_VALUE]
	Enum [glx::TRANSPARENT_GREEN_VALUE]
	Enum [glx::TRANSPARENT_BLUE_VALUE]
	Enum [glx::TRANSPARENT_ALPHA_VALUE]
	Enum [glx::STENCIL_BUFFER_BIT]
	Enum [glx::ACCUM_BUFFER_BIT]
	Enum [glx::NONE]
	Enum [glx::SLOW_CONFIG]
	Enum [glx::TRUE_COLOR]
	Enum [glx::DIRECT_COLOR]
	Enum [glx::PSEUDO_COLOR]
	Enum [glx::STATIC_COLOR]
	Enum [glx::GRAY_SCALE]
	Enum [glx::STATIC_GRAY]
	Enum [glx::TRANSPARENT_RGB]
	Enum [glx::TRANSPARENT_INDEX]
	Enum [glx::VISUAL_ID]
	Enum [glx::SCREEN]
	Enum [glx::NON_CONFORMANT_CONFIG]
	Enum [glx::DRAWABLE_TYPE]
	Enum [glx::RENDER_TYPE]
	Enum [glx::X_RENDERABLE]
	Enum [glx::FBCONFIG_ID]
	Enum [glx::RGBA_TYPE]
	Enum [glx::COLOR_INDEX_TYPE]
	Enum [glx::MAX_PBUFFER_WIDTH]
	Enum [glx::MAX_PBUFFER_HEIGHT]
	Enum [glx::MAX_PBUFFER_PIXELS]
	Enum [glx::PRESERVED_CONTENTS]
	Enum [glx::LARGEST_PBUFFER]
	Enum [glx::WIDTH]
	Enum [glx::HEIGHT]
	Enum [glx::EVENT_MASK]
	Enum [glx::DAMAGED]
	Enum [glx::SAVED]
	Enum [glx::WINDOW]
	Enum [glx::PBUFFER]
	Enum [glx::PBUFFER_HEIGHT]
	Enum [glx::PBUFFER_WIDTH]
	Enum [glx::PBUFFER_CLOBBER_MASK]
	Enum [glx::DONT_CARE]
	Func [glx::ChooseVisual]
	Func [glx::CreateContext]
	Func [glx::DestroyContext]
	Func [glx::MakeCurrent]
	Func [glx::CopyContext]
	Func [glx::SwapBuffers]
	Func [glx::CreateGLXPixmap]
	Func [glx::DestroyGLXPixmap]
	Func [glx::QueryExtension]
	Func [glx::QueryVersion]
	Func [glx::IsDirect]
	Func [glx::GetConfig]
	Func [glx::GetCurrentContext]
	Func [glx::GetCurrentDrawable]
	Func [glx::WaitGL]
	Func [glx::WaitX]
	Func [glx::UseXFont]
	Func [glx::QueryExtensionsString]
	Func [glx::QueryServerString]
	Func [glx::GetClientString]
	Func [glx::GetCurrentDisplay]
	Func [glx::GetFBConfigs]
	Func [glx::ChooseFBConfig]
	Func [glx::GetFBConfigAttrib]
	Func [glx::GetVisualFromFBConfig]
	Func [glx::CreateWindow]
	Func [glx::DestroyWindow]
	Func [glx::CreatePixmap]
	Func [glx::DestroyPixmap]
	Func [glx::CreatePbuffer]
	Func [glx::DestroyPbuffer]
	Func [glx::QueryDrawable]
	Func [glx::CreateNewContext]
	Func [glx::MakeContextCurrent]
	Func [glx::GetCurrentReadDrawable]
	Func [glx::QueryContext]
	Func [glx::SelectEvent]
	Func [glx::GetSelectedEvent]

# 1.4
	Enum [glx::PbufferClobber]
	Enum [glx::BufferSwapComplete]
	Enum [glx::BAD_SCREEN]
	Enum [glx::USE_GL]
	Enum [glx::BAD_ATTRIBUTE]
	Enum [glx::BUFFER_SIZE]
	Enum [glx::NO_EXTENSION]
	Enum [glx::LEVEL]
	Enum [glx::BAD_VISUAL]
	Enum [glx::RGBA]
	Enum [glx::BAD_CONTEXT]
	Enum [glx::DOUBLEBUFFER]
	Enum [glx::BAD_VALUE]
	Enum [glx::STEREO]
	Enum [glx::BAD_ENUM]
	Enum [glx::AUX_BUFFERS]
	Enum [glx::RED_SIZE]
	Enum [glx::GREEN_SIZE]
	Enum [glx::BLUE_SIZE]
	Enum [glx::ALPHA_SIZE]
	Enum [glx::DEPTH_SIZE]
	Enum [glx::STENCIL_SIZE]
	Enum [glx::ACCUM_RED_SIZE]
	Enum [glx::ACCUM_GREEN_SIZE]
	Enum [glx::ACCUM_BLUE_SIZE]
	Enum [glx::NUMBER_EVENTS]
	Enum [glx::ACCUM_ALPHA_SIZE]
	Enum [glx::VENDOR]
	Enum [glx::VERSION]
	Enum [glx::EXTENSIONS]
	Enum [glx::WINDOW_BIT]
	Enum [glx::RGBA_BIT]
	Enum [glx::FRONT_LEFT_BUFFER_BIT]
	Enum [glx::PIXMAP_BIT]
	Enum [glx::COLOR_INDEX_BIT]
	Enum [glx::FRONT_RIGHT_BUFFER_BIT]
	Enum [glx::PBUFFER_BIT]
	Enum [glx::BACK_LEFT_BUFFER_BIT]
	Enum [glx::BACK_RIGHT_BUFFER_BIT]
	Enum [glx::AUX_BUFFERS_BIT]
	Enum [glx::DEPTH_BUFFER_BIT]
	Enum [glx::CONFIG_CAVEAT]
	Enum [glx::X_VISUAL_TYPE]
	Enum [glx::TRANSPARENT_TYPE]
	Enum [glx::TRANSPARENT_INDEX_VALUE]
	Enum [glx::TRANSPARENT_RED_VALUE]
	Enum [glx::TRANSPARENT_GREEN_VALUE]
	Enum [glx::TRANSPARENT_BLUE_VALUE]
	Enum [glx::TRANSPARENT_ALPHA_VALUE]
	Enum [glx::STENCIL_BUFFER_BIT]
	Enum [glx::ACCUM_BUFFER_BIT]
	Enum [glx::NONE]
	Enum [glx::SLOW_CONFIG]
	Enum [glx::TRUE_COLOR]
	Enum [glx::DIRECT_COLOR]
	Enum [glx::PSEUDO_COLOR]
	Enum [glx::STATIC_COLOR]
	Enum [glx::GRAY_SCALE]
	Enum [glx::STATIC_GRAY]
	Enum [glx::TRANSPARENT_RGB]
	Enum [glx::TRANSPARENT_INDEX]
	Enum [glx::VISUAL_ID]
	Enum [glx::SCREEN]
	Enum [glx::NON_CONFORMANT_CONFIG]
	Enum [glx::DRAWABLE_TYPE]
	Enum [glx::RENDER_TYPE]
	Enum [glx::X_RENDERABLE]
	Enum [glx::FBCONFIG_ID]
	Enum [glx::RGBA_TYPE]
	Enum [glx::COLOR_INDEX_TYPE]
	Enum [glx::MAX_PBUFFER_WIDTH]
	Enum [glx::MAX_PBUFFER_HEIGHT]
	Enum [glx::MAX_PBUFFER_PIXELS]
	Enum [glx::PRESERVED_CONTENTS]
	Enum [glx::LARGEST_PBUFFER]
	Enum [glx::WIDTH]
	Enum [glx::HEIGHT]
	Enum [glx::EVENT_MASK]
	Enum [glx::DAMAGED]
	Enum [glx::SAVED]
	Enum [glx::WINDOW]
	Enum [glx::PBUFFER]
	Enum [glx::PBUFFER_HEIGHT]
	Enum [glx::PBUFFER_WIDTH]
	Enum [glx::PBUFFER_CLOBBER_MASK]
	Enum [glx::DONT_CARE]
	Enum [glx::SAMPLE_BUFFERS]
	Enum [glx::SAMPLES]
	Func [glx::ChooseVisual]
	Func [glx::CreateContext]
	Func [glx::DestroyContext]
	Func [glx::MakeCurrent]
	Func [glx::CopyContext]
	Func [glx::SwapBuffers]
	Func [glx::CreateGLXPixmap]
	Func [glx::DestroyGLXPixmap]
	Func [glx::QueryExtension]
	Func [glx::QueryVersion]
	Func [glx::IsDirect]
	Func [glx::GetConfig]
	Func [glx::GetCurrentContext]
	Func [glx::GetCurrentDrawable]
	Func [glx::WaitGL]
	Func [glx::WaitX]
	Func [glx::UseXFont]
	Func [glx::QueryExtensionsString]
	Func [glx::QueryServerString]
	Func [glx::GetClientString]
	Func [glx::GetCurrentDisplay]
	Func [glx::GetFBConfigs]
	Func [glx::ChooseFBConfig]
	Func [glx::GetFBConfigAttrib]
	Func [glx::GetVisualFromFBConfig]
	Func [glx::CreateWindow]
	Func [glx::DestroyWindow]
	Func [glx::CreatePixmap]
	Func [glx::DestroyPixmap]
	Func [glx::CreatePbuffer]
	Func [glx::DestroyPbuffer]
	Func [glx::QueryDrawable]
	Func [glx::CreateNewContext]
	Func [glx::MakeContextCurrent]
	Func [glx::GetCurrentReadDrawable]
	Func [glx::QueryContext]
	Func [glx::SelectEvent]
	Func [glx::GetSelectedEvent]
	Func [glx::GetProcAddress]


