


# 1.0
	Enum [wgl::FONT_LINES]
	Enum [wgl::FONT_POLYGONS]
	Enum [wgl::SWAP_MAIN_PLANE]
	Enum [wgl::SWAP_OVERLAY1]
	Enum [wgl::SWAP_OVERLAY2]
	Enum [wgl::SWAP_OVERLAY3]
	Enum [wgl::SWAP_OVERLAY4]
	Enum [wgl::SWAP_OVERLAY5]
	Enum [wgl::SWAP_OVERLAY6]
	Enum [wgl::SWAP_OVERLAY7]
	Enum [wgl::SWAP_OVERLAY8]
	Enum [wgl::SWAP_OVERLAY9]
	Enum [wgl::SWAP_OVERLAY10]
	Enum [wgl::SWAP_OVERLAY11]
	Enum [wgl::SWAP_OVERLAY12]
	Enum [wgl::SWAP_OVERLAY13]
	Enum [wgl::SWAP_OVERLAY14]
	Enum [wgl::SWAP_OVERLAY15]
	Enum [wgl::SWAP_UNDERLAY1]
	Enum [wgl::SWAP_UNDERLAY2]
	Enum [wgl::SWAP_UNDERLAY3]
	Enum [wgl::SWAP_UNDERLAY4]
	Enum [wgl::SWAP_UNDERLAY5]
	Enum [wgl::SWAP_UNDERLAY6]
	Enum [wgl::SWAP_UNDERLAY7]
	Enum [wgl::SWAP_UNDERLAY8]
	Enum [wgl::SWAP_UNDERLAY9]
	Enum [wgl::SWAP_UNDERLAY10]
	Enum [wgl::SWAP_UNDERLAY11]
	Enum [wgl::SWAP_UNDERLAY12]
	Enum [wgl::SWAP_UNDERLAY13]
	Enum [wgl::SWAP_UNDERLAY14]
	Enum [wgl::SWAP_UNDERLAY15]
	Func [wgl::CopyContext]
	Func [wgl::CreateContext]
	Func [wgl::CreateLayerContext]
	Func [wgl::DeleteContext]
	Func [wgl::DescribeLayerPlane]
	Func [wgl::GetCurrentContext]
	Func [wgl::GetCurrentDC]
	Func [wgl::GetLayerPaletteEntries]
	Func [wgl::GetProcAddress]
	Func [wgl::MakeCurrent]
	Func [wgl::RealizeLayerPalette]
	Func [wgl::SetLayerPaletteEntries]
	Func [wgl::ShareLists]
	Func [wgl::SwapLayerBuffers]
	Func [wgl::UseFontBitmaps]
	Func [wgl::UseFontBitmapsA]
	Func [wgl::UseFontBitmapsW]
	Func [wgl::UseFontOutlines]
	Func [wgl::UseFontOutlinesA]
	Func [wgl::UseFontOutlinesW]


