OpenCLABCInternalException
EventRetainReleaseData
EventDebug
QueueDebug
WaitDebug
PlatformProperties
DeviceProperties
ContextProperties
ProgramCodeProperties
KernelProperties
MemorySegmentProperties
MemorySubSegmentProperties
CLArrayProperties
Context.MakeNewDefaultContext
Context.CheckMainDevice(Device, IList<Device>)
Context.GetContextDevices(cl_context)
CommandQueue<T>.(T)
CommandQueue<T>.Val
CommandQueueBase.ThenConvert<TOtp>(()->TOtp)
CommandQueueBase.ThenConvert<TOtp>(Context->TOtp)
CommandQueueBase.Create
CommandQueueBase.SendSignal
DetachedMarkerSignal<T>
CommandQueueBase.ThenMarkerSignal
CommandQueueBase.ThenFinallyMarkerSignal
CommandQueueBase.ThenWaitFor(WaitMarker)
CommandQueueBase.ThenFinallyWaitFor(WaitMarker)
CommandQueue<T>.ThenMarkerSignal
CommandQueue<T>.ThenFinallyMarkerSignal
CommandQueue<T>.ThenWaitFor(WaitMarker)
CommandQueue<T>.ThenFinallyWaitFor(WaitMarker)
KernelCCQ.AddWait(WaitMarker)
MemorySegmentCCQ.AddWait(WaitMarker)
CLArrayCCQ<T>.AddWait(WaitMarker)
WaitAll(sequence of WaitMarker)
WaitAny(sequence of WaitMarker)
WaitFor(WaitMarker)
