Unable to merge Enum [cl::DEVICE_PARTITION_FAILED + EXT] => Enum [cl::DEVICE_PARTITION_FAILED + /core\]
Unable to merge items: Enum [cl::MEM_RESERVED0 + ARM] Enum [cl::MEM_RESERVED0 + QCOM]
Unable to merge items: Enum [cl::MEM_RESERVED1 + ARM] Enum [cl::MEM_RESERVED1 + QCOM]
Unable to merge items: Enum [cl::MEM_RESERVED2 + ARM] Enum [cl::MEM_RESERVED2 + QCOM]
Unable to merge items: Enum [cl::MEM_RESERVED3 + ARM] Enum [cl::MEM_RESERVED3 + QCOM]
Unable to merge Enum [cl::DEVICE_MAX_WORK_GROUP_SIZE + AMD] => Enum [cl::DEVICE_MAX_WORK_GROUP_SIZE + /core\]
Unable to merge Enum [cl::DEVICE_PARENT_DEVICE + EXT] => Enum [cl::DEVICE_PARENT_DEVICE + /core\]
Unable to merge Enum [cl::DEVICE_REFERENCE_COUNT + EXT] => Enum [cl::DEVICE_REFERENCE_COUNT + /core\]
Unable to merge Enum [cl::DEVICE_SVM_CAPABILITIES + ARM] => Enum [cl::DEVICE_SVM_CAPABILITIES + /core\]
Unable to merge Enum [cl::DEVICE_PARTITION_EQUALLY + EXT] => Enum [cl::DEVICE_PARTITION_EQUALLY + /core\]
Unable to merge Enum [cl::DEVICE_PARTITION_BY_COUNTS + EXT] => Enum [cl::DEVICE_PARTITION_BY_COUNTS + /core\]
Unable to merge Enum [cl::DEVICE_PARTITION_BY_AFFINITY_DOMAIN + EXT] => Enum [cl::DEVICE_PARTITION_BY_AFFINITY_DOMAIN + /core\]
Unable to merge Enum [cl::MEM_USES_SVM_POINTER + ARM] => Enum [cl::MEM_USES_SVM_POINTER + /core\]
Unable to merge Enum [cl::KERNEL_EXEC_INFO_SVM_PTRS + ARM] => Enum [cl::KERNEL_EXEC_INFO_SVM_PTRS + /core\]
Unable to merge Enum [cl::KERNEL_EXEC_INFO_SVM_FINE_GRAIN_SYSTEM + ARM] => Enum [cl::KERNEL_EXEC_INFO_SVM_FINE_GRAIN_SYSTEM + /core\]
Unable to merge Enum [cl::COMMAND_SVM_FREE + ARM] => Enum [cl::COMMAND_SVM_FREE + /core\]
Unable to merge Enum [cl::COMMAND_SVM_MEMCPY + ARM] => Enum [cl::COMMAND_SVM_MEMCPY + /core\]
Unable to merge Enum [cl::COMMAND_SVM_MEMFILL + ARM] => Enum [cl::COMMAND_SVM_MEMFILL + /core\]
Unable to merge Enum [cl::COMMAND_SVM_MAP + ARM] => Enum [cl::COMMAND_SVM_MAP + /core\]
Unable to merge Enum [cl::COMMAND_SVM_UNMAP + ARM] => Enum [cl::COMMAND_SVM_UNMAP + /core\]
Unable to merge items: Enum [cl::MEM_ALLOC_FLAGS + IMG] Enum [cl::MEM_ALLOC_FLAGS + INTEL]
No castable_to in common: [BasicType [uint64_t]] vs [BasicType [intptr_t]]
Unable to merge Group [cl::DevicePartitionProperty + ext] => Group [cl::DevicePartitionProperty + /core\]
No enums in common
Unable to merge items: Group [cl::MemAllocFlags + img] Group [cl::MemAllocFlags + intel]
No enums in common
Unable to merge Group [cl::MemProperties + intel] => Group [cl::MemProperties + /core\]
No enums in common
Unable to merge Group [cl::MemInfo + intel] => Group [cl::MemInfo + /core\]
No enums in common
Unable to merge Group [cl::KernelExecInfo + arm] => Group [cl::KernelExecInfo + /core\]
Different param#3
Unable to merge Func [cl::CreateCommandQueueWithProperties + KHR] => Func [cl::CreateCommandQueueWithProperties + /core\]
Different param#2
Unable to merge Func [cl::CreateSubDevices + EXT] => Func [cl::CreateSubDevices + /core\]
Different param#2
Unable to merge Func [cl::SVMAlloc + ARM] => Func [cl::SVMAlloc + /core\]
Different param#2
Unable to merge Func [cl::SetKernelExecInfo + ARM] => Func [cl::SetKernelExecInfo + /core\]
Different param#2
Unable to merge Func [cl::CreateBufferWithProperties + INTEL] => Func [cl::CreateBufferWithProperties + /core\]
