Enum [cl::VERSION_MAJOR_BITS + KHR] => Enum [cl::VERSION_MAJOR_BITS + /core\]
Enum [cl::VERSION_MINOR_BITS + KHR] => Enum [cl::VERSION_MINOR_BITS + /core\]
Enum [cl::VERSION_PATCH_BITS + KHR] => Enum [cl::VERSION_PATCH_BITS + /core\]
Enum [cl::NAME_VERSION_MAX_NAME_SIZE + KHR] => Enum [cl::NAME_VERSION_MAX_NAME_SIZE + /core\]
Enum [cl::PARTITION_BY_NAMES_LIST_END + EXT] => Enum [cl::PARTITION_BY_NAMES_LIST_END + /core\]
Enum [cl::PARTITION_BY_NAMES_LIST_END + INTEL] => Enum [cl::PARTITION_BY_NAMES_LIST_END + /core\]
Enum [cl::DEVICE_SVM_COARSE_GRAIN_BUFFER + ARM] => Enum [cl::DEVICE_SVM_COARSE_GRAIN_BUFFER + /core\]
Enum [cl::DEVICE_SVM_FINE_GRAIN_BUFFER + ARM] => Enum [cl::DEVICE_SVM_FINE_GRAIN_BUFFER + /core\]
Enum [cl::DEVICE_SVM_FINE_GRAIN_SYSTEM + ARM] => Enum [cl::DEVICE_SVM_FINE_GRAIN_SYSTEM + /core\]
Enum [cl::DEVICE_SVM_ATOMICS + ARM] => Enum [cl::DEVICE_SVM_ATOMICS + /core\]
Enum [cl::MEM_SVM_FINE_GRAIN_BUFFER + ARM] => Enum [cl::MEM_SVM_FINE_GRAIN_BUFFER + /core\]
Enum [cl::MEM_SVM_ATOMICS + ARM] => Enum [cl::MEM_SVM_ATOMICS + /core\]
Enum [cl::MIGRATE_MEM_OBJECT_HOST + EXT] => Enum [cl::MIGRATE_MEM_OBJECT_HOST + /core\]
Enum [cl::PLATFORM_NUMERIC_VERSION + KHR] => Enum [cl::PLATFORM_NUMERIC_VERSION + /core\]
Enum [cl::PLATFORM_EXTENSIONS_WITH_VERSION + KHR] => Enum [cl::PLATFORM_EXTENSIONS_WITH_VERSION + /core\]
Enum [cl::DEVICE_IMAGE_PITCH_ALIGNMENT + KHR] => Enum [cl::DEVICE_IMAGE_PITCH_ALIGNMENT + /core\]
Enum [cl::DEVICE_IMAGE_BASE_ADDRESS_ALIGNMENT + KHR] => Enum [cl::DEVICE_IMAGE_BASE_ADDRESS_ALIGNMENT + /core\]
Enum [cl::DEVICE_IL_VERSION + KHR] => Enum [cl::DEVICE_IL_VERSION + /core\]
Enum [cl::DEVICE_NUMERIC_VERSION + KHR] => Enum [cl::DEVICE_NUMERIC_VERSION + /core\]
Enum [cl::DEVICE_EXTENSIONS_WITH_VERSION + KHR] => Enum [cl::DEVICE_EXTENSIONS_WITH_VERSION + /core\]
Enum [cl::DEVICE_ILS_WITH_VERSION + KHR] => Enum [cl::DEVICE_ILS_WITH_VERSION + /core\]
Enum [cl::DEVICE_BUILT_IN_KERNELS_WITH_VERSION + KHR] => Enum [cl::DEVICE_BUILT_IN_KERNELS_WITH_VERSION + /core\]
Enum [cl::SAMPLER_MIP_FILTER_MODE + KHR] => Enum [cl::SAMPLER_MIP_FILTER_MODE + /core\]
Enum [cl::SAMPLER_LOD_MIN + KHR] => Enum [cl::SAMPLER_LOD_MIN + /core\]
Enum [cl::SAMPLER_LOD_MAX + KHR] => Enum [cl::SAMPLER_LOD_MAX + /core\]
Enum [cl::PROGRAM_IL + KHR] => Enum [cl::PROGRAM_IL + /core\]
Enum [cl::KERNEL_MAX_SUB_GROUP_SIZE_FOR_NDRANGE + KHR] => Enum [cl::KERNEL_MAX_SUB_GROUP_SIZE_FOR_NDRANGE + /core\]
Enum [cl::KERNEL_SUB_GROUP_COUNT_FOR_NDRANGE + KHR] => Enum [cl::KERNEL_SUB_GROUP_COUNT_FOR_NDRANGE + /core\]
Enum [cl::DEVICE_PARTITION_BY_NAMES + EXT] => Enum [cl::DEVICE_PARTITION_BY_NAMES + /core\]
Enum [cl::DEVICE_PARTITION_BY_NAMES + INTEL] => Enum [cl::DEVICE_PARTITION_BY_NAMES + /core\]
Enum [cl::NV21 + IMG] => Enum [cl::NV21 + /core\]
Enum [cl::YV12 + IMG] => Enum [cl::YV12 + /core\]
Group [cl::DeviceSvmCapabilities + arm] => Group [cl::DeviceSvmCapabilities + /core\]
Group [cl::SvmMemFlags + arm] => Group [cl::SvmMemFlags + /core\]
Group [cl::MemMigrationFlags + ext] => Group [cl::MemMigrationFlags + /core\]
Struct [cl::name_version + khr] => Struct [cl::name_version + /core\]
Func [cl::CreateProgramWithIL + KHR] => Func [cl::CreateProgramWithIL + /core\]
Func [cl::ReleaseDevice + EXT] => Func [cl::ReleaseDevice + /core\]
Func [cl::RetainDevice + EXT] => Func [cl::RetainDevice + /core\]
Func [cl::GetKernelSubGroupInfo + KHR] => Func [cl::GetKernelSubGroupInfo + /core\]
Func [cl::SVMFree + ARM] => Func [cl::SVMFree + /core\]
Func [cl::EnqueueSVMFree + ARM] => Func [cl::EnqueueSVMFree + /core\]
Func [cl::EnqueueSVMMemcpy + ARM] => Func [cl::EnqueueSVMMemcpy + /core\]
Func [cl::EnqueueSVMMemFill + ARM] => Func [cl::EnqueueSVMMemFill + /core\]
Func [cl::EnqueueSVMMap + ARM] => Func [cl::EnqueueSVMMap + /core\]
Func [cl::EnqueueSVMUnmap + ARM] => Func [cl::EnqueueSVMUnmap + /core\]
Func [cl::SetKernelArgSVMPointer + ARM] => Func [cl::SetKernelArgSVMPointer + /core\]
